#
# There is insufficient memory for the Java Runtime Environment to continue.
# Native memory allocation (malloc) failed to allocate 1726416 bytes for Chunk::new
# Possible reasons:
#   The system is out of physical RAM or swap space
#   The process is running with CompressedOops enabled, and the Java Heap may be blocking the growth of the native heap
# Possible solutions:
#   Reduce memory load on the system
#   Increase physical memory or swap space
#   Check if swap backing store is full
#   Decrease Java heap size (-Xmx/-Xms)
#   Decrease number of Java threads
#   Decrease Java thread stack sizes (-Xss)
#   Set larger code cache with -XX:ReservedCodeCacheSize=
#   JVM is running with Unscaled Compressed Oops mode in which the Java heap is
#     placed in the first 4GB address space. The Java Heap base address is the
#     maximum limit for the native heap growth. Please use -XX:HeapBaseMinAddress
#     to set the Java Heap base and to place the Java Heap above 4GB virtual address.
# This output file may be truncated or incomplete.
#
#  Out of Memory Error (./src/hotspot/share/memory/arena.cpp:197), pid=13756, tid=15600
#
# JRE version: OpenJDK Runtime Environment Corretto-11.0.13.8.1 (11.0.13+8) (build 11.0.13+8-LTS)
# Java VM: OpenJDK 64-Bit Server VM Corretto-11.0.13.8.1 (11.0.13+8-LTS, mixed mode, tiered, compressed oops, g1 gc, windows-amd64)
# No core dump will be written. Minidumps are not enabled by default on client versions of Windows
#

---------------  S U M M A R Y ------------

Command Line: --add-opens=java.base/java.util=ALL-UNNAMED --add-opens=java.base/java.lang=ALL-UNNAMED --add-opens=java.base/java.lang.invoke=ALL-UNNAMED --add-opens=java.prefs/java.util.prefs=ALL-UNNAMED -Xmx2048m -Dfile.encoding=UTF-8 -Duser.country=RU -Duser.language=ru -Duser.variant org.gradle.launcher.daemon.bootstrap.GradleDaemon 6.5

Host: Intel(R) Core(TM) i5-2540M CPU @ 2.60GHz, 4 cores, 7G,  Windows 10 , 64 bit Build 19041 (10.0.19041.1466)
Time: Tue Jan 25 21:10:22 2022 Саратов (зима) elapsed time: 15.330710 seconds (0d 0h 0m 15s)

---------------  T H R E A D  ---------------

Current thread (0x00000173e3779000):  JavaThread "C2 CompilerThread0" daemon [_thread_in_native, id=15600, stack(0x0000003af7d00000,0x0000003af7e00000)]


Current CompileTask:
C2:  15330 2412   !   4       java.net.URL::<init> (543 bytes)

Stack: [0x0000003af7d00000,0x0000003af7e00000]
Native frames: (J=compiled Java code, j=interpreted, Vv=VM code, C=native code)
V  [jvm.dll+0x61ccaa]
V  [jvm.dll+0x7a9839]
V  [jvm.dll+0x7aaeff]
V  [jvm.dll+0x7ab5d3]
V  [jvm.dll+0x24f5d8]
V  [jvm.dll+0xc260c]
V  [jvm.dll+0xc2bcc]
V  [jvm.dll+0x358187]
V  [jvm.dll+0x3255a3]
V  [jvm.dll+0x3248da]
V  [jvm.dll+0x2089b5]
V  [jvm.dll+0x207b9d]
V  [jvm.dll+0x18a021]
V  [jvm.dll+0x217369]
V  [jvm.dll+0x21555b]
V  [jvm.dll+0x76c2f0]
V  [jvm.dll+0x765274]
V  [jvm.dll+0x61bb46]
C  [ucrtbase.dll+0x21bb2]
C  [KERNEL32.DLL+0x17034]
C  [ntdll.dll+0x52651]


---------------  P R O C E S S  ---------------

Threads class SMR info:
_java_thread_list=0x00000173e6d38a90, length=28, elements={
0x00000173c4744800, 0x00000173e2f3c000, 0x00000173e2f3d000, 0x00000173e3774000,
0x00000173e3775000, 0x00000173e3778000, 0x00000173e3779000, 0x00000173e377b800,
0x00000173e3829800, 0x00000173e392c000, 0x00000173e5217800, 0x00000173e4ccd800,
0x00000173e4eb6800, 0x00000173e4afd800, 0x00000173e51ab800, 0x00000173e46cf000,
0x00000173e46d0000, 0x00000173e4586000, 0x00000173e4587000, 0x00000173e458b800,
0x00000173e52f8000, 0x00000173e52f6800, 0x00000173e52f3000, 0x00000173e52f2800,
0x00000173e52f7000, 0x00000173e52f9000, 0x00000173e52f4000, 0x00000173e52f5000
}

Java Threads: ( => current thread )
  0x00000173c4744800 JavaThread "main" [_thread_blocked, id=11600, stack(0x0000003af7100000,0x0000003af7200000)]
  0x00000173e2f3c000 JavaThread "Reference Handler" daemon [_thread_blocked, id=14804, stack(0x0000003af7800000,0x0000003af7900000)]
  0x00000173e2f3d000 JavaThread "Finalizer" daemon [_thread_blocked, id=15680, stack(0x0000003af7900000,0x0000003af7a00000)]
  0x00000173e3774000 JavaThread "Signal Dispatcher" daemon [_thread_blocked, id=9104, stack(0x0000003af7a00000,0x0000003af7b00000)]
  0x00000173e3775000 JavaThread "Attach Listener" daemon [_thread_blocked, id=8896, stack(0x0000003af7b00000,0x0000003af7c00000)]
  0x00000173e3778000 JavaThread "Service Thread" daemon [_thread_blocked, id=2804, stack(0x0000003af7c00000,0x0000003af7d00000)]
=>0x00000173e3779000 JavaThread "C2 CompilerThread0" daemon [_thread_in_native, id=15600, stack(0x0000003af7d00000,0x0000003af7e00000)]
  0x00000173e377b800 JavaThread "C1 CompilerThread0" daemon [_thread_blocked, id=15596, stack(0x0000003af7e00000,0x0000003af7f00000)]
  0x00000173e3829800 JavaThread "Sweeper thread" daemon [_thread_blocked, id=15576, stack(0x0000003af7f00000,0x0000003af8000000)]
  0x00000173e392c000 JavaThread "Common-Cleaner" daemon [_thread_blocked, id=3192, stack(0x0000003af8000000,0x0000003af8100000)]
  0x00000173e5217800 JavaThread "Daemon health stats" [_thread_blocked, id=12296, stack(0x0000003af8400000,0x0000003af8500000)]
  0x00000173e4ccd800 JavaThread "Incoming local TCP Connector on port 55140" [_thread_in_native, id=912, stack(0x0000003af8700000,0x0000003af8800000)]
  0x00000173e4eb6800 JavaThread "Daemon periodic checks" [_thread_blocked, id=15408, stack(0x0000003af8800000,0x0000003af8900000)]
  0x00000173e4afd800 JavaThread "Daemon" [_thread_blocked, id=15384, stack(0x0000003af8900000,0x0000003af8a00000)]
  0x00000173e51ab800 JavaThread "Handler for socket connection from /127.0.0.1:55140 to /127.0.0.1:55142" [_thread_in_native, id=7892, stack(0x0000003af8a00000,0x0000003af8b00000)]
  0x00000173e46cf000 JavaThread "Cancel handler" [_thread_blocked, id=15964, stack(0x0000003af8b00000,0x0000003af8c00000)]
  0x00000173e46d0000 JavaThread "Daemon worker" [_thread_in_vm, id=14580, stack(0x0000003af8c00000,0x0000003af8d00000)]
  0x00000173e4586000 JavaThread "Asynchronous log dispatcher for DefaultDaemonConnection: socket connection from /127.0.0.1:55140 to /127.0.0.1:55142" [_thread_blocked, id=7872, stack(0x0000003af8d00000,0x0000003af8e00000)]
  0x00000173e4587000 JavaThread "Stdin handler" [_thread_blocked, id=10704, stack(0x0000003af8e00000,0x0000003af8f00000)]
  0x00000173e458b800 JavaThread "Thread-8" [_thread_blocked, id=15688, stack(0x0000003af8f00000,0x0000003af9000000)]
  0x00000173e52f8000 JavaThread "Cache worker for journal cache (C:\Users\Alexandr\.gradle\caches\journal-1)" [_thread_blocked, id=16372, stack(0x0000003af9100000,0x0000003af9200000)]
  0x00000173e52f6800 JavaThread "File lock request listener" [_thread_in_native, id=14112, stack(0x0000003af9200000,0x0000003af9300000)]
  0x00000173e52f3000 JavaThread "Cache worker for file hash cache (C:\Users\Alexandr\.gradle\caches\6.5\fileHashes)" [_thread_blocked, id=4288, stack(0x0000003af9300000,0x0000003af9400000)]
  0x00000173e52f2800 JavaThread "Cache worker for file hash cache (D:\IT\Git\doct24_android\.gradle\6.5\fileHashes)" [_thread_blocked, id=14888, stack(0x0000003af9400000,0x0000003af9500000)]
  0x00000173e52f7000 JavaThread "Cache worker for checksums cache (D:\IT\Git\doct24_android\.gradle\checksums)" [_thread_blocked, id=13296, stack(0x0000003af9500000,0x0000003af9600000)]
  0x00000173e52f9000 JavaThread "Cache worker for cache directory md-supplier (C:\Users\Alexandr\.gradle\caches\6.5\md-supplier)" [_thread_blocked, id=10880, stack(0x0000003af9600000,0x0000003af9700000)]
  0x00000173e52f4000 JavaThread "Cache worker for cache directory md-rule (C:\Users\Alexandr\.gradle\caches\6.5\md-rule)" [_thread_blocked, id=10260, stack(0x0000003af9700000,0x0000003af9800000)]
  0x00000173e52f5000 JavaThread "Cache worker for execution history cache (C:\Users\Alexandr\.gradle\caches\6.5\executionHistory)" [_thread_blocked, id=2548, stack(0x0000003af9800000,0x0000003af9900000)]

Other Threads:
  0x00000173e2f39000 VMThread "VM Thread" [stack: 0x0000003af7700000,0x0000003af7800000] [id=10632]
  0x00000173e3936000 WatcherThread [stack: 0x0000003af8100000,0x0000003af8200000] [id=15592]
  0x00000173c475b800 GCTaskThread "GC Thread#0" [stack: 0x0000003af7200000,0x0000003af7300000] [id=15644]
  0x00000173e3c76800 GCTaskThread "GC Thread#1" [stack: 0x0000003af8200000,0x0000003af8300000] [id=15388]
  0x00000173e3e0f000 GCTaskThread "GC Thread#2" [stack: 0x0000003af8300000,0x0000003af8400000] [id=15400]
  0x00000173e47d2000 GCTaskThread "GC Thread#3" [stack: 0x0000003af9000000,0x0000003af9100000] [id=16344]
  0x00000173c478f000 ConcurrentGCThread "G1 Main Marker" [stack: 0x0000003af7300000,0x0000003af7400000] [id=5700]
  0x00000173c4790000 ConcurrentGCThread "G1 Conc#0" [stack: 0x0000003af7400000,0x0000003af7500000] [id=15640]
  0x00000173e2d9f800 ConcurrentGCThread "G1 Refine#0" [stack: 0x0000003af7500000,0x0000003af7600000] [id=4388]
  0x00000173e2da2000 ConcurrentGCThread "G1 Young RemSet Sampling" [stack: 0x0000003af7600000,0x0000003af7700000] [id=13848]

Threads with active compile tasks:
C2 CompilerThread0  15447 2412   !   4       java.net.URL::<init> (543 bytes)

VM state:not at safepoint (normal execution)

VM Mutex/Monitor currently owned by a thread: None

Heap address: 0x0000000080000000, size: 2048 MB, Compressed Oops mode: 32-bit
Narrow klass base: 0x0000000000000000, Narrow klass shift: 3
Compressed class space size: 1073741824 Address: 0x0000000100000000

Heap:
 garbage-first heap   total 129024K, used 41532K [0x0000000080000000, 0x0000000100000000)
  region size 1024K, 29 young (29696K), 5 survivors (5120K)
 Metaspace       used 28866K, capacity 29511K, committed 29564K, reserved 1075200K
  class space    used 3701K, capacity 3920K, committed 3968K, reserved 1048576K
Heap Regions: E=young(eden), S=young(survivor), O=old, HS=humongous(starts), HC=humongous(continues), CS=collection set, F=free, A=archive, TAMS=top-at-mark-start (previous, next)
|   0|0x0000000080000000, 0x0000000080100000, 0x0000000080100000|100%| O|  |TAMS 0x0000000080100000, 0x0000000080000000| Untracked 
|   1|0x0000000080100000, 0x0000000080200000, 0x0000000080200000|100%| O|  |TAMS 0x0000000080200000, 0x0000000080100000| Untracked 
|   2|0x0000000080200000, 0x0000000080300000, 0x0000000080300000|100%| O|  |TAMS 0x0000000080300000, 0x0000000080200000| Untracked 
|   3|0x0000000080300000, 0x0000000080400000, 0x0000000080400000|100%|HS|  |TAMS 0x0000000080400000, 0x0000000080300000| Complete 
|   4|0x0000000080400000, 0x0000000080500000, 0x0000000080500000|100%|HC|  |TAMS 0x0000000080500000, 0x0000000080400000| Complete 
|   5|0x0000000080500000, 0x0000000080600000, 0x0000000080600000|100%|HC|  |TAMS 0x0000000080600000, 0x0000000080500000| Complete 
|   6|0x0000000080600000, 0x0000000080700000, 0x0000000080700000|100%| O|  |TAMS 0x0000000080700000, 0x0000000080600000| Untracked 
|   7|0x0000000080700000, 0x0000000080800000, 0x0000000080800000|100%| O|  |TAMS 0x0000000080800000, 0x0000000080700000| Untracked 
|   8|0x0000000080800000, 0x0000000080900000, 0x0000000080900000|100%| O|  |TAMS 0x0000000080900000, 0x0000000080800000| Untracked 
|   9|0x0000000080900000, 0x0000000080a00000, 0x0000000080a00000|100%| O|  |TAMS 0x0000000080a00000, 0x0000000080900000| Untracked 
|  10|0x0000000080a00000, 0x0000000080b00000, 0x0000000080b00000|100%| O|  |TAMS 0x0000000080b00000, 0x0000000080a00000| Untracked 
|  11|0x0000000080b00000, 0x0000000080c00000, 0x0000000080c00000|100%| O|  |TAMS 0x0000000080c00000, 0x0000000080b00000| Untracked 
|  12|0x0000000080c00000, 0x0000000080cbbc00, 0x0000000080d00000| 73%| O|  |TAMS 0x0000000080cbbc00, 0x0000000080c00000| Untracked 
|  13|0x0000000080d00000, 0x0000000080d00000, 0x0000000080e00000|  0%| F|  |TAMS 0x0000000080d00000, 0x0000000080d00000| Untracked 
|  14|0x0000000080e00000, 0x0000000080e00000, 0x0000000080f00000|  0%| F|  |TAMS 0x0000000080e00000, 0x0000000080e00000| Untracked 
|  15|0x0000000080f00000, 0x0000000080f00000, 0x0000000081000000|  0%| F|  |TAMS 0x0000000080f00000, 0x0000000080f00000| Untracked 
|  16|0x0000000081000000, 0x0000000081000000, 0x0000000081100000|  0%| F|  |TAMS 0x0000000081000000, 0x0000000081000000| Untracked 
|  17|0x0000000081100000, 0x0000000081100000, 0x0000000081200000|  0%| F|  |TAMS 0x0000000081100000, 0x0000000081100000| Untracked 
|  18|0x0000000081200000, 0x0000000081200000, 0x0000000081300000|  0%| F|  |TAMS 0x0000000081200000, 0x0000000081200000| Untracked 
|  19|0x0000000081300000, 0x0000000081300000, 0x0000000081400000|  0%| F|  |TAMS 0x0000000081300000, 0x0000000081300000| Untracked 
|  20|0x0000000081400000, 0x0000000081400000, 0x0000000081500000|  0%| F|  |TAMS 0x0000000081400000, 0x0000000081400000| Untracked 
|  21|0x0000000081500000, 0x0000000081500000, 0x0000000081600000|  0%| F|  |TAMS 0x0000000081500000, 0x0000000081500000| Untracked 
|  22|0x0000000081600000, 0x0000000081600000, 0x0000000081700000|  0%| F|  |TAMS 0x0000000081600000, 0x0000000081600000| Untracked 
|  23|0x0000000081700000, 0x0000000081700000, 0x0000000081800000|  0%| F|  |TAMS 0x0000000081700000, 0x0000000081700000| Untracked 
|  24|0x0000000081800000, 0x0000000081800000, 0x0000000081900000|  0%| F|  |TAMS 0x0000000081800000, 0x0000000081800000| Untracked 
|  25|0x0000000081900000, 0x0000000081900000, 0x0000000081a00000|  0%| F|  |TAMS 0x0000000081900000, 0x0000000081900000| Untracked 
|  26|0x0000000081a00000, 0x0000000081a00000, 0x0000000081b00000|  0%| F|  |TAMS 0x0000000081a00000, 0x0000000081a00000| Untracked 
|  27|0x0000000081b00000, 0x0000000081b00000, 0x0000000081c00000|  0%| F|  |TAMS 0x0000000081b00000, 0x0000000081b00000| Untracked 
|  28|0x0000000081c00000, 0x0000000081c00000, 0x0000000081d00000|  0%| F|  |TAMS 0x0000000081c00000, 0x0000000081c00000| Untracked 
|  29|0x0000000081d00000, 0x0000000081d00000, 0x0000000081e00000|  0%| F|  |TAMS 0x0000000081d00000, 0x0000000081d00000| Untracked 
|  30|0x0000000081e00000, 0x0000000081e00000, 0x0000000081f00000|  0%| F|  |TAMS 0x0000000081e00000, 0x0000000081e00000| Untracked 
|  31|0x0000000081f00000, 0x0000000081f00000, 0x0000000082000000|  0%| F|  |TAMS 0x0000000081f00000, 0x0000000081f00000| Untracked 
|  32|0x0000000082000000, 0x0000000082000000, 0x0000000082100000|  0%| F|  |TAMS 0x0000000082000000, 0x0000000082000000| Untracked 
|  33|0x0000000082100000, 0x0000000082100000, 0x0000000082200000|  0%| F|  |TAMS 0x0000000082100000, 0x0000000082100000| Untracked 
|  34|0x0000000082200000, 0x0000000082200000, 0x0000000082300000|  0%| F|  |TAMS 0x0000000082200000, 0x0000000082200000| Untracked 
|  35|0x0000000082300000, 0x0000000082300000, 0x0000000082400000|  0%| F|  |TAMS 0x0000000082300000, 0x0000000082300000| Untracked 
|  36|0x0000000082400000, 0x0000000082400000, 0x0000000082500000|  0%| F|  |TAMS 0x0000000082400000, 0x0000000082400000| Untracked 
|  37|0x0000000082500000, 0x0000000082500000, 0x0000000082600000|  0%| F|  |TAMS 0x0000000082500000, 0x0000000082500000| Untracked 
|  38|0x0000000082600000, 0x0000000082600000, 0x0000000082700000|  0%| F|  |TAMS 0x0000000082600000, 0x0000000082600000| Untracked 
|  39|0x0000000082700000, 0x0000000082700000, 0x0000000082800000|  0%| F|  |TAMS 0x0000000082700000, 0x0000000082700000| Untracked 
|  40|0x0000000082800000, 0x0000000082800000, 0x0000000082900000|  0%| F|  |TAMS 0x0000000082800000, 0x0000000082800000| Untracked 
|  41|0x0000000082900000, 0x0000000082900000, 0x0000000082a00000|  0%| F|  |TAMS 0x0000000082900000, 0x0000000082900000| Untracked 
|  42|0x0000000082a00000, 0x0000000082a00000, 0x0000000082b00000|  0%| F|  |TAMS 0x0000000082a00000, 0x0000000082a00000| Untracked 
|  43|0x0000000082b00000, 0x0000000082b00000, 0x0000000082c00000|  0%| F|  |TAMS 0x0000000082b00000, 0x0000000082b00000| Untracked 
|  44|0x0000000082c00000, 0x0000000082c00000, 0x0000000082d00000|  0%| F|  |TAMS 0x0000000082c00000, 0x0000000082c00000| Untracked 
|  45|0x0000000082d00000, 0x0000000082d00000, 0x0000000082e00000|  0%| F|  |TAMS 0x0000000082d00000, 0x0000000082d00000| Untracked 
|  46|0x0000000082e00000, 0x0000000082e00000, 0x0000000082f00000|  0%| F|  |TAMS 0x0000000082e00000, 0x0000000082e00000| Untracked 
|  47|0x0000000082f00000, 0x0000000082f00000, 0x0000000083000000|  0%| F|  |TAMS 0x0000000082f00000, 0x0000000082f00000| Untracked 
|  48|0x0000000083000000, 0x0000000083000000, 0x0000000083100000|  0%| F|  |TAMS 0x0000000083000000, 0x0000000083000000| Untracked 
|  49|0x0000000083100000, 0x0000000083100000, 0x0000000083200000|  0%| F|  |TAMS 0x0000000083100000, 0x0000000083100000| Untracked 
|  50|0x0000000083200000, 0x0000000083200000, 0x0000000083300000|  0%| F|  |TAMS 0x0000000083200000, 0x0000000083200000| Untracked 
|  51|0x0000000083300000, 0x0000000083300000, 0x0000000083400000|  0%| F|  |TAMS 0x0000000083300000, 0x0000000083300000| Untracked 
|  52|0x0000000083400000, 0x0000000083400000, 0x0000000083500000|  0%| F|  |TAMS 0x0000000083400000, 0x0000000083400000| Untracked 
|  53|0x0000000083500000, 0x0000000083500000, 0x0000000083600000|  0%| F|  |TAMS 0x0000000083500000, 0x0000000083500000| Untracked 
|  54|0x0000000083600000, 0x0000000083600000, 0x0000000083700000|  0%| F|  |TAMS 0x0000000083600000, 0x0000000083600000| Untracked 
|  55|0x0000000083700000, 0x0000000083700000, 0x0000000083800000|  0%| F|  |TAMS 0x0000000083700000, 0x0000000083700000| Untracked 
|  56|0x0000000083800000, 0x0000000083800000, 0x0000000083900000|  0%| F|  |TAMS 0x0000000083800000, 0x0000000083800000| Untracked 
|  57|0x0000000083900000, 0x0000000083900000, 0x0000000083a00000|  0%| F|  |TAMS 0x0000000083900000, 0x0000000083900000| Untracked 
|  58|0x0000000083a00000, 0x0000000083a00000, 0x0000000083b00000|  0%| F|  |TAMS 0x0000000083a00000, 0x0000000083a00000| Untracked 
|  59|0x0000000083b00000, 0x0000000083b00000, 0x0000000083c00000|  0%| F|  |TAMS 0x0000000083b00000, 0x0000000083b00000| Untracked 
|  60|0x0000000083c00000, 0x0000000083c00000, 0x0000000083d00000|  0%| F|  |TAMS 0x0000000083c00000, 0x0000000083c00000| Untracked 
|  61|0x0000000083d00000, 0x0000000083d00000, 0x0000000083e00000|  0%| F|  |TAMS 0x0000000083d00000, 0x0000000083d00000| Untracked 
|  62|0x0000000083e00000, 0x0000000083e00000, 0x0000000083f00000|  0%| F|  |TAMS 0x0000000083e00000, 0x0000000083e00000| Untracked 
|  63|0x0000000083f00000, 0x0000000083f00000, 0x0000000084000000|  0%| F|  |TAMS 0x0000000083f00000, 0x0000000083f00000| Untracked 
|  64|0x0000000084000000, 0x0000000084000000, 0x0000000084100000|  0%| F|  |TAMS 0x0000000084000000, 0x0000000084000000| Untracked 
|  65|0x0000000084100000, 0x0000000084100000, 0x0000000084200000|  0%| F|  |TAMS 0x0000000084100000, 0x0000000084100000| Untracked 
|  66|0x0000000084200000, 0x0000000084200000, 0x0000000084300000|  0%| F|  |TAMS 0x0000000084200000, 0x0000000084200000| Untracked 
|  67|0x0000000084300000, 0x0000000084300000, 0x0000000084400000|  0%| F|  |TAMS 0x0000000084300000, 0x0000000084300000| Untracked 
|  68|0x0000000084400000, 0x0000000084400000, 0x0000000084500000|  0%| F|  |TAMS 0x0000000084400000, 0x0000000084400000| Untracked 
|  69|0x0000000084500000, 0x0000000084500000, 0x0000000084600000|  0%| F|  |TAMS 0x0000000084500000, 0x0000000084500000| Untracked 
|  70|0x0000000084600000, 0x00000000846d35f0, 0x0000000084700000| 82%| S|CS|TAMS 0x0000000084600000, 0x0000000084600000| Complete 
|  71|0x0000000084700000, 0x0000000084800000, 0x0000000084800000|100%| S|CS|TAMS 0x0000000084700000, 0x0000000084700000| Complete 
|  72|0x0000000084800000, 0x0000000084900000, 0x0000000084900000|100%| S|CS|TAMS 0x0000000084800000, 0x0000000084800000| Complete 
|  73|0x0000000084900000, 0x0000000084a00000, 0x0000000084a00000|100%| S|CS|TAMS 0x0000000084900000, 0x0000000084900000| Complete 
|  74|0x0000000084a00000, 0x0000000084b00000, 0x0000000084b00000|100%| S|CS|TAMS 0x0000000084a00000, 0x0000000084a00000| Complete 
|  75|0x0000000084b00000, 0x0000000084b00000, 0x0000000084c00000|  0%| F|  |TAMS 0x0000000084b00000, 0x0000000084b00000| Untracked 
|  76|0x0000000084c00000, 0x0000000084c00000, 0x0000000084d00000|  0%| F|  |TAMS 0x0000000084c00000, 0x0000000084c00000| Untracked 
|  77|0x0000000084d00000, 0x0000000084d00000, 0x0000000084e00000|  0%| F|  |TAMS 0x0000000084d00000, 0x0000000084d00000| Untracked 
|  78|0x0000000084e00000, 0x0000000084e00000, 0x0000000084f00000|  0%| F|  |TAMS 0x0000000084e00000, 0x0000000084e00000| Untracked 
|  79|0x0000000084f00000, 0x0000000084f00000, 0x0000000085000000|  0%| F|  |TAMS 0x0000000084f00000, 0x0000000084f00000| Untracked 
|  80|0x0000000085000000, 0x0000000085000000, 0x0000000085100000|  0%| F|  |TAMS 0x0000000085000000, 0x0000000085000000| Untracked 
|  81|0x0000000085100000, 0x0000000085100000, 0x0000000085200000|  0%| F|  |TAMS 0x0000000085100000, 0x0000000085100000| Untracked 
|  82|0x0000000085200000, 0x0000000085200000, 0x0000000085300000|  0%| F|  |TAMS 0x0000000085200000, 0x0000000085200000| Untracked 
|  83|0x0000000085300000, 0x0000000085300000, 0x0000000085400000|  0%| F|  |TAMS 0x0000000085300000, 0x0000000085300000| Untracked 
|  84|0x0000000085400000, 0x0000000085400000, 0x0000000085500000|  0%| F|  |TAMS 0x0000000085400000, 0x0000000085400000| Untracked 
|  85|0x0000000085500000, 0x0000000085500000, 0x0000000085600000|  0%| F|  |TAMS 0x0000000085500000, 0x0000000085500000| Untracked 
|  86|0x0000000085600000, 0x0000000085600000, 0x0000000085700000|  0%| F|  |TAMS 0x0000000085600000, 0x0000000085600000| Untracked 
|  87|0x0000000085700000, 0x0000000085700000, 0x0000000085800000|  0%| F|  |TAMS 0x0000000085700000, 0x0000000085700000| Untracked 
|  88|0x0000000085800000, 0x0000000085800000, 0x0000000085900000|  0%| F|  |TAMS 0x0000000085800000, 0x0000000085800000| Untracked 
|  89|0x0000000085900000, 0x0000000085900000, 0x0000000085a00000|  0%| F|  |TAMS 0x0000000085900000, 0x0000000085900000| Untracked 
|  90|0x0000000085a00000, 0x0000000085a00000, 0x0000000085b00000|  0%| F|  |TAMS 0x0000000085a00000, 0x0000000085a00000| Untracked 
|  91|0x0000000085b00000, 0x0000000085b00000, 0x0000000085c00000|  0%| F|  |TAMS 0x0000000085b00000, 0x0000000085b00000| Untracked 
|  92|0x0000000085c00000, 0x0000000085c00000, 0x0000000085d00000|  0%| F|  |TAMS 0x0000000085c00000, 0x0000000085c00000| Untracked 
|  93|0x0000000085d00000, 0x0000000085d00000, 0x0000000085e00000|  0%| F|  |TAMS 0x0000000085d00000, 0x0000000085d00000| Untracked 
|  94|0x0000000085e00000, 0x0000000085e00000, 0x0000000085f00000|  0%| F|  |TAMS 0x0000000085e00000, 0x0000000085e00000| Untracked 
|  95|0x0000000085f00000, 0x0000000085f00000, 0x0000000086000000|  0%| F|  |TAMS 0x0000000085f00000, 0x0000000085f00000| Untracked 
|  96|0x0000000086000000, 0x0000000086000000, 0x0000000086100000|  0%| F|  |TAMS 0x0000000086000000, 0x0000000086000000| Untracked 
|  97|0x0000000086100000, 0x0000000086100000, 0x0000000086200000|  0%| F|  |TAMS 0x0000000086100000, 0x0000000086100000| Untracked 
|  98|0x0000000086200000, 0x0000000086200000, 0x0000000086300000|  0%| F|  |TAMS 0x0000000086200000, 0x0000000086200000| Untracked 
|  99|0x0000000086300000, 0x0000000086300000, 0x0000000086400000|  0%| F|  |TAMS 0x0000000086300000, 0x0000000086300000| Untracked 
| 100|0x0000000086400000, 0x0000000086400000, 0x0000000086500000|  0%| F|  |TAMS 0x0000000086400000, 0x0000000086400000| Untracked 
| 101|0x0000000086500000, 0x0000000086500000, 0x0000000086600000|  0%| F|  |TAMS 0x0000000086500000, 0x0000000086500000| Untracked 
| 102|0x0000000086600000, 0x0000000086700000, 0x0000000086700000|100%| E|  |TAMS 0x0000000086600000, 0x0000000086600000| Complete 
| 103|0x0000000086700000, 0x0000000086800000, 0x0000000086800000|100%| E|CS|TAMS 0x0000000086700000, 0x0000000086700000| Complete 
| 104|0x0000000086800000, 0x0000000086900000, 0x0000000086900000|100%| E|CS|TAMS 0x0000000086800000, 0x0000000086800000| Complete 
| 105|0x0000000086900000, 0x0000000086a00000, 0x0000000086a00000|100%| E|CS|TAMS 0x0000000086900000, 0x0000000086900000| Complete 
| 106|0x0000000086a00000, 0x0000000086b00000, 0x0000000086b00000|100%| E|CS|TAMS 0x0000000086a00000, 0x0000000086a00000| Complete 
| 107|0x0000000086b00000, 0x0000000086c00000, 0x0000000086c00000|100%| E|CS|TAMS 0x0000000086b00000, 0x0000000086b00000| Complete 
| 108|0x0000000086c00000, 0x0000000086d00000, 0x0000000086d00000|100%| E|CS|TAMS 0x0000000086c00000, 0x0000000086c00000| Complete 
| 109|0x0000000086d00000, 0x0000000086e00000, 0x0000000086e00000|100%| E|CS|TAMS 0x0000000086d00000, 0x0000000086d00000| Complete 
| 110|0x0000000086e00000, 0x0000000086f00000, 0x0000000086f00000|100%| E|CS|TAMS 0x0000000086e00000, 0x0000000086e00000| Complete 
| 111|0x0000000086f00000, 0x0000000087000000, 0x0000000087000000|100%| E|CS|TAMS 0x0000000086f00000, 0x0000000086f00000| Complete 
| 112|0x0000000087000000, 0x0000000087100000, 0x0000000087100000|100%| E|CS|TAMS 0x0000000087000000, 0x0000000087000000| Complete 
| 113|0x0000000087100000, 0x0000000087200000, 0x0000000087200000|100%| E|CS|TAMS 0x0000000087100000, 0x0000000087100000| Complete 
| 114|0x0000000087200000, 0x0000000087300000, 0x0000000087300000|100%| E|CS|TAMS 0x0000000087200000, 0x0000000087200000| Complete 
| 115|0x0000000087300000, 0x0000000087400000, 0x0000000087400000|100%| E|CS|TAMS 0x0000000087300000, 0x0000000087300000| Complete 
| 116|0x0000000087400000, 0x0000000087500000, 0x0000000087500000|100%| E|CS|TAMS 0x0000000087400000, 0x0000000087400000| Complete 
| 117|0x0000000087500000, 0x0000000087600000, 0x0000000087600000|100%| E|CS|TAMS 0x0000000087500000, 0x0000000087500000| Complete 
| 118|0x0000000087600000, 0x0000000087700000, 0x0000000087700000|100%| E|CS|TAMS 0x0000000087600000, 0x0000000087600000| Complete 
| 119|0x0000000087700000, 0x0000000087800000, 0x0000000087800000|100%| E|CS|TAMS 0x0000000087700000, 0x0000000087700000| Complete 
| 120|0x0000000087800000, 0x0000000087900000, 0x0000000087900000|100%| E|CS|TAMS 0x0000000087800000, 0x0000000087800000| Complete 
| 121|0x0000000087900000, 0x0000000087a00000, 0x0000000087a00000|100%| E|CS|TAMS 0x0000000087900000, 0x0000000087900000| Complete 
| 122|0x0000000087a00000, 0x0000000087b00000, 0x0000000087b00000|100%| E|CS|TAMS 0x0000000087a00000, 0x0000000087a00000| Complete 
| 123|0x0000000087b00000, 0x0000000087c00000, 0x0000000087c00000|100%| E|CS|TAMS 0x0000000087b00000, 0x0000000087b00000| Complete 
| 124|0x0000000087c00000, 0x0000000087d00000, 0x0000000087d00000|100%| E|CS|TAMS 0x0000000087c00000, 0x0000000087c00000| Complete 
| 125|0x0000000087d00000, 0x0000000087e00000, 0x0000000087e00000|100%| E|CS|TAMS 0x0000000087d00000, 0x0000000087d00000| Complete 

Card table byte_map: [0x00000173dc210000,0x00000173dc610000] _byte_map_base: 0x00000173dbe10000

Marking Bits (Prev, Next): (CMBitMap*) 0x00000173c4785f70, (CMBitMap*) 0x00000173c4785f38
 Prev Bits: [0x00000173dea10000, 0x00000173e0a10000)
 Next Bits: [0x00000173dca10000, 0x00000173dea10000)

Polling page: 0x00000173c2580000

Metaspace:

Usage:
  Non-class:     24.99 MB capacity,    24.58 MB ( 98%) used,   372.38 KB (  1%) free+waste,    52.56 KB ( <1%) overhead. 
      Class:      3.83 MB capacity,     3.62 MB ( 94%) used,   191.79 KB (  5%) free+waste,    25.88 KB ( <1%) overhead. 
       Both:     28.82 MB capacity,    28.19 MB ( 98%) used,   564.16 KB (  2%) free+waste,    78.44 KB ( <1%) overhead. 

Virtual space:
  Non-class space:       26.00 MB reserved,      25.00 MB ( 96%) committed 
      Class space:        1.00 GB reserved,       3.88 MB ( <1%) committed 
             Both:        1.03 GB reserved,      28.87 MB (  3%) committed 

Chunk freelists:
   Non-Class:  5.00 KB
       Class:  16.00 KB
        Both:  21.00 KB

MaxMetaspaceSize: 17179869184.00 GB
CompressedClassSpaceSize: 1.00 GB
Initial GC threshold: 20.80 MB
Current GC threshold: 35.20 MB
CDS: off

CodeHeap 'non-profiled nmethods': size=120064Kb used=1144Kb max_used=1144Kb free=118919Kb
 bounds [0x00000173d48d0000, 0x00000173d4b40000, 0x00000173dbe10000]
CodeHeap 'profiled nmethods': size=120000Kb used=5345Kb max_used=5345Kb free=114654Kb
 bounds [0x00000173cd3a0000, 0x00000173cd8e0000, 0x00000173d48d0000]
CodeHeap 'non-nmethods': size=5696Kb used=1210Kb max_used=1248Kb free=4485Kb
 bounds [0x00000173cce10000, 0x00000173cd080000, 0x00000173cd3a0000]
 total_blobs=2941 nmethods=2455 adapters=398
 compilation: enabled
              stopped_count=0, restarted_count=0
 full_count=0

Compilation events (20 events):
Event: 15.043 Thread 0x00000173e377b800 2416       3       com.google.common.collect.ObjectArrays::checkElementNotNull (33 bytes)
Event: 15.045 Thread 0x00000173e377b800 nmethod 2416 0x00000173cd8c4790 code [0x00000173cd8c4a00, 0x00000173cd8c5258]
Event: 15.046 Thread 0x00000173e377b800 2417       3       java.lang.PublicMethods$Key::hashCode (19 bytes)
Event: 15.046 Thread 0x00000173e377b800 nmethod 2417 0x00000173cd8c5590 code [0x00000173cd8c5760, 0x00000173cd8c58d8]
Event: 15.095 Thread 0x00000173e377b800 2419       3       jdk.internal.misc.Unsafe::weakCompareAndSetInt (11 bytes)
Event: 15.095 Thread 0x00000173e377b800 nmethod 2419 0x00000173cd8c5990 code [0x00000173cd8c5b40, 0x00000173cd8c5c58]
Event: 15.106 Thread 0x00000173e377b800 2420       3       sun.reflect.generics.repository.GenericDeclRepository::getTypeParameters (27 bytes)
Event: 15.107 Thread 0x00000173e377b800 nmethod 2420 0x00000173cd8c5d10 code [0x00000173cd8c5ee0, 0x00000173cd8c6278]
Event: 15.107 Thread 0x00000173e377b800 2421       3       jdk.internal.reflect.ConstantPool::getUTF8At (10 bytes)
Event: 15.107 Thread 0x00000173e377b800 nmethod 2421 0x00000173cd8c6390 code [0x00000173cd8c6540, 0x00000173cd8c6668]
Event: 15.113 Thread 0x00000173e377b800 2423       3       com.google.common.collect.RegularImmutableList::get (16 bytes)
Event: 15.113 Thread 0x00000173e377b800 nmethod 2423 0x00000173cd8c6710 code [0x00000173cd8c6900, 0x00000173cd8c6c78]
Event: 15.199 Thread 0x00000173e377b800 2425       3       java.util.TreeMap::get (19 bytes)
Event: 15.199 Thread 0x00000173e377b800 nmethod 2425 0x00000173cd8c6e90 code [0x00000173cd8c7060, 0x00000173cd8c7208]
Event: 15.203 Thread 0x00000173e377b800 2427       3       org.objectweb.asm.SymbolTable::getType (7 bytes)
Event: 15.203 Thread 0x00000173e377b800 nmethod 2427 0x00000173cd8c7310 code [0x00000173cd8c74c0, 0x00000173cd8c75f8]
Event: 15.262 Thread 0x00000173e377b800 2429       3       jdk.internal.misc.Unsafe::getAndAddInt (27 bytes)
Event: 15.262 Thread 0x00000173e377b800 nmethod 2429 0x00000173cd8c7710 code [0x00000173cd8c78c0, 0x00000173cd8c7af8]
Event: 15.291 Thread 0x00000173e377b800 2430       3       java.util.regex.Pattern$BmpCharPredicate$$Lambda$14/0x0000000100090440::is (13 bytes)
Event: 15.292 Thread 0x00000173e377b800 nmethod 2430 0x00000173cd8c7c10 code [0x00000173cd8c7e00, 0x00000173cd8c81d8]

GC Heap History (12 events):
Event: 2.947 GC heap before
{Heap before GC invocations=0 (full 0):
 garbage-first heap   total 129024K, used 19456K [0x0000000080000000, 0x0000000100000000)
  region size 1024K, 14 young (14336K), 0 survivors (0K)
 Metaspace       used 7594K, capacity 7807K, committed 7936K, reserved 1056768K
  class space    used 691K, capacity 748K, committed 768K, reserved 1048576K
}
Event: 2.963 GC heap after
{Heap after GC invocations=1 (full 0):
 garbage-first heap   total 129024K, used 8207K [0x0000000080000000, 0x0000000100000000)
  region size 1024K, 2 young (2048K), 2 survivors (2048K)
 Metaspace       used 7594K, capacity 7807K, committed 7936K, reserved 1056768K
  class space    used 691K, capacity 748K, committed 768K, reserved 1048576K
}
Event: 4.334 GC heap before
{Heap before GC invocations=1 (full 0):
 garbage-first heap   total 129024K, used 19471K [0x0000000080000000, 0x0000000100000000)
  region size 1024K, 13 young (13312K), 2 survivors (2048K)
 Metaspace       used 10847K, capacity 11109K, committed 11264K, reserved 1058816K
  class space    used 1119K, capacity 1168K, committed 1280K, reserved 1048576K
}
Event: 4.338 GC heap after
{Heap after GC invocations=2 (full 0):
 garbage-first heap   total 129024K, used 8997K [0x0000000080000000, 0x0000000100000000)
  region size 1024K, 1 young (1024K), 1 survivors (1024K)
 Metaspace       used 10847K, capacity 11109K, committed 11264K, reserved 1058816K
  class space    used 1119K, capacity 1168K, committed 1280K, reserved 1048576K
}
Event: 5.377 GC heap before
{Heap before GC invocations=2 (full 0):
 garbage-first heap   total 129024K, used 35621K [0x0000000080000000, 0x0000000100000000)
  region size 1024K, 28 young (28672K), 1 survivors (1024K)
 Metaspace       used 11003K, capacity 11301K, committed 11520K, reserved 1058816K
  class space    used 1121K, capacity 1168K, committed 1280K, reserved 1048576K
}
Event: 5.382 GC heap after
{Heap after GC invocations=3 (full 0):
 garbage-first heap   total 129024K, used 13079K [0x0000000080000000, 0x0000000100000000)
  region size 1024K, 4 young (4096K), 4 survivors (4096K)
 Metaspace       used 11003K, capacity 11301K, committed 11520K, reserved 1058816K
  class space    used 1121K, capacity 1168K, committed 1280K, reserved 1048576K
}
Event: 10.574 GC heap before
{Heap before GC invocations=3 (full 0):
 garbage-first heap   total 129024K, used 53015K [0x0000000080000000, 0x0000000100000000)
  region size 1024K, 43 young (44032K), 4 survivors (4096K)
 Metaspace       used 18591K, capacity 19061K, committed 19328K, reserved 1067008K
  class space    used 2206K, capacity 2365K, committed 2432K, reserved 1048576K
}
Event: 10.585 GC heap after
{Heap after GC invocations=4 (full 0):
 garbage-first heap   total 129024K, used 16019K [0x0000000080000000, 0x0000000100000000)
  region size 1024K, 3 young (3072K), 3 survivors (3072K)
 Metaspace       used 18591K, capacity 19061K, committed 19328K, reserved 1067008K
  class space    used 2206K, capacity 2365K, committed 2432K, reserved 1048576K
}
Event: 11.061 GC heap before
{Heap before GC invocations=4 (full 0):
 garbage-first heap   total 129024K, used 26259K [0x0000000080000000, 0x0000000100000000)
  region size 1024K, 14 young (14336K), 3 survivors (3072K)
 Metaspace       used 20736K, capacity 21182K, committed 21248K, reserved 1069056K
  class space    used 2396K, capacity 2544K, committed 2560K, reserved 1048576K
}
Event: 11.069 GC heap after
{Heap after GC invocations=5 (full 0):
 garbage-first heap   total 129024K, used 16231K [0x0000000080000000, 0x0000000100000000)
  region size 1024K, 4 young (4096K), 4 survivors (4096K)
 Metaspace       used 20736K, capacity 21182K, committed 21248K, reserved 1069056K
  class space    used 2396K, capacity 2544K, committed 2560K, reserved 1048576K
}
Event: 14.275 GC heap before
{Heap before GC invocations=6 (full 0):
 garbage-first heap   total 129024K, used 64359K [0x0000000080000000, 0x0000000100000000)
  region size 1024K, 51 young (52224K), 4 survivors (4096K)
 Metaspace       used 26414K, capacity 27049K, committed 27132K, reserved 1073152K
  class space    used 3325K, capacity 3524K, committed 3584K, reserved 1048576K
}
Event: 14.283 GC heap after
{Heap after GC invocations=7 (full 0):
 garbage-first heap   total 129024K, used 17980K [0x0000000080000000, 0x0000000100000000)
  region size 1024K, 5 young (5120K), 5 survivors (5120K)
 Metaspace       used 26414K, capacity 27049K, committed 27132K, reserved 1073152K
  class space    used 3325K, capacity 3524K, committed 3584K, reserved 1048576K
}

Deoptimization events (20 events):
Event: 13.551 Thread 0x00000173e46d0000 Uncommon trap: trap_request=0xffffff4d fr.pc=0x00000173d493be48 relative=0x0000000000000528
Event: 13.551 Thread 0x00000173e46d0000 Uncommon trap: reason=unstable_if action=reinterpret pc=0x00000173d493be48 method=java.util.Properties$LineReader.readLine()I @ 95 c2
Event: 13.551 Thread 0x00000173e46d0000 DEOPT PACKING pc=0x00000173d493be48 sp=0x0000003af8cfbde0
Event: 13.551 Thread 0x00000173e46d0000 DEOPT UNPACKING pc=0x00000173cce5a1af sp=0x0000003af8cfbd78 mode 2
Event: 14.144 Thread 0x00000173e46d0000 Uncommon trap: trap_request=0xffffff4d fr.pc=0x00000173d49cd94c relative=0x000000000000020c
Event: 14.144 Thread 0x00000173e46d0000 Uncommon trap: reason=unstable_if action=reinterpret pc=0x00000173d49cd94c method=java.util.HashMap.hash(Ljava/lang/Object;)I @ 1 c2
Event: 14.144 Thread 0x00000173e46d0000 DEOPT PACKING pc=0x00000173d49cd94c sp=0x0000003af8cf8ae0
Event: 14.144 Thread 0x00000173e46d0000 DEOPT UNPACKING pc=0x00000173cce5a1af sp=0x0000003af8cf8a18 mode 2
Event: 14.243 Thread 0x00000173e46d0000 Uncommon trap: trap_request=0xffffff4d fr.pc=0x00000173d49974e0 relative=0x0000000000000320
Event: 14.243 Thread 0x00000173e46d0000 Uncommon trap: reason=unstable_if action=reinterpret pc=0x00000173d49974e0 method=jdk.internal.org.objectweb.asm.Type.getArgumentsAndReturnSizes(Ljava/lang/String;)I @ 88 c2
Event: 14.243 Thread 0x00000173e46d0000 DEOPT PACKING pc=0x00000173d49974e0 sp=0x0000003af8cf7e10
Event: 14.243 Thread 0x00000173e46d0000 DEOPT UNPACKING pc=0x00000173cce5a1af sp=0x0000003af8cf7d98 mode 2
Event: 14.549 Thread 0x00000173e46d0000 Uncommon trap: trap_request=0xffffff4d fr.pc=0x00000173d492e508 relative=0x00000000000009e8
Event: 14.549 Thread 0x00000173e46d0000 Uncommon trap: reason=unstable_if action=reinterpret pc=0x00000173d492e508 method=java.io.WinNTFileSystem.resolve(Ljava/lang/String;Ljava/lang/String;)Ljava/lang/String; @ 83 c2
Event: 14.549 Thread 0x00000173e46d0000 DEOPT PACKING pc=0x00000173d492e508 sp=0x0000003af8cfa200
Event: 14.549 Thread 0x00000173e46d0000 DEOPT UNPACKING pc=0x00000173cce5a1af sp=0x0000003af8cfa1a8 mode 2
Event: 15.290 Thread 0x00000173e46d0000 Uncommon trap: trap_request=0xffffff4d fr.pc=0x00000173d49e95e0 relative=0x00000000000001a0
Event: 15.290 Thread 0x00000173e46d0000 Uncommon trap: reason=unstable_if action=reinterpret pc=0x00000173d49e95e0 method=java.util.regex.Pattern$BmpCharProperty.match(Ljava/util/regex/Matcher;ILjava/lang/CharSequence;)Z @ 39 c2
Event: 15.290 Thread 0x00000173e46d0000 DEOPT PACKING pc=0x00000173d49e95e0 sp=0x0000003af8cf95c0
Event: 15.290 Thread 0x00000173e46d0000 DEOPT UNPACKING pc=0x00000173cce5a1af sp=0x0000003af8cf9560 mode 2

Classes redefined (0 events):
No events

Internal exceptions (20 events):
Event: 11.141 Thread 0x00000173e46d0000 Exception <a 'java/lang/NoSuchMethodError'{0x0000000087dcb320}: 'int java.lang.invoke.DirectMethodHandle$Holder.invokeSpecialIFC(java.lang.Object, java.lang.Object, java.lang.Object, java.lang.Object)'> (0x0000000087dcb320) thrown at [./src/hotspot/share/interpreter/linkResolver.cpp, line 773]
Event: 11.150 Thread 0x00000173e46d0000 Exception <a 'java/lang/NoSuchMethodError'{0x0000000087dd8e38}: 'java.lang.Object java.lang.invoke.DirectMethodHandle$Holder.invokeInterface(java.lang.Object, java.lang.Object, java.lang.Object)'> (0x0000000087dd8e38) thrown at [./src/hotspot/share/interpreter/linkResolver.cpp, line 773]
Event: 11.150 Thread 0x00000173e46d0000 Exception <a 'java/lang/IncompatibleClassChangeError'{0x0000000087ddc068}: Found class java.lang.Object, but interface was expected> (0x0000000087ddc068) thrown at [./src/hotspot/share/interpreter/linkResolver.cpp, line 839]
Event: 11.166 Thread 0x00000173e46d0000 Exception <a 'java/lang/NoSuchMethodError'{0x0000000087c5d8f8}: 'void java.lang.invoke.DirectMethodHandle$Holder.invokeSpecial(java.lang.Object, java.lang.Object, java.lang.Object, java.lang.Object)'> (0x0000000087c5d8f8) thrown at [./src/hotspot/share/interpreter/linkResolver.cpp, line 773]
Event: 11.743 Thread 0x00000173e46d0000 Exception <a 'java/lang/NoSuchMethodError'{0x0000000086e9bf68}: 'java.lang.Object java.lang.invoke.DirectMethodHandle$Holder.invokeVirtual(java.lang.Object, java.lang.Object, java.lang.Object, java.lang.Object)'> (0x0000000086e9bf68) thrown at [./src/hotspot/share/interpreter/linkResolver.cpp, line 773]
Event: 12.621 Thread 0x00000173e46d0000 Exception <a 'java/lang/NoSuchMethodError'{0x000000008610d060}: 'void java.lang.invoke.DirectMethodHandle$Holder.invokeSpecial(java.lang.Object, java.lang.Object, java.lang.Object, java.lang.Object, java.lang.Object, java.lang.Object)'> (0x000000008610d060) thrown at [./src/hotspot/share/interpreter/linkResolver.cpp, line 773]
Event: 12.748 Thread 0x00000173e46d0000 Exception <a 'java/lang/NoSuchMethodError'{0x0000000086099ed0}: 'java.lang.Object java.lang.invoke.Invokers$Holder.invoker(java.lang.Object, java.lang.Object, java.lang.Object)'> (0x0000000086099ed0) thrown at [./src/hotspot/share/interpreter/linkResolver.cpp, line 773]
Event: 12.816 Thread 0x00000173e46d0000 Exception <a 'java/lang/NoSuchMethodError'{0x0000000085f94820}: 'void java.lang.invoke.DirectMethodHandle$Holder.invokeSpecial(java.lang.Object, java.lang.Object, java.lang.Object, java.lang.Object, java.lang.Object, java.lang.Object, java.lang.Object)'> (0x0000000085f94820) thrown at [./src/hotspot/share/interpreter/linkResolver.cpp, line 773]
Event: 12.817 Thread 0x00000173e46d0000 Exception <a 'java/lang/NoSuchMethodError'{0x0000000085f9ca68}: 'java.lang.Object java.lang.invoke.Invokers$Holder.linkToTargetMethod(java.lang.Object, java.lang.Object, java.lang.Object, java.lang.Object, java.lang.Object, java.lang.Object)'> (0x0000000085f9ca68) thrown at [./src/hotspot/share/interpreter/linkResolver.cpp, line 773]
Event: 12.859 Thread 0x00000173e46d0000 Exception <a 'java/lang/NoSuchMethodError'{0x0000000085ec27c8}: 'java.lang.Object java.lang.invoke.DirectMethodHandle$Holder.invokeVirtual(java.lang.Object, java.lang.Object, java.lang.Object, java.lang.Object, java.lang.Object, java.lang.Object, java.lang.Object, java.lang.Object, java.lang.Object, java.lang.Object, java.lang.Object, java.lang.Object, java.lang.Object, java.lang.Object, java.lang.Object, java.lang.Object, java.lang.Object)'> (0x0000000085ec27c8) thrown at [./src/hotspot/share/interpreter/
Event: 13.116 Thread 0x00000173e46d0000 Exception <a 'java/lang/NoSuchMethodError'{0x0000000085965308}: 'int java.lang.invoke.DirectMethodHandle$Holder.invokeVirtual(java.lang.Object, java.lang.Object)'> (0x0000000085965308) thrown at [./src/hotspot/share/interpreter/linkResolver.cpp, line 773]
Event: 13.301 Thread 0x00000173e46d0000 Exception <a 'java/lang/NoSuchMethodError'{0x000000008550c650}: 'java.lang.Object java.lang.invoke.Invokers$Holder.linkToTargetMethod(java.lang.Object, int, java.lang.Object)'> (0x000000008550c650) thrown at [./src/hotspot/share/interpreter/linkResolver.cpp, line 773]
Event: 14.144 Thread 0x00000173e46d0000 Implicit null exception at 0x00000173d49cd775 to 0x00000173d49cd93c
Event: 14.327 Thread 0x00000173e46d0000 Exception <a 'java/lang/NoSuchMethodError'{0x0000000087c277f8}: 'java.lang.Object java.lang.invoke.DirectMethodHandle$Holder.invokeSpecialIFC(java.lang.Object, java.lang.Object, java.lang.Object, java.lang.Object)'> (0x0000000087c277f8) thrown at [./src/hotspot/share/interpreter/linkResolver.cpp, line 773]
Event: 14.363 Thread 0x00000173e46d0000 Exception <a 'java/lang/NoSuchMethodError'{0x0000000087b121f0}: 'java.lang.Object java.lang.invoke.DirectMethodHandle$Holder.invokeSpecial(java.lang.Object, java.lang.Object, java.lang.Object, java.lang.Object, java.lang.Object, java.lang.Object, java.lang.Object, java.lang.Object, java.lang.Object, java.lang.Object, java.lang.Object, java.lang.Object, java.lang.Object)'> (0x0000000087b121f0) thrown at [./src/hotspot/share/interpreter/linkResolver.cpp, line 773]
Event: 14.367 Thread 0x00000173e46d0000 Exception <a 'java/lang/NoSuchMethodError'{0x0000000087b23478}: 'java.lang.Object java.lang.invoke.DirectMethodHandle$Holder.invokeSpecial(java.lang.Object, java.lang.Object, java.lang.Object, java.lang.Object, java.lang.Object, java.lang.Object, java.lang.Object, java.lang.Object, java.lang.Object, java.lang.Object, java.lang.Object, java.lang.Object)'> (0x0000000087b23478) thrown at [./src/hotspot/share/interpreter/linkResolver.cpp, line 773]
Event: 14.370 Thread 0x00000173e46d0000 Exception <a 'java/lang/NoSuchMethodError'{0x0000000087b285a0}: 'java.lang.Object java.lang.invoke.Invokers$Holder.linkToTargetMethod(java.lang.Object, java.lang.Object, java.lang.Object, java.lang.Object, java.lang.Object, java.lang.Object, java.lang.Object, java.lang.Object, java.lang.Object, java.lang.Object, java.lang.Object)'> (0x0000000087b285a0) thrown at [./src/hotspot/share/interpreter/linkResolver.cpp, line 773]
Event: 14.405 Thread 0x00000173e46d0000 Exception <a 'java/lang/NoSuchMethodError'{0x0000000087a37300}: 'java.lang.Object java.lang.invoke.DirectMethodHandle$Holder.invokeSpecial(java.lang.Object, java.lang.Object, java.lang.Object, java.lang.Object, java.lang.Object, java.lang.Object, java.lang.Object, java.lang.Object, java.lang.Object, java.lang.Object, java.lang.Object, java.lang.Object, java.lang.Object, java.lang.Object)'> (0x0000000087a37300) thrown at [./src/hotspot/share/interpreter/linkResolver.cpp, line 773]
Event: 14.409 Thread 0x00000173e46d0000 Exception <a 'java/lang/NoSuchMethodError'{0x0000000087a488f8}: 'java.lang.Object java.lang.invoke.Invokers$Holder.linkToTargetMethod(java.lang.Object, java.lang.Object, java.lang.Object, java.lang.Object, java.lang.Object, java.lang.Object, java.lang.Object, java.lang.Object, java.lang.Object, java.lang.Object, java.lang.Object, java.lang.Object)'> (0x0000000087a488f8) thrown at [./src/hotspot/share/interpreter/linkResolver.cpp, line 773]
Event: 14.427 Thread 0x00000173e46d0000 Exception <a 'java/lang/NoSuchMethodError'{0x0000000087ac57f8}: 'java.lang.Object java.lang.invoke.DirectMethodHandle$Holder.invokeStaticInit(java.lang.Object, java.lang.Object, java.lang.Object, java.lang.Object)'> (0x0000000087ac57f8) thrown at [./src/hotspot/share/interpreter/linkResolver.cpp, line 773]

Events (20 events):
Event: 15.279 loading class org/gradle/api/internal/provider/Providers$NoValueProvider
Event: 15.279 loading class org/gradle/api/internal/provider/Providers$NoValueProvider done
Event: 15.280 loading class org/gradle/api/internal/provider/ValueSupplier$Value
Event: 15.280 loading class org/gradle/api/internal/provider/ValueSupplier$Value done
Event: 15.282 loading class org/gradle/api/internal/provider/ValueSupplier$Missing
Event: 15.282 loading class org/gradle/api/internal/provider/ValueSupplier$Missing done
Event: 15.283 loading class org/gradle/api/internal/provider/ValueSupplier$Present
Event: 15.283 loading class org/gradle/api/internal/provider/ValueSupplier$Present done
Event: 15.284 loading class org/gradle/api/internal/file/DefaultFilePropertyFactory$DefaultRegularFileVar
Event: 15.284 loading class org/gradle/api/internal/file/DefaultFilePropertyFactory$DefaultRegularFileVar done
Event: 15.285 loading class org/gradle/api/internal/file/DefaultFilePropertyFactory$AbstractFileVar
Event: 15.285 loading class org/gradle/api/internal/file/DefaultFilePropertyFactory$AbstractFileVar done
Event: 15.290 loading class org/gradle/api/resources/TextResource
Event: 15.290 loading class org/gradle/api/resources/TextResource done
Event: 15.293 loading class org/gradle/api/internal/file/DefaultFilePropertyFactory$FixedFile
Event: 15.293 loading class org/gradle/api/internal/file/DefaultFilePropertyFactory$FixedFile done
Event: 15.294 loading class org/gradle/api/internal/file/DefaultFileSystemLocation
Event: 15.294 loading class org/gradle/api/internal/file/DefaultFileSystemLocation done
Event: 15.296 loading class org/gradle/api/internal/artifacts/configurations/DefaultConfigurationContainer
Event: 15.296 loading class org/gradle/api/internal/artifacts/configurations/DefaultConfigurationContainer done


Dynamic libraries:
0x00007ff6ec2b0000 - 0x00007ff6ec2bd000 	C:\Users\Alexandr\.jdks\corretto-11.0.13\bin\java.exe
0x00007ffe8e550000 - 0x00007ffe8e745000 	C:\WINDOWS\SYSTEM32\ntdll.dll
0x00007ffe8cca0000 - 0x00007ffe8cd5e000 	C:\WINDOWS\System32\KERNEL32.DLL
0x00007ffe8b8f0000 - 0x00007ffe8bbb8000 	C:\WINDOWS\System32\KERNELBASE.dll
0x00007ffe8b4f0000 - 0x00007ffe8b5f0000 	C:\WINDOWS\System32\ucrtbase.dll
0x00007ffe85f00000 - 0x00007ffe85f17000 	C:\Users\Alexandr\.jdks\corretto-11.0.13\bin\jli.dll
0x00007ffe8d160000 - 0x00007ffe8d301000 	C:\WINDOWS\System32\USER32.dll
0x00007ffe8b8c0000 - 0x00007ffe8b8e2000 	C:\WINDOWS\System32\win32u.dll
0x00007ffe8d5f0000 - 0x00007ffe8d61b000 	C:\WINDOWS\System32\GDI32.dll
0x00007ffe8b7b0000 - 0x00007ffe8b8bd000 	C:\WINDOWS\System32\gdi32full.dll
0x00007ffe8b680000 - 0x00007ffe8b71d000 	C:\WINDOWS\System32\msvcp_win.dll
0x00007ffe852f0000 - 0x00007ffe85309000 	C:\Users\Alexandr\.jdks\corretto-11.0.13\bin\VCRUNTIME140.dll
0x00007ffe7c300000 - 0x00007ffe7c59a000 	C:\WINDOWS\WinSxS\amd64_microsoft.windows.common-controls_6595b64144ccf1df_6.0.19041.1110_none_60b5254171f9507e\COMCTL32.dll
0x00007ffe8cde0000 - 0x00007ffe8ce7e000 	C:\WINDOWS\System32\msvcrt.dll
0x00007ffe8d310000 - 0x00007ffe8d340000 	C:\WINDOWS\System32\IMM32.DLL
0x00007ffe8ac90000 - 0x00007ffe8acc6000 	C:\WINDOWS\system32\DriverStore\FileRepository\nvam.inf_amd64_6319fc811e174a2b\nvinitx.dll
0x00007ffe8e070000 - 0x00007ffe8e11e000 	C:\WINDOWS\System32\ADVAPI32.dll
0x00007ffe8d0c0000 - 0x00007ffe8d15c000 	C:\WINDOWS\System32\sechost.dll
0x00007ffe8cf90000 - 0x00007ffe8d0b5000 	C:\WINDOWS\System32\RPCRT4.dll
0x00007ffe8ac80000 - 0x00007ffe8ac8a000 	C:\WINDOWS\SYSTEM32\VERSION.dll
0x00007ffe8bbc0000 - 0x00007ffe8c304000 	C:\WINDOWS\System32\Shell32.dll
0x00007ffe89ec0000 - 0x00007ffe8a655000 	C:\WINDOWS\SYSTEM32\windows.storage.dll
0x00007ffe8dcb0000 - 0x00007ffe8e005000 	C:\WINDOWS\System32\combase.dll
0x00007ffe8abe0000 - 0x00007ffe8ac0e000 	C:\WINDOWS\SYSTEM32\Wldp.dll
0x00007ffe8c4d0000 - 0x00007ffe8c57d000 	C:\WINDOWS\System32\SHCORE.dll
0x00007ffe8e010000 - 0x00007ffe8e065000 	C:\WINDOWS\System32\shlwapi.dll
0x000000006c0b0000 - 0x000000006c0b6000 	C:\Program Files\NVIDIA Corporation\CoProcManager\_etoured.dll
0x00007ffe80410000 - 0x00007ffe80453000 	C:\Program Files\NVIDIA Corporation\CoProcManager\nvd3d9wrapx.dll
0x00007ffe8d740000 - 0x00007ffe8dbb2000 	C:\WINDOWS\System32\SETUPAPI.dll
0x00007ffe8b5f0000 - 0x00007ffe8b63e000 	C:\WINDOWS\System32\cfgmgr32.dll
0x00007ffe8b650000 - 0x00007ffe8b677000 	C:\WINDOWS\System32\bcrypt.dll
0x00007ffe80360000 - 0x00007ffe8038d000 	C:\Program Files\NVIDIA Corporation\CoProcManager\nvdxgiwrapx.dll
0x00007ffe68390000 - 0x00007ffe6842b000 	C:\Users\Alexandr\.jdks\corretto-11.0.13\bin\msvcp140.dll
0x00007ffe5f650000 - 0x00007ffe601cf000 	C:\Users\Alexandr\.jdks\corretto-11.0.13\bin\server\jvm.dll
0x00007ffe8cd60000 - 0x00007ffe8cd68000 	C:\WINDOWS\System32\PSAPI.DLL
0x00007ffe794d0000 - 0x00007ffe794d9000 	C:\WINDOWS\SYSTEM32\WSOCK32.dll
0x00007ffe8cd70000 - 0x00007ffe8cddb000 	C:\WINDOWS\System32\WS2_32.dll
0x00007ffe7dbc0000 - 0x00007ffe7dbe7000 	C:\WINDOWS\SYSTEM32\WINMM.dll
0x00007ffe88db0000 - 0x00007ffe88dc2000 	C:\WINDOWS\SYSTEM32\kernel.appcore.dll
0x00007ffe86220000 - 0x00007ffe86230000 	C:\Users\Alexandr\.jdks\corretto-11.0.13\bin\verify.dll
0x00007ffe701d0000 - 0x00007ffe703b4000 	C:\WINDOWS\SYSTEM32\DBGHELP.DLL
0x00007ffe701a0000 - 0x00007ffe701cc000 	C:\WINDOWS\SYSTEM32\dbgcore.DLL
0x00000173c3e30000 - 0x00000173c3eb2000 	C:\WINDOWS\System32\bcryptPrimitives.dll
0x00007ffe848e0000 - 0x00007ffe84908000 	C:\Users\Alexandr\.jdks\corretto-11.0.13\bin\java.dll
0x00007ffe852e0000 - 0x00007ffe852ea000 	C:\Users\Alexandr\.jdks\corretto-11.0.13\bin\jimage.dll
0x00007ffe84240000 - 0x00007ffe84257000 	C:\Users\Alexandr\.jdks\corretto-11.0.13\bin\zip.dll
0x00007ffe8b190000 - 0x00007ffe8b1af000 	C:\WINDOWS\SYSTEM32\profapi.dll
0x00007ffe6d390000 - 0x00007ffe6d3a9000 	C:\Users\Alexandr\.jdks\corretto-11.0.13\bin\net.dll
0x00007ffe82980000 - 0x00007ffe82a8c000 	C:\WINDOWS\SYSTEM32\WINHTTP.dll
0x00007ffe89df0000 - 0x00007ffe89e5a000 	C:\WINDOWS\system32\mswsock.dll
0x00007ffe6bf90000 - 0x00007ffe6bfa2000 	C:\Users\Alexandr\.jdks\corretto-11.0.13\bin\nio.dll
0x00007ffe6cfa0000 - 0x00007ffe6cfc7000 	C:\Users\Alexandr\.gradle\native\f6784746aeab05261644944871eae4fe03e0ef1612fff0a4a95f87b438bc6780\windows-amd64\native-platform.dll
0x00007ffe84230000 - 0x00007ffe84239000 	C:\Users\Alexandr\.jdks\corretto-11.0.13\bin\management.dll
0x00007ffe7b440000 - 0x00007ffe7b44b000 	C:\Users\Alexandr\.jdks\corretto-11.0.13\bin\management_ext.dll
0x00007ffe8aad0000 - 0x00007ffe8aae8000 	C:\WINDOWS\SYSTEM32\CRYPTSP.dll
0x000000006c350000 - 0x000000006c361000 	C:\Program Files\Common Files\Crypto Pro\AppCompat\cpadvai.dll
0x00007ffe89780000 - 0x00007ffe897b4000 	C:\WINDOWS\system32\rsaenh.dll
0x00007ffe8b150000 - 0x00007ffe8b17e000 	C:\WINDOWS\SYSTEM32\USERENV.dll
0x00007ffe8aaf0000 - 0x00007ffe8aafc000 	C:\WINDOWS\SYSTEM32\CRYPTBASE.dll
0x00007ffe89af0000 - 0x00007ffe89b2b000 	C:\WINDOWS\SYSTEM32\IPHLPAPI.DLL
0x00007ffe8dbc0000 - 0x00007ffe8dbc8000 	C:\WINDOWS\System32\NSI.dll
0x00007ffe82810000 - 0x00007ffe82827000 	C:\WINDOWS\SYSTEM32\dhcpcsvc6.DLL
0x00007ffe83790000 - 0x00007ffe837ad000 	C:\WINDOWS\SYSTEM32\dhcpcsvc.DLL
0x00007ffe89b30000 - 0x00007ffe89bfb000 	C:\WINDOWS\SYSTEM32\DNSAPI.dll
0x00007ffe84630000 - 0x00007ffe8463b000 	C:\WINDOWS\SYSTEM32\WINNSI.DLL

dbghelp: loaded successfully - version: 4.0.5 - missing functions: none
symbol engine: initialized successfully - sym options: 0x614 - pdb path: .;C:\Users\Alexandr\.jdks\corretto-11.0.13\bin;C:\WINDOWS\SYSTEM32;C:\WINDOWS\WinSxS\amd64_microsoft.windows.common-controls_6595b64144ccf1df_6.0.19041.1110_none_60b5254171f9507e;C:\WINDOWS\system32\DriverStore\FileRepository\nvam.inf_amd64_6319fc811e174a2b;C:\Program Files\NVIDIA Corporation\CoProcManager;C:\Users\Alexandr\.jdks\corretto-11.0.13\bin\server;C:\Users\Alexandr\.gradle\native\f6784746aeab05261644944871eae4fe03e0ef1612fff0a4a95f87b438bc6780\windows-amd64;C:\Program Files\Common Files\Crypto Pro\AppCompat

VM Arguments:
jvm_args: --add-opens=java.base/java.util=ALL-UNNAMED --add-opens=java.base/java.lang=ALL-UNNAMED --add-opens=java.base/java.lang.invoke=ALL-UNNAMED --add-opens=java.prefs/java.util.prefs=ALL-UNNAMED -Xmx2048m -Dfile.encoding=UTF-8 -Duser.country=RU -Duser.language=ru -Duser.variant 
java_command: org.gradle.launcher.daemon.bootstrap.GradleDaemon 6.5
java_class_path (initial): C:\Users\Alexandr\.gradle\wrapper\dists\gradle-6.5-all\2oz4ud9k3tuxjg84bbf55q0tn\gradle-6.5\lib\gradle-launcher-6.5.jar
Launcher Type: SUN_STANDARD

[Global flags]
     intx CICompilerCount                          = 3                                         {product} {ergonomic}
     uint ConcGCThreads                            = 1                                         {product} {ergonomic}
     uint G1ConcRefinementThreads                  = 4                                         {product} {ergonomic}
   size_t G1HeapRegionSize                         = 1048576                                   {product} {ergonomic}
    uintx GCDrainStackTargetSize                   = 64                                        {product} {ergonomic}
   size_t InitialHeapSize                          = 132120576                                 {product} {ergonomic}
   size_t MarkStackSize                            = 4194304                                   {product} {ergonomic}
   size_t MaxHeapSize                              = 2147483648                                {product} {command line}
   size_t MaxNewSize                               = 1287651328                                {product} {ergonomic}
   size_t MinHeapDeltaBytes                        = 1048576                                   {product} {ergonomic}
    uintx NonNMethodCodeHeapSize                   = 5830732                                {pd product} {ergonomic}
    uintx NonProfiledCodeHeapSize                  = 122913754                              {pd product} {ergonomic}
    uintx ProfiledCodeHeapSize                     = 122913754                              {pd product} {ergonomic}
    uintx ReservedCodeCacheSize                    = 251658240                              {pd product} {ergonomic}
     bool SegmentedCodeCache                       = true                                      {product} {ergonomic}
     bool UseCompressedClassPointers               = true                                 {lp64_product} {ergonomic}
     bool UseCompressedOops                        = true                                 {lp64_product} {ergonomic}
     bool UseG1GC                                  = true                                      {product} {ergonomic}
     bool UseLargePagesIndividualAllocation        = false                                  {pd product} {ergonomic}

Logging:
Log output configuration:
 #0: stdout all=warning uptime,level,tags
 #1: stderr all=off uptime,level,tags

Environment Variables:
JAVA_HOME=C:\Program Files\Java\jdk1.8.0_281
PATH=C:\Program Files (x86)\Common Files\Oracle\Java\javapath;C:\Program Files\Common Files\Microsoft Shared\Windows Live;C:\Program Files (x86)\Common Files\Microsoft Shared\Windows Live;C:\WINDOWS\system32;C:\WINDOWS;C:\WINDOWS\System32\Wbem;C:\WINDOWS\System32\WindowsPowerShell\v1.0\;C:\Program Files (x86)\Windows Live\Shared;C:\Program Files\Intel\WiFi\bin\;C:\Program Files\Common Files\Intel\WirelessCommon\;C:\WINDOWS\System32\OpenSSH\;C:\Program Files (x86)\NVIDIA Corporation\PhysX\Common;C:\Program Files\Git\cmd;C:\Program Files\Java\jdk1.8.0_281\bin;C:\Users\Alexandr\AppData\Local\Microsoft\WindowsApps;
USERNAME=Alexandr
OS=Windows_NT
PROCESSOR_IDENTIFIER=Intel64 Family 6 Model 42 Stepping 7, GenuineIntel



---------------  S Y S T E M  ---------------

OS: Windows 10 , 64 bit Build 19041 (10.0.19041.1466)
OS uptime: 0 days 2:47 hours

CPU:total 4 (initial active 4) (2 cores per cpu, 2 threads per core) family 6 model 42 stepping 7 microcode 0x2f, cmov, cx8, fxsr, mmx, sse, sse2, sse3, ssse3, sse4.1, sse4.2, popcnt, avx, aes, clmul, ht, tsc, tscinvbit

Memory: 4k page, system-wide physical 7968M (15M free)
TotalPageFile size 13968M (AvailPageFile size 5M)
current process WorkingSet (physical memory assigned to process): 182M, peak: 182M
current process commit charge ("private bytes"): 275M, peak: 277M

vm_info: OpenJDK 64-Bit Server VM (11.0.13+8-LTS) for windows-amd64 JRE (11.0.13+8-LTS), built on Oct 13 2021 21:32:06 by "Administrator" with unknown MS VC++:1916

END.
