#
# There is insufficient memory for the Java Runtime Environment to continue.
# Native memory allocation (malloc) failed to allocate 1048576 bytes for AllocateHeap
# Possible reasons:
#   The system is out of physical RAM or swap space
#   The process is running with CompressedOops enabled, and the Java Heap may be blocking the growth of the native heap
# Possible solutions:
#   Reduce memory load on the system
#   Increase physical memory or swap space
#   Check if swap backing store is full
#   Decrease Java heap size (-Xmx/-Xms)
#   Decrease number of Java threads
#   Decrease Java thread stack sizes (-Xss)
#   Set larger code cache with -XX:ReservedCodeCacheSize=
#   JVM is running with Unscaled Compressed Oops mode in which the Java heap is
#     placed in the first 4GB address space. The Java Heap base address is the
#     maximum limit for the native heap growth. Please use -XX:HeapBaseMinAddress
#     to set the Java Heap base and to place the Java Heap above 4GB virtual address.
# This output file may be truncated or incomplete.
#
#  Out of Memory Error (./src/hotspot/share/memory/allocation.cpp:46), pid=16640, tid=1672
#
# JRE version: OpenJDK Runtime Environment Corretto-11.0.13.8.1 (11.0.13+8) (build 11.0.13+8-LTS)
# Java VM: OpenJDK 64-Bit Server VM Corretto-11.0.13.8.1 (11.0.13+8-LTS, mixed mode, tiered, compressed oops, g1 gc, windows-amd64)
# No core dump will be written. Minidumps are not enabled by default on client versions of Windows
#

---------------  S U M M A R Y ------------

Command Line: --add-opens=java.base/java.util=ALL-UNNAMED --add-opens=java.base/java.lang=ALL-UNNAMED --add-opens=java.base/java.lang.invoke=ALL-UNNAMED --add-opens=java.prefs/java.util.prefs=ALL-UNNAMED -Xmx2048m -Dfile.encoding=UTF-8 -Duser.country=RU -Duser.language=ru -Duser.variant org.gradle.launcher.daemon.bootstrap.GradleDaemon 6.5

Host: Intel(R) Core(TM) i5-2540M CPU @ 2.60GHz, 4 cores, 7G,  Windows 10 , 64 bit Build 19041 (10.0.19041.1466)
Time: Thu Jan 27 16:12:29 2022 Саратов (зима) elapsed time: 8459.860086 seconds (0d 2h 20m 59s)

---------------  T H R E A D  ---------------

Current thread (0x000002b5b075a800):  VMThread "VM Thread" [stack: 0x000000d3ddf00000,0x000000d3de000000] [id=1672]

Stack: [0x000000d3ddf00000,0x000000d3de000000]
[error occurred during error reporting (printing stack bounds), id 0xc0000005, EXCEPTION_ACCESS_VIOLATION (0xc0000005) at pc=0x000002b59a62112d]

Native frames: (J=compiled Java code, j=interpreted, Vv=VM code, C=native code)
V  [jvm.dll+0x61ccaa]
V  [jvm.dll+0x7a9839]
V  [jvm.dll+0x7aaeff]
V  [jvm.dll+0x7ab535]
V  [jvm.dll+0x7ab4eb]
V  [jvm.dll+0x61c193]
V  [jvm.dll+0x61c8a8]
C  [ntdll.dll+0xa20cf]
C  [ntdll.dll+0x51454]
C  [ntdll.dll+0xa0bfe]
C  0x000002b59a62112d

VM_Operation (0x000000d3df2f6af0): CollectForMetadataAllocation, mode: safepoint, requested by thread 0x000002b5b35ca000


---------------  P R O C E S S  ---------------

Threads class SMR info:
_java_thread_list=0x000002b5b7d0fbf0, length=169, elements={
0x000002b591f57000, 0x000002b5b075e000, 0x000002b5b0f8d000, 0x000002b5b0f98000,
0x000002b5b0f99000, 0x000002b5b0f9c800, 0x000002b5b0fe4000, 0x000002b5b0fef000,
0x000002b5b0ff2800, 0x000002b5b1173000, 0x000002b5b3067800, 0x000002b5b1ccd000,
0x000002b5b253d000, 0x000002b5b2f53000, 0x000002b5b2f54000, 0x000002b5b2f4e800,
0x000002b5b35d2000, 0x000002b5b566c800, 0x000002b5b12eb800, 0x000002b5b35c9000,
0x000002b5b35ca000, 0x000002b5b90b7800, 0x000002b5b90b4000, 0x000002b5b90b6000,
0x000002b5b90b9000, 0x000002b5b90b8000, 0x000002b5b90b3800, 0x000002b5b90b6800,
0x000002b5b90ba000, 0x000002b5b90ba800, 0x000002b5b90b5000, 0x000002b5b90c1000,
0x000002b5b90bb800, 0x000002b5b90bc800, 0x000002b5b90be000, 0x000002b5b90c2000,
0x000002b5b90bd000, 0x000002b5b90bf000, 0x000002b5b35c6000, 0x000002b5b35c8800,
0x000002b5b35c3800, 0x000002b5b35c6800, 0x000002b5b35c7800, 0x000002b5b35c4800,
0x000002b5b35cb000, 0x000002b5b35c5000, 0x000002b5b35cf000, 0x000002b5b35ce000,
0x000002b5b35cf800, 0x000002b5b35d0800, 0x000002b5b35cc800, 0x000002b5b35cb800,
0x000002b5b35cd800, 0x000002b5b35d1800, 0x000002b5b9abf000, 0x000002b5b9abc800,
0x000002b5b9abc000, 0x000002b5b9abd800, 0x000002b5b9ac0000, 0x000002b5b9aba000,
0x000002b5b9abb000, 0x000002b5b9ac4000, 0x000002b5b9ac3000, 0x000002b5b9ac1800,
0x000002b5b9ac2800, 0x000002b5b9abe800, 0x000002b5b9ac7800, 0x000002b5b9ac6800,
0x000002b5b9ac8000, 0x000002b5b9ac9000, 0x000002b5b566f800, 0x000002b5b566a000,
0x000002b5b5670800, 0x000002b5b566b800, 0x000002b5b566a800, 0x000002b5b5672000,
0x000002b5b5676000, 0x000002b5b5673000, 0x000002b5b5674800, 0x000002b5b5677000,
0x000002b5b5673800, 0x000002b5b5675800, 0x000002b5b5671000, 0x000002b5b5677800,
0x000002b5b12e1000, 0x000002b5b12e2000, 0x000002b5b12e3800, 0x000002b5b12e0000,
0x000002b5b12e2800, 0x000002b5b12e4800, 0x000002b5b12de800, 0x000002b5b12e5000,
0x000002b5b12df800, 0x000002b5b12e8800, 0x000002b5b12e9000, 0x000002b5b12eb000,
0x000002b5b12e6000, 0x000002b5b12ec800, 0x000002b5b2f55000, 0x000002b5b2f50000,
0x000002b5b2f50800, 0x000002b5b2f51800, 0x000002b5b2f52800, 0x000002b5b2f4f000,
0x000002b5b9397000, 0x000002b5b9395800, 0x000002b5b939a000, 0x000002b5b939c000,
0x000002b5b9396000, 0x000002b5b939b000, 0x000002b5b939c800, 0x000002b5b939d800,
0x000002b5b9399800, 0x000002b5b9397800, 0x000002b5b939e800, 0x000002b5b9398800,
0x000002b5b93a0000, 0x000002b5b93a0800, 0x000002b5b939f000, 0x000002b5b93a1800,
0x000002b5b93a2800, 0x000002b5b93a3000, 0x000002b5b93a4000, 0x000002b5b276f000,
0x000002b5b2773000, 0x000002b5b2775800, 0x000002b5b2772000, 0x000002b5b2771000,
0x000002b5b2770800, 0x000002b5b276f800, 0x000002b5b2774800, 0x000002b5b2776000,
0x000002b5b2777000, 0x000002b5b2773800, 0x000002b5b2779800, 0x000002b5b2778800,
0x000002b5b277b000, 0x000002b5b277c000, 0x000002b5b277c800, 0x000002b5b277d800,
0x000002b5b2777800, 0x000002b5b277a000, 0x000002b5b8ffb800, 0x000002b5b8ffe800,
0x000002b5b9002000, 0x000002b5b8ffd800, 0x000002b5b8ffc000, 0x000002b5b9000000,
0x000002b5b8ffd000, 0x000002b5b9001000, 0x000002b5b9004000, 0x000002b5b9002800,
0x000002b5b9005000, 0x000002b5b9003800, 0x000002b5b8fff800, 0x000002b5b9006800,
0x000002b5b9006000, 0x000002b5b9007800, 0x000002b5b900a000, 0x000002b5b9008800,
0x000002b5b9009000, 0x000002b5b9864800, 0x000002b5b9861000, 0x000002b5b9862000,
0x000002b5b9866000, 0x000002b5b9860800, 0x000002b5b9867000, 0x000002b5b9869800,
0x000002b5b9867800
}

Java Threads: ( => current thread )
  0x000002b591f57000 JavaThread "main" [_thread_blocked, id=17200, stack(0x000000d3dd900000,0x000000d3dda00000)]
  0x000002b5b075e000 JavaThread "Reference Handler" daemon [_thread_blocked, id=14120, stack(0x000000d3de000000,0x000000d3de100000)]
  0x000002b5b0f8d000 JavaThread "Finalizer" daemon [_thread_blocked, id=12352, stack(0x000000d3de100000,0x000000d3de200000)]
  0x000002b5b0f98000 JavaThread "Signal Dispatcher" daemon [_thread_blocked, id=14788, stack(0x000000d3de200000,0x000000d3de300000)]
  0x000002b5b0f99000 JavaThread "Attach Listener" daemon [_thread_blocked, id=17076, stack(0x000000d3de300000,0x000000d3de400000)]
  0x000002b5b0f9c800 JavaThread "Service Thread" daemon [_thread_blocked, id=15140, stack(0x000000d3de400000,0x000000d3de500000)]
  0x000002b5b0fe4000 JavaThread "C2 CompilerThread0" daemon [_thread_blocked, id=3208, stack(0x000000d3de500000,0x000000d3de600000)]
  0x000002b5b0fef000 JavaThread "C1 CompilerThread0" daemon [_thread_blocked, id=15992, stack(0x000000d3de600000,0x000000d3de700000)]
  0x000002b5b0ff2800 JavaThread "Sweeper thread" daemon [_thread_blocked, id=13024, stack(0x000000d3de700000,0x000000d3de800000)]
  0x000002b5b1173000 JavaThread "Common-Cleaner" daemon [_thread_blocked, id=18020, stack(0x000000d3de800000,0x000000d3de900000)]
  0x000002b5b3067800 JavaThread "Daemon health stats" [_thread_blocked, id=3192, stack(0x000000d3dec00000,0x000000d3ded00000)]
  0x000002b5b1ccd000 JavaThread "Incoming local TCP Connector on port 52445" [_thread_in_native, id=17304, stack(0x000000d3def00000,0x000000d3df000000)]
  0x000002b5b253d000 JavaThread "Daemon periodic checks" [_thread_blocked, id=13240, stack(0x000000d3df000000,0x000000d3df100000)]
  0x000002b5b2f53000 JavaThread "Cache worker for journal cache (C:\Users\Alexandr\.gradle\caches\journal-1)" [_thread_blocked, id=18352, stack(0x000000d3df900000,0x000000d3dfa00000)]
  0x000002b5b2f54000 JavaThread "File lock request listener" [_thread_in_native, id=13772, stack(0x000000d3dfa00000,0x000000d3dfb00000)]
  0x000002b5b2f4e800 JavaThread "Cache worker for file hash cache (C:\Users\Alexandr\.gradle\caches\6.5\fileHashes)" [_thread_blocked, id=14960, stack(0x000000d3dfb00000,0x000000d3dfc00000)]
  0x000002b5b35d2000 JavaThread "Cache worker for execution history cache (C:\Users\Alexandr\.gradle\caches\6.5\executionHistory)" [_thread_blocked, id=17656, stack(0x000000d3e1400000,0x000000d3e1500000)]
  0x000002b5b566c800 JavaThread "Cache worker for file content cache (C:\Users\Alexandr\.gradle\caches\6.5\fileContent)" [_thread_blocked, id=7508, stack(0x000000d3e1500000,0x000000d3e1600000)]
  0x000002b5b12eb800 JavaThread "Memory manager" [_thread_blocked, id=16440, stack(0x000000d3e7e00000,0x000000d3e7f00000)]
  0x000002b5b35c9000 JavaThread "Daemon Thread 2" [_thread_blocked, id=18628, stack(0x000000d3ded00000,0x000000d3dee00000)]
  0x000002b5b35ca000 JavaThread "Daemon worker Thread 2" [_thread_blocked, id=14544, stack(0x000000d3df200000,0x000000d3df300000)]
  0x000002b5b90b7800 JavaThread "Handler for socket connection from /127.0.0.1:52445 to /127.0.0.1:53272" [_thread_in_native, id=14908, stack(0x000000d3dee00000,0x000000d3def00000)]
  0x000002b5b90b4000 JavaThread "Cancel handler" [_thread_blocked, id=19392, stack(0x000000d3df100000,0x000000d3df200000)]
  0x000002b5b90b6000 JavaThread "Asynchronous log dispatcher for DefaultDaemonConnection: socket connection from /127.0.0.1:52445 to /127.0.0.1:53272" [_thread_blocked, id=18696, stack(0x000000d3df300000,0x000000d3df400000)]
  0x000002b5b90b9000 JavaThread "Stdin handler" [_thread_blocked, id=15796, stack(0x000000d3df400000,0x000000d3df500000)]
  0x000002b5b90b8000 JavaThread "Thread-297" [_thread_blocked, id=19620, stack(0x000000d3df500000,0x000000d3df600000)]
  0x000002b5b90b3800 JavaThread "Cache worker for file hash cache (D:\IT\Git\doct24_android\.gradle\6.5\fileHashes)" [_thread_blocked, id=19492, stack(0x000000d3df600000,0x000000d3df700000)]
  0x000002b5b90b6800 JavaThread "Cache worker for checksums cache (D:\IT\Git\doct24_android\.gradle\checksums)" [_thread_blocked, id=19568, stack(0x000000d3df700000,0x000000d3df800000)]
  0x000002b5b90ba000 JavaThread "Cache worker for cache directory md-supplier (C:\Users\Alexandr\.gradle\caches\6.5\md-supplier)" [_thread_blocked, id=19948, stack(0x000000d3dfc00000,0x000000d3dfd00000)]
  0x000002b5b90ba800 JavaThread "Cache worker for cache directory md-rule (C:\Users\Alexandr\.gradle\caches\6.5\md-rule)" [_thread_blocked, id=19624, stack(0x000000d3dfd00000,0x000000d3dfe00000)]
  0x000002b5b90b5000 JavaThread "Build operations" [_thread_blocked, id=19612, stack(0x000000d3dfe00000,0x000000d3dff00000)]
  0x000002b5b90c1000 JavaThread "Build operations Thread 2" [_thread_blocked, id=19608, stack(0x000000d3dff00000,0x000000d3e0000000)]
  0x000002b5b90bb800 JavaThread "Build operations Thread 3" [_thread_blocked, id=19596, stack(0x000000d3e0000000,0x000000d3e0100000)]
  0x000002b5b90bc800 JavaThread "Build operations Thread 4" [_thread_blocked, id=19500, stack(0x000000d3e0100000,0x000000d3e0200000)]
  0x000002b5b90be000 JavaThread "jar transforms Thread 239" [_thread_blocked, id=19496, stack(0x000000d3e0200000,0x000000d3e0300000)]
  0x000002b5b90c2000 JavaThread "jar transforms Thread 240" [_thread_blocked, id=19476, stack(0x000000d3e0300000,0x000000d3e0400000)]
  0x000002b5b90bd000 JavaThread "jar transforms Thread 241" [_thread_blocked, id=19572, stack(0x000000d3e0400000,0x000000d3e0500000)]
  0x000002b5b90bf000 JavaThread "jar transforms Thread 242" [_thread_blocked, id=19460, stack(0x000000d3e0500000,0x000000d3e0600000)]
  0x000002b5b35c6000 JavaThread "jar transforms Thread 243" [_thread_blocked, id=19548, stack(0x000000d3e0600000,0x000000d3e0700000)]
  0x000002b5b35c8800 JavaThread "jar transforms Thread 244" [_thread_blocked, id=19552, stack(0x000000d3e0700000,0x000000d3e0800000)]
  0x000002b5b35c3800 JavaThread "jar transforms Thread 245" [_thread_blocked, id=19588, stack(0x000000d3e0800000,0x000000d3e0900000)]
  0x000002b5b35c6800 JavaThread "jar transforms Thread 246" [_thread_blocked, id=19544, stack(0x000000d3e0900000,0x000000d3e0a00000)]
  0x000002b5b35c7800 JavaThread "jar transforms Thread 247" [_thread_blocked, id=19604, stack(0x000000d3e0a00000,0x000000d3e0b00000)]
  0x000002b5b35c4800 JavaThread "jar transforms Thread 248" [_thread_blocked, id=19016, stack(0x000000d3e0b00000,0x000000d3e0c00000)]
  0x000002b5b35cb000 JavaThread "jar transforms Thread 249" [_thread_blocked, id=19472, stack(0x000000d3e0c00000,0x000000d3e0d00000)]
  0x000002b5b35c5000 JavaThread "jar transforms Thread 250" [_thread_blocked, id=19536, stack(0x000000d3e0d00000,0x000000d3e0e00000)]
  0x000002b5b35cf000 JavaThread "jar transforms Thread 251" [_thread_blocked, id=19592, stack(0x000000d3e0e00000,0x000000d3e0f00000)]
  0x000002b5b35ce000 JavaThread "jar transforms Thread 252" [_thread_blocked, id=19528, stack(0x000000d3e0f00000,0x000000d3e1000000)]
  0x000002b5b35cf800 JavaThread "jar transforms Thread 253" [_thread_blocked, id=19580, stack(0x000000d3e1000000,0x000000d3e1100000)]
  0x000002b5b35d0800 JavaThread "jar transforms Thread 254" [_thread_blocked, id=19616, stack(0x000000d3e1100000,0x000000d3e1200000)]
  0x000002b5b35cc800 JavaThread "jar transforms Thread 255" [_thread_blocked, id=19600, stack(0x000000d3e1200000,0x000000d3e1300000)]
  0x000002b5b35cb800 JavaThread "jar transforms Thread 256" [_thread_blocked, id=14156, stack(0x000000d3e1300000,0x000000d3e1400000)]
  0x000002b5b35cd800 JavaThread "jar transforms Thread 257" [_thread_blocked, id=16500, stack(0x000000d3e1600000,0x000000d3e1700000)]
  0x000002b5b35d1800 JavaThread "jar transforms Thread 258" [_thread_blocked, id=9028, stack(0x000000d3e1700000,0x000000d3e1800000)]
  0x000002b5b9abf000 JavaThread "jar transforms Thread 259" [_thread_blocked, id=19520, stack(0x000000d3e1800000,0x000000d3e1900000)]
  0x000002b5b9abc800 JavaThread "jar transforms Thread 260" [_thread_blocked, id=7628, stack(0x000000d3e1900000,0x000000d3e1a00000)]
  0x000002b5b9abc000 JavaThread "jar transforms Thread 261" [_thread_blocked, id=19540, stack(0x000000d3e1a00000,0x000000d3e1b00000)]
  0x000002b5b9abd800 JavaThread "jar transforms Thread 262" [_thread_blocked, id=19556, stack(0x000000d3e1b00000,0x000000d3e1c00000)]
  0x000002b5b9ac0000 JavaThread "jar transforms Thread 263" [_thread_blocked, id=19584, stack(0x000000d3e1c00000,0x000000d3e1d00000)]
  0x000002b5b9aba000 JavaThread "jar transforms Thread 264" [_thread_blocked, id=19532, stack(0x000000d3e1d00000,0x000000d3e1e00000)]
  0x000002b5b9abb000 JavaThread "jar transforms Thread 265" [_thread_blocked, id=18956, stack(0x000000d3e1e00000,0x000000d3e1f00000)]
  0x000002b5b9ac4000 JavaThread "jar transforms Thread 266" [_thread_blocked, id=15440, stack(0x000000d3e1f00000,0x000000d3e2000000)]
  0x000002b5b9ac3000 JavaThread "jar transforms Thread 267" [_thread_blocked, id=19360, stack(0x000000d3e2000000,0x000000d3e2100000)]
  0x000002b5b9ac1800 JavaThread "jar transforms Thread 268" [_thread_blocked, id=19292, stack(0x000000d3e2100000,0x000000d3e2200000)]
  0x000002b5b9ac2800 JavaThread "jar transforms Thread 269" [_thread_blocked, id=18868, stack(0x000000d3e2200000,0x000000d3e2300000)]
  0x000002b5b9abe800 JavaThread "jar transforms Thread 270" [_thread_blocked, id=19028, stack(0x000000d3e2300000,0x000000d3e2400000)]
  0x000002b5b9ac7800 JavaThread "jar transforms Thread 271" [_thread_blocked, id=18340, stack(0x000000d3e2400000,0x000000d3e2500000)]
  0x000002b5b9ac6800 JavaThread "jar transforms Thread 272" [_thread_blocked, id=1424, stack(0x000000d3e2500000,0x000000d3e2600000)]
  0x000002b5b9ac8000 JavaThread "jar transforms Thread 273" [_thread_blocked, id=15268, stack(0x000000d3e2600000,0x000000d3e2700000)]
  0x000002b5b9ac9000 JavaThread "jar transforms Thread 274" [_thread_blocked, id=13404, stack(0x000000d3e2700000,0x000000d3e2800000)]
  0x000002b5b566f800 JavaThread "jar transforms Thread 275" [_thread_blocked, id=20264, stack(0x000000d3e2800000,0x000000d3e2900000)]
  0x000002b5b566a000 JavaThread "jar transforms Thread 276" [_thread_blocked, id=17476, stack(0x000000d3e2900000,0x000000d3e2a00000)]
  0x000002b5b5670800 JavaThread "jar transforms Thread 277" [_thread_blocked, id=16420, stack(0x000000d3e2a00000,0x000000d3e2b00000)]
  0x000002b5b566b800 JavaThread "jar transforms Thread 278" [_thread_blocked, id=18124, stack(0x000000d3e2b00000,0x000000d3e2c00000)]
  0x000002b5b566a800 JavaThread "jar transforms Thread 279" [_thread_blocked, id=18436, stack(0x000000d3e2c00000,0x000000d3e2d00000)]
  0x000002b5b5672000 JavaThread "jar transforms Thread 280" [_thread_blocked, id=13748, stack(0x000000d3e2d00000,0x000000d3e2e00000)]
  0x000002b5b5676000 JavaThread "jar transforms Thread 281" [_thread_blocked, id=14744, stack(0x000000d3e2e00000,0x000000d3e2f00000)]
  0x000002b5b5673000 JavaThread "jar transforms Thread 282" [_thread_blocked, id=18104, stack(0x000000d3e2f00000,0x000000d3e3000000)]
  0x000002b5b5674800 JavaThread "jar transforms Thread 283" [_thread_blocked, id=17196, stack(0x000000d3e3000000,0x000000d3e3100000)]
  0x000002b5b5677000 JavaThread "jar transforms Thread 284" [_thread_blocked, id=20268, stack(0x000000d3e3100000,0x000000d3e3200000)]
  0x000002b5b5673800 JavaThread "jar transforms Thread 285" [_thread_blocked, id=18556, stack(0x000000d3e3200000,0x000000d3e3300000)]
  0x000002b5b5675800 JavaThread "jar transforms Thread 286" [_thread_blocked, id=18932, stack(0x000000d3e3300000,0x000000d3e3400000)]
  0x000002b5b5671000 JavaThread "jar transforms Thread 287" [_thread_blocked, id=19996, stack(0x000000d3e3400000,0x000000d3e3500000)]
  0x000002b5b5677800 JavaThread "jar transforms Thread 288" [_thread_blocked, id=19944, stack(0x000000d3e3500000,0x000000d3e3600000)]
  0x000002b5b12e1000 JavaThread "jar transforms Thread 289" [_thread_blocked, id=20056, stack(0x000000d3e3600000,0x000000d3e3700000)]
  0x000002b5b12e2000 JavaThread "jar transforms Thread 290" [_thread_blocked, id=20000, stack(0x000000d3e3700000,0x000000d3e3800000)]
  0x000002b5b12e3800 JavaThread "jar transforms Thread 291" [_thread_blocked, id=17700, stack(0x000000d3e3800000,0x000000d3e3900000)]
  0x000002b5b12e0000 JavaThread "jar transforms Thread 292" [_thread_blocked, id=20296, stack(0x000000d3e3900000,0x000000d3e3a00000)]
  0x000002b5b12e2800 JavaThread "jar transforms Thread 293" [_thread_blocked, id=20356, stack(0x000000d3e3a00000,0x000000d3e3b00000)]
  0x000002b5b12e4800 JavaThread "jar transforms Thread 294" [_thread_blocked, id=19848, stack(0x000000d3e3b00000,0x000000d3e3c00000)]
  0x000002b5b12de800 JavaThread "jar transforms Thread 295" [_thread_blocked, id=20300, stack(0x000000d3e3c00000,0x000000d3e3d00000)]
  0x000002b5b12e5000 JavaThread "jar transforms Thread 296" [_thread_blocked, id=20280, stack(0x000000d3e3d00000,0x000000d3e3e00000)]
  0x000002b5b12df800 JavaThread "jar transforms Thread 297" [_thread_blocked, id=19716, stack(0x000000d3e3e00000,0x000000d3e3f00000)]
  0x000002b5b12e8800 JavaThread "jar transforms Thread 298" [_thread_blocked, id=19796, stack(0x000000d3e3f00000,0x000000d3e4000000)]
  0x000002b5b12e9000 JavaThread "jar transforms Thread 299" [_thread_blocked, id=20312, stack(0x000000d3e4000000,0x000000d3e4100000)]
  0x000002b5b12eb000 JavaThread "jar transforms Thread 300" [_thread_blocked, id=20352, stack(0x000000d3e4100000,0x000000d3e4200000)]
  0x000002b5b12e6000 JavaThread "jar transforms Thread 301" [_thread_blocked, id=20320, stack(0x000000d3e4200000,0x000000d3e4300000)]
  0x000002b5b12ec800 JavaThread "jar transforms Thread 302" [_thread_blocked, id=20284, stack(0x000000d3e4300000,0x000000d3e4400000)]
  0x000002b5b2f55000 JavaThread "jar transforms Thread 303" [_thread_blocked, id=20164, stack(0x000000d3e4400000,0x000000d3e4500000)]
  0x000002b5b2f50000 JavaThread "jar transforms Thread 304" [_thread_blocked, id=20156, stack(0x000000d3e4500000,0x000000d3e4600000)]
  0x000002b5b2f50800 JavaThread "jar transforms Thread 305" [_thread_blocked, id=20160, stack(0x000000d3e4600000,0x000000d3e4700000)]
  0x000002b5b2f51800 JavaThread "jar transforms Thread 306" [_thread_blocked, id=17260, stack(0x000000d3e4700000,0x000000d3e4800000)]
  0x000002b5b2f52800 JavaThread "jar transforms Thread 307" [_thread_blocked, id=8868, stack(0x000000d3e4800000,0x000000d3e4900000)]
  0x000002b5b2f4f000 JavaThread "jar transforms Thread 308" [_thread_blocked, id=19740, stack(0x000000d3e4900000,0x000000d3e4a00000)]
  0x000002b5b9397000 JavaThread "jar transforms Thread 309" [_thread_blocked, id=20148, stack(0x000000d3e4a00000,0x000000d3e4b00000)]
  0x000002b5b9395800 JavaThread "jar transforms Thread 310" [_thread_blocked, id=5996, stack(0x000000d3e4b00000,0x000000d3e4c00000)]
  0x000002b5b939a000 JavaThread "jar transforms Thread 311" [_thread_blocked, id=19992, stack(0x000000d3e4c00000,0x000000d3e4d00000)]
  0x000002b5b939c000 JavaThread "jar transforms Thread 312" [_thread_blocked, id=20072, stack(0x000000d3e4d00000,0x000000d3e4e00000)]
  0x000002b5b9396000 JavaThread "jar transforms Thread 313" [_thread_blocked, id=19732, stack(0x000000d3e4e00000,0x000000d3e4f00000)]
  0x000002b5b939b000 JavaThread "jar transforms Thread 314" [_thread_blocked, id=20052, stack(0x000000d3e4f00000,0x000000d3e5000000)]
  0x000002b5b939c800 JavaThread "jar transforms Thread 315" [_thread_blocked, id=20032, stack(0x000000d3e5000000,0x000000d3e5100000)]
  0x000002b5b939d800 JavaThread "jar transforms Thread 316" [_thread_blocked, id=20036, stack(0x000000d3e5100000,0x000000d3e5200000)]
  0x000002b5b9399800 JavaThread "jar transforms Thread 317" [_thread_blocked, id=20084, stack(0x000000d3e5200000,0x000000d3e5300000)]
  0x000002b5b9397800 JavaThread "jar transforms Thread 318" [_thread_blocked, id=20028, stack(0x000000d3e5300000,0x000000d3e5400000)]
  0x000002b5b939e800 JavaThread "jar transforms Thread 319" [_thread_blocked, id=20044, stack(0x000000d3e5400000,0x000000d3e5500000)]
  0x000002b5b9398800 JavaThread "jar transforms Thread 320" [_thread_blocked, id=20168, stack(0x000000d3e5500000,0x000000d3e5600000)]
  0x000002b5b93a0000 JavaThread "jar transforms Thread 321" [_thread_blocked, id=18580, stack(0x000000d3e5600000,0x000000d3e5700000)]
  0x000002b5b93a0800 JavaThread "jar transforms Thread 322" [_thread_blocked, id=20304, stack(0x000000d3e5700000,0x000000d3e5800000)]
  0x000002b5b939f000 JavaThread "jar transforms Thread 323" [_thread_blocked, id=20308, stack(0x000000d3e5800000,0x000000d3e5900000)]
  0x000002b5b93a1800 JavaThread "jar transforms Thread 324" [_thread_blocked, id=20288, stack(0x000000d3e5900000,0x000000d3e5a00000)]
  0x000002b5b93a2800 JavaThread "jar transforms Thread 325" [_thread_blocked, id=19784, stack(0x000000d3e5a00000,0x000000d3e5b00000)]
  0x000002b5b93a3000 JavaThread "jar transforms Thread 326" [_thread_blocked, id=20316, stack(0x000000d3e5b00000,0x000000d3e5c00000)]
  0x000002b5b93a4000 JavaThread "jar transforms Thread 327" [_thread_blocked, id=20344, stack(0x000000d3e5c00000,0x000000d3e5d00000)]
  0x000002b5b276f000 JavaThread "jar transforms Thread 328" [_thread_blocked, id=20204, stack(0x000000d3e5d00000,0x000000d3e5e00000)]
  0x000002b5b2773000 JavaThread "jar transforms Thread 329" [_thread_blocked, id=20324, stack(0x000000d3e5e00000,0x000000d3e5f00000)]
  0x000002b5b2775800 JavaThread "jar transforms Thread 330" [_thread_blocked, id=20232, stack(0x000000d3e5f00000,0x000000d3e6000000)]
  0x000002b5b2772000 JavaThread "jar transforms Thread 331" [_thread_blocked, id=20244, stack(0x000000d3e6000000,0x000000d3e6100000)]
  0x000002b5b2771000 JavaThread "jar transforms Thread 332" [_thread_blocked, id=20240, stack(0x000000d3e6100000,0x000000d3e6200000)]
  0x000002b5b2770800 JavaThread "jar transforms Thread 333" [_thread_blocked, id=20220, stack(0x000000d3e6200000,0x000000d3e6300000)]
  0x000002b5b276f800 JavaThread "jar transforms Thread 334" [_thread_blocked, id=20224, stack(0x000000d3e6300000,0x000000d3e6400000)]
  0x000002b5b2774800 JavaThread "jar transforms Thread 335" [_thread_blocked, id=20216, stack(0x000000d3e6400000,0x000000d3e6500000)]
  0x000002b5b2776000 JavaThread "jar transforms Thread 336" [_thread_blocked, id=20088, stack(0x000000d3e6500000,0x000000d3e6600000)]
  0x000002b5b2777000 JavaThread "jar transforms Thread 337" [_thread_blocked, id=20132, stack(0x000000d3e6600000,0x000000d3e6700000)]
  0x000002b5b2773800 JavaThread "jar transforms Thread 338" [_thread_blocked, id=14792, stack(0x000000d3e6700000,0x000000d3e6800000)]
  0x000002b5b2779800 JavaThread "jar transforms Thread 339" [_thread_blocked, id=20092, stack(0x000000d3e6800000,0x000000d3e6900000)]
  0x000002b5b2778800 JavaThread "jar transforms Thread 340" [_thread_blocked, id=20212, stack(0x000000d3e6900000,0x000000d3e6a00000)]
  0x000002b5b277b000 JavaThread "jar transforms Thread 341" [_thread_blocked, id=20112, stack(0x000000d3e6a00000,0x000000d3e6b00000)]
  0x000002b5b277c000 JavaThread "jar transforms Thread 342" [_thread_blocked, id=20128, stack(0x000000d3e6b00000,0x000000d3e6c00000)]
  0x000002b5b277c800 JavaThread "jar transforms Thread 343" [_thread_blocked, id=20116, stack(0x000000d3e6c00000,0x000000d3e6d00000)]
  0x000002b5b277d800 JavaThread "jar transforms Thread 344" [_thread_blocked, id=20172, stack(0x000000d3e6d00000,0x000000d3e6e00000)]
  0x000002b5b2777800 JavaThread "jar transforms Thread 345" [_thread_blocked, id=19444, stack(0x000000d3e6e00000,0x000000d3e6f00000)]
  0x000002b5b277a000 JavaThread "jar transforms Thread 346" [_thread_blocked, id=15304, stack(0x000000d3e6f00000,0x000000d3e7000000)]
  0x000002b5b8ffb800 JavaThread "jar transforms Thread 347" [_thread_blocked, id=18360, stack(0x000000d3e7000000,0x000000d3e7100000)]
  0x000002b5b8ffe800 JavaThread "jar transforms Thread 348" [_thread_blocked, id=20252, stack(0x000000d3e7100000,0x000000d3e7200000)]
  0x000002b5b9002000 JavaThread "jar transforms Thread 349" [_thread_blocked, id=20384, stack(0x000000d3e7200000,0x000000d3e7300000)]
  0x000002b5b8ffd800 JavaThread "jar transforms Thread 350" [_thread_blocked, id=1240, stack(0x000000d3e7300000,0x000000d3e7400000)]
  0x000002b5b8ffc000 JavaThread "jar transforms Thread 351" [_thread_blocked, id=18888, stack(0x000000d3e7400000,0x000000d3e7500000)]
  0x000002b5b9000000 JavaThread "jar transforms Thread 352" [_thread_blocked, id=17364, stack(0x000000d3e7500000,0x000000d3e7600000)]
  0x000002b5b8ffd000 JavaThread "jar transforms Thread 353" [_thread_blocked, id=18676, stack(0x000000d3e7600000,0x000000d3e7700000)]
  0x000002b5b9001000 JavaThread "jar transforms Thread 354" [_thread_blocked, id=14300, stack(0x000000d3e7700000,0x000000d3e7800000)]
  0x000002b5b9004000 JavaThread "jar transforms Thread 355" [_thread_blocked, id=17516, stack(0x000000d3e7800000,0x000000d3e7900000)]
  0x000002b5b9002800 JavaThread "jar transforms Thread 356" [_thread_blocked, id=19284, stack(0x000000d3e7900000,0x000000d3e7a00000)]
  0x000002b5b9005000 JavaThread "jar transforms Thread 357" [_thread_blocked, id=1148, stack(0x000000d3e7a00000,0x000000d3e7b00000)]
  0x000002b5b9003800 JavaThread "Cache worker for Build Output Cleanup Cache (D:\IT\Git\doct24_android\.gradle\buildOutputCleanup)" [_thread_blocked, id=15880, stack(0x000000d3e7b00000,0x000000d3e7c00000)]
  0x000002b5b8fff800 JavaThread "Cache worker for file content cache (D:\IT\Git\doct24_android\.gradle\6.5\fileContent)" [_thread_blocked, id=20196, stack(0x000000d3e7c00000,0x000000d3e7d00000)]
  0x000002b5b9006800 JavaThread "Execution worker for ':'" [_thread_blocked, id=20100, stack(0x000000d3e7d00000,0x000000d3e7e00000)]
  0x000002b5b9006000 JavaThread "Execution worker for ':' Thread 2" [_thread_blocked, id=20120, stack(0x000000d3e7f00000,0x000000d3e8000000)]
  0x000002b5b9007800 JavaThread "Execution worker for ':' Thread 3" [_thread_blocked, id=16032, stack(0x000000d3e8000000,0x000000d3e8100000)]
  0x000002b5b900a000 JavaThread "Cache worker for execution history cache (D:\IT\Git\doct24_android\.gradle\6.5\executionHistory)" [_thread_blocked, id=4624, stack(0x000000d3e8100000,0x000000d3e8200000)]
  0x000002b5b9008800 JavaThread "WorkerExecutor Queue" [_thread_blocked, id=19856, stack(0x000000d3e8200000,0x000000d3e8300000)]
  0x000002b5b9009000 JavaThread "pool-6-thread-1" [_thread_blocked, id=19064, stack(0x000000d3e8300000,0x000000d3e8400000)]
  0x000002b5b9864800 JavaThread "stderr" [_thread_in_native, id=16104, stack(0x000000d3e8400000,0x000000d3e8500000)]
  0x000002b5b9861000 JavaThread "stdout" [_thread_in_native, id=3720, stack(0x000000d3e8500000,0x000000d3e8600000)]
  0x000002b5b9862000 JavaThread "WorkerExecutor Queue Thread 2" [_thread_blocked, id=14728, stack(0x000000d3e8600000,0x000000d3e8700000)]
  0x000002b5b9866000 JavaThread "RMI Scheduler(0)" daemon [_thread_blocked, id=19440, stack(0x000000d3e8700000,0x000000d3e8800000)]
  0x000002b5b9860800 JavaThread "RMI RenewClean-[127.0.0.1:17643,org.jetbrains.kotlin.daemon.common.LoopbackNetworkInterface$ClientLoopbackSocketFactory@574f7de3]" daemon [_thread_blocked, id=2788, stack(0x000000d3e8800000,0x000000d3e8900000)]
  0x000002b5b9867000 JavaThread "RMI GC Daemon" daemon [_thread_blocked, id=12292, stack(0x000000d3e8900000,0x000000d3e8a00000)]
  0x000002b5b9869800 JavaThread "RMI TCP Accept-0" daemon [_thread_in_native, id=19368, stack(0x000000d3e8a00000,0x000000d3e8b00000)]
  0x000002b5b9867800 JavaThread "RMI Reaper" [_thread_blocked, id=19364, stack(0x000000d3e8b00000,0x000000d3e8c00000)]

Other Threads:
=>0x000002b5b075a800 VMThread "VM Thread" [stack: 0x000000d3ddf00000,0x000000d3de000000] [id=1672]
  0x000002b5b11b6800 WatcherThread [stack: 0x000000d3de900000,0x000000d3dea00000] [id=16916]
  0x000002b591f6d800 GCTaskThread "GC Thread#0" [stack: 0x000000d3dda00000,0x000000d3ddb00000] [id=16604]
  0x000002b5b1781000 GCTaskThread "GC Thread#1" [stack: 0x000000d3dea00000,0x000000d3deb00000] [id=7404]
  0x000002b5b16d3800 GCTaskThread "GC Thread#2" [stack: 0x000000d3deb00000,0x000000d3dec00000] [id=9268]
  0x000002b5b2be1000 GCTaskThread "GC Thread#3" [stack: 0x000000d3df800000,0x000000d3df900000] [id=4900]
  0x000002b591fa1800 ConcurrentGCThread "G1 Main Marker" [stack: 0x000000d3ddb00000,0x000000d3ddc00000] [id=10700]
  0x000002b591fa2800 ConcurrentGCThread "G1 Conc#0" [stack: 0x000000d3ddc00000,0x000000d3ddd00000] [id=16524]
  0x000002b5b05c4800 ConcurrentGCThread "G1 Refine#0" [stack: 0x000000d3ddd00000,0x000000d3dde00000] [id=16480]
  0x000002b5b93a7800 ConcurrentGCThread "G1 Refine#1" [stack: 0x000000d3dd600000,0x000000d3dd700000] [id=17992]
  0x000002b5bb47f000 ConcurrentGCThread "G1 Refine#2" [stack: 0x000000d3dd700000,0x000000d3dd800000] [id=6580]
  0x000002b5b7c09800 ConcurrentGCThread "G1 Refine#3" [stack: 0x000000d3dd800000,0x000000d3dd900000] [id=9320]
  0x000002b5b05c9800 ConcurrentGCThread "G1 Young RemSet Sampling" [stack: 0x000000d3dde00000,0x000000d3ddf00000] [id=10952]

Threads with active compile tasks:
C2 CompilerThread08459902 17548       4       jdk.internal.org.objectweb.asm.ClassWriter::newNameTypeItem (71 bytes)

VM state:at safepoint (normal execution)

VM Mutex/Monitor currently owned by a thread:  ([mutex/lock_event])
[0x000002b591f53a50] Threads_lock - owner thread: 0x000002b5b075a800
[0x000002b591f52cd0] Heap_lock - owner thread: 0x000002b5b35ca000

Heap address: 0x0000000080000000, size: 2048 MB, Compressed Oops mode: 32-bit
Narrow klass base: 0x0000000000000000, Narrow klass shift: 3
Compressed class space size: 1073741824 Address: 0x0000000100000000

Heap:
 garbage-first heap   total 227328K, used 149489K [0x0000000080000000, 0x0000000100000000)
  region size 1024K, 3 young (3072K), 3 survivors (3072K)
 Metaspace       used 117444K, capacity 120218K, committed 120288K, reserved 1163264K
  class space    used 14398K, capacity 15376K, committed 15416K, reserved 1048576K
Heap Regions: E=young(eden), S=young(survivor), O=old, HS=humongous(starts), HC=humongous(continues), CS=collection set, F=free, A=archive, TAMS=top-at-mark-start (previous, next)
|   0|0x0000000080000000, 0x0000000080100000, 0x0000000080100000|100%| O|  |TAMS 0x0000000080100000, 0x0000000080100000| Untracked 
|   1|0x0000000080100000, 0x0000000080200000, 0x0000000080200000|100%| O|  |TAMS 0x0000000080200000, 0x0000000080200000| Untracked 
|   2|0x0000000080200000, 0x0000000080300000, 0x0000000080300000|100%| O|  |TAMS 0x0000000080300000, 0x0000000080300000| Untracked 
|   3|0x0000000080300000, 0x0000000080400000, 0x0000000080400000|100%|HS|  |TAMS 0x0000000080400000, 0x0000000080400000| Complete 
|   4|0x0000000080400000, 0x0000000080500000, 0x0000000080500000|100%|HC|  |TAMS 0x0000000080500000, 0x0000000080500000| Complete 
|   5|0x0000000080500000, 0x0000000080600000, 0x0000000080600000|100%|HC|  |TAMS 0x0000000080600000, 0x0000000080600000| Complete 
|   6|0x0000000080600000, 0x0000000080700000, 0x0000000080700000|100%| O|  |TAMS 0x0000000080700000, 0x0000000080700000| Untracked 
|   7|0x0000000080700000, 0x0000000080800000, 0x0000000080800000|100%| O|  |TAMS 0x0000000080800000, 0x0000000080800000| Untracked 
|   8|0x0000000080800000, 0x0000000080900000, 0x0000000080900000|100%| O|  |TAMS 0x0000000080900000, 0x0000000080900000| Untracked 
|   9|0x0000000080900000, 0x0000000080a00000, 0x0000000080a00000|100%| O|  |TAMS 0x0000000080a00000, 0x0000000080a00000| Untracked 
|  10|0x0000000080a00000, 0x0000000080b00000, 0x0000000080b00000|100%| O|  |TAMS 0x0000000080b00000, 0x0000000080b00000| Untracked 
|  11|0x0000000080b00000, 0x0000000080c00000, 0x0000000080c00000|100%| O|  |TAMS 0x0000000080c00000, 0x0000000080c00000| Untracked 
|  12|0x0000000080c00000, 0x0000000080d00000, 0x0000000080d00000|100%| O|  |TAMS 0x0000000080d00000, 0x0000000080d00000| Untracked 
|  13|0x0000000080d00000, 0x0000000080e00000, 0x0000000080e00000|100%| O|  |TAMS 0x0000000080e00000, 0x0000000080e00000| Untracked 
|  14|0x0000000080e00000, 0x0000000080f00000, 0x0000000080f00000|100%|HS|  |TAMS 0x0000000080f00000, 0x0000000080f00000| Complete 
|  15|0x0000000080f00000, 0x0000000081000000, 0x0000000081000000|100%|HC|  |TAMS 0x0000000081000000, 0x0000000081000000| Complete 
|  16|0x0000000081000000, 0x0000000081100000, 0x0000000081100000|100%|HS|  |TAMS 0x0000000081100000, 0x0000000081100000| Complete 
|  17|0x0000000081100000, 0x0000000081200000, 0x0000000081200000|100%|HC|  |TAMS 0x0000000081200000, 0x0000000081200000| Complete 
|  18|0x0000000081200000, 0x0000000081300000, 0x0000000081300000|100%|HC|  |TAMS 0x0000000081300000, 0x0000000081300000| Complete 
|  19|0x0000000081300000, 0x0000000081400000, 0x0000000081400000|100%|HS|  |TAMS 0x0000000081400000, 0x0000000081400000| Complete 
|  20|0x0000000081400000, 0x0000000081500000, 0x0000000081500000|100%|HC|  |TAMS 0x0000000081500000, 0x0000000081500000| Complete 
|  21|0x0000000081500000, 0x0000000081600000, 0x0000000081600000|100%|HC|  |TAMS 0x0000000081600000, 0x0000000081600000| Complete 
|  22|0x0000000081600000, 0x0000000081700000, 0x0000000081700000|100%|HC|  |TAMS 0x0000000081700000, 0x0000000081700000| Complete 
|  23|0x0000000081700000, 0x0000000081800000, 0x0000000081800000|100%|HC|  |TAMS 0x0000000081800000, 0x0000000081800000| Complete 
|  24|0x0000000081800000, 0x0000000081900000, 0x0000000081900000|100%| O|  |TAMS 0x0000000081900000, 0x0000000081900000| Untracked 
|  25|0x0000000081900000, 0x0000000081a00000, 0x0000000081a00000|100%| O|  |TAMS 0x0000000081a00000, 0x0000000081a00000| Untracked 
|  26|0x0000000081a00000, 0x0000000081b00000, 0x0000000081b00000|100%| O|  |TAMS 0x0000000081b00000, 0x0000000081b00000| Untracked 
|  27|0x0000000081b00000, 0x0000000081c00000, 0x0000000081c00000|100%| O|  |TAMS 0x0000000081c00000, 0x0000000081c00000| Untracked 
|  28|0x0000000081c00000, 0x0000000081d00000, 0x0000000081d00000|100%| O|  |TAMS 0x0000000081d00000, 0x0000000081d00000| Untracked 
|  29|0x0000000081d00000, 0x0000000081e00000, 0x0000000081e00000|100%| O|  |TAMS 0x0000000081e00000, 0x0000000081e00000| Untracked 
|  30|0x0000000081e00000, 0x0000000081f00000, 0x0000000081f00000|100%| O|  |TAMS 0x0000000081f00000, 0x0000000081f00000| Untracked 
|  31|0x0000000081f00000, 0x0000000082000000, 0x0000000082000000|100%| O|  |TAMS 0x0000000082000000, 0x0000000082000000| Untracked 
|  32|0x0000000082000000, 0x0000000082100000, 0x0000000082100000|100%| O|  |TAMS 0x0000000082100000, 0x0000000082100000| Untracked 
|  33|0x0000000082100000, 0x0000000082200000, 0x0000000082200000|100%| O|  |TAMS 0x0000000082200000, 0x0000000082200000| Untracked 
|  34|0x0000000082200000, 0x0000000082300000, 0x0000000082300000|100%| O|  |TAMS 0x0000000082300000, 0x0000000082300000| Untracked 
|  35|0x0000000082300000, 0x0000000082400000, 0x0000000082400000|100%|HS|  |TAMS 0x0000000082400000, 0x0000000082400000| Complete 
|  36|0x0000000082400000, 0x0000000082500000, 0x0000000082500000|100%|HS|  |TAMS 0x0000000082500000, 0x0000000082500000| Complete 
|  37|0x0000000082500000, 0x0000000082600000, 0x0000000082600000|100%|HC|  |TAMS 0x0000000082600000, 0x0000000082600000| Complete 
|  38|0x0000000082600000, 0x0000000082700000, 0x0000000082700000|100%|HC|  |TAMS 0x0000000082700000, 0x0000000082700000| Complete 
|  39|0x0000000082700000, 0x0000000082800000, 0x0000000082800000|100%|HS|  |TAMS 0x0000000082800000, 0x0000000082800000| Complete 
|  40|0x0000000082800000, 0x0000000082900000, 0x0000000082900000|100%|HC|  |TAMS 0x0000000082900000, 0x0000000082900000| Complete 
|  41|0x0000000082900000, 0x0000000082a00000, 0x0000000082a00000|100%| O|  |TAMS 0x0000000082900000, 0x0000000082a00000| Untracked 
|  42|0x0000000082a00000, 0x0000000082b00000, 0x0000000082b00000|100%| O|  |TAMS 0x0000000082b00000, 0x0000000082b00000| Untracked 
|  43|0x0000000082b00000, 0x0000000082c00000, 0x0000000082c00000|100%| O|  |TAMS 0x0000000082b00000, 0x0000000082c00000| Untracked 
|  44|0x0000000082c00000, 0x0000000082d00000, 0x0000000082d00000|100%| O|  |TAMS 0x0000000082d00000, 0x0000000082d00000| Untracked 
|  45|0x0000000082d00000, 0x0000000082e00000, 0x0000000082e00000|100%| O|  |TAMS 0x0000000082e00000, 0x0000000082e00000| Untracked 
|  46|0x0000000082e00000, 0x0000000082f00000, 0x0000000082f00000|100%| O|  |TAMS 0x0000000082e00000, 0x0000000082f00000| Untracked 
|  47|0x0000000082f00000, 0x0000000083000000, 0x0000000083000000|100%| O|  |TAMS 0x0000000082f00000, 0x0000000083000000| Untracked 
|  48|0x0000000083000000, 0x0000000083100000, 0x0000000083100000|100%| O|  |TAMS 0x0000000083100000, 0x0000000083100000| Untracked 
|  49|0x0000000083100000, 0x0000000083200000, 0x0000000083200000|100%| O|  |TAMS 0x0000000083200000, 0x0000000083200000| Untracked 
|  50|0x0000000083200000, 0x0000000083300000, 0x0000000083300000|100%| O|  |TAMS 0x0000000083300000, 0x0000000083300000| Untracked 
|  51|0x0000000083300000, 0x0000000083400000, 0x0000000083400000|100%| O|  |TAMS 0x0000000083400000, 0x0000000083400000| Untracked 
|  52|0x0000000083400000, 0x0000000083500000, 0x0000000083500000|100%| O|  |TAMS 0x0000000083500000, 0x0000000083500000| Untracked 
|  53|0x0000000083500000, 0x0000000083600000, 0x0000000083600000|100%| O|  |TAMS 0x0000000083600000, 0x0000000083600000| Untracked 
|  54|0x0000000083600000, 0x0000000083700000, 0x0000000083700000|100%| O|  |TAMS 0x0000000083700000, 0x0000000083700000| Untracked 
|  55|0x0000000083700000, 0x0000000083800000, 0x0000000083800000|100%| O|  |TAMS 0x0000000083800000, 0x0000000083800000| Untracked 
|  56|0x0000000083800000, 0x0000000083900000, 0x0000000083900000|100%| O|  |TAMS 0x0000000083800000, 0x0000000083900000| Untracked 
|  57|0x0000000083900000, 0x0000000083a00000, 0x0000000083a00000|100%| O|  |TAMS 0x0000000083a00000, 0x0000000083a00000| Untracked 
|  58|0x0000000083a00000, 0x0000000083b00000, 0x0000000083b00000|100%| O|  |TAMS 0x0000000083b00000, 0x0000000083b00000| Untracked 
|  59|0x0000000083b00000, 0x0000000083c00000, 0x0000000083c00000|100%| O|  |TAMS 0x0000000083b00000, 0x0000000083c00000| Untracked 
|  60|0x0000000083c00000, 0x0000000083d00000, 0x0000000083d00000|100%| O|  |TAMS 0x0000000083c00000, 0x0000000083d00000| Untracked 
|  61|0x0000000083d00000, 0x0000000083e00000, 0x0000000083e00000|100%| O|  |TAMS 0x0000000083d00000, 0x0000000083e00000| Untracked 
|  62|0x0000000083e00000, 0x0000000083f00000, 0x0000000083f00000|100%| O|  |TAMS 0x0000000083e00000, 0x0000000083f00000| Untracked 
|  63|0x0000000083f00000, 0x0000000084000000, 0x0000000084000000|100%| O|  |TAMS 0x0000000083f00000, 0x0000000084000000| Untracked 
|  64|0x0000000084000000, 0x0000000084100000, 0x0000000084100000|100%| O|  |TAMS 0x0000000084000000, 0x0000000084100000| Untracked 
|  65|0x0000000084100000, 0x0000000084200000, 0x0000000084200000|100%| O|  |TAMS 0x0000000084200000, 0x0000000084200000| Untracked 
|  66|0x0000000084200000, 0x0000000084300000, 0x0000000084300000|100%| O|  |TAMS 0x0000000084300000, 0x0000000084300000| Untracked 
|  67|0x0000000084300000, 0x0000000084400000, 0x0000000084400000|100%| O|  |TAMS 0x0000000084400000, 0x0000000084400000| Untracked 
|  68|0x0000000084400000, 0x0000000084500000, 0x0000000084500000|100%| O|  |TAMS 0x0000000084500000, 0x0000000084500000| Untracked 
|  69|0x0000000084500000, 0x0000000084600000, 0x0000000084600000|100%| O|  |TAMS 0x0000000084500000, 0x0000000084600000| Untracked 
|  70|0x0000000084600000, 0x0000000084700000, 0x0000000084700000|100%| O|  |TAMS 0x0000000084700000, 0x0000000084700000| Untracked 
|  71|0x0000000084700000, 0x0000000084800000, 0x0000000084800000|100%| O|  |TAMS 0x0000000084800000, 0x0000000084800000| Untracked 
|  72|0x0000000084800000, 0x0000000084900000, 0x0000000084900000|100%| O|  |TAMS 0x0000000084900000, 0x0000000084900000| Untracked 
|  73|0x0000000084900000, 0x0000000084a00000, 0x0000000084a00000|100%| O|  |TAMS 0x0000000084a00000, 0x0000000084a00000| Untracked 
|  74|0x0000000084a00000, 0x0000000084b00000, 0x0000000084b00000|100%| O|  |TAMS 0x0000000084b00000, 0x0000000084b00000| Untracked 
|  75|0x0000000084b00000, 0x0000000084c00000, 0x0000000084c00000|100%| O|  |TAMS 0x0000000084c00000, 0x0000000084c00000| Untracked 
|  76|0x0000000084c00000, 0x0000000084d00000, 0x0000000084d00000|100%| O|  |TAMS 0x0000000084cc6200, 0x0000000084d00000| Untracked 
|  77|0x0000000084d00000, 0x0000000084e00000, 0x0000000084e00000|100%| O|  |TAMS 0x0000000084d00000, 0x0000000084e00000| Untracked 
|  78|0x0000000084e00000, 0x0000000084f00000, 0x0000000084f00000|100%| O|  |TAMS 0x0000000084f00000, 0x0000000084f00000| Untracked 
|  79|0x0000000084f00000, 0x0000000085000000, 0x0000000085000000|100%| O|  |TAMS 0x0000000084f00000, 0x0000000085000000| Untracked 
|  80|0x0000000085000000, 0x0000000085100000, 0x0000000085100000|100%| O|  |TAMS 0x0000000085000000, 0x0000000085100000| Untracked 
|  81|0x0000000085100000, 0x0000000085200000, 0x0000000085200000|100%| O|  |TAMS 0x0000000085100000, 0x0000000085200000| Untracked 
|  82|0x0000000085200000, 0x0000000085300000, 0x0000000085300000|100%| O|  |TAMS 0x0000000085200000, 0x0000000085300000| Untracked 
|  83|0x0000000085300000, 0x0000000085400000, 0x0000000085400000|100%| O|  |TAMS 0x0000000085300000, 0x0000000085400000| Untracked 
|  84|0x0000000085400000, 0x0000000085500000, 0x0000000085500000|100%| O|  |TAMS 0x0000000085500000, 0x0000000085500000| Untracked 
|  85|0x0000000085500000, 0x0000000085600000, 0x0000000085600000|100%| O|  |TAMS 0x0000000085500000, 0x0000000085600000| Untracked 
|  86|0x0000000085600000, 0x0000000085700000, 0x0000000085700000|100%| O|  |TAMS 0x0000000085600000, 0x0000000085700000| Untracked 
|  87|0x0000000085700000, 0x0000000085800000, 0x0000000085800000|100%| O|  |TAMS 0x0000000085700000, 0x0000000085800000| Untracked 
|  88|0x0000000085800000, 0x0000000085900000, 0x0000000085900000|100%| O|  |TAMS 0x0000000085900000, 0x0000000085900000| Untracked 
|  89|0x0000000085900000, 0x0000000085a00000, 0x0000000085a00000|100%| O|  |TAMS 0x0000000085900000, 0x0000000085a00000| Untracked 
|  90|0x0000000085a00000, 0x0000000085b00000, 0x0000000085b00000|100%| O|  |TAMS 0x0000000085a00000, 0x0000000085b00000| Untracked 
|  91|0x0000000085b00000, 0x0000000085c00000, 0x0000000085c00000|100%| O|  |TAMS 0x0000000085c00000, 0x0000000085c00000| Untracked 
|  92|0x0000000085c00000, 0x0000000085d00000, 0x0000000085d00000|100%| O|  |TAMS 0x0000000085c00000, 0x0000000085d00000| Untracked 
|  93|0x0000000085d00000, 0x0000000085e00000, 0x0000000085e00000|100%| O|  |TAMS 0x0000000085d00000, 0x0000000085e00000| Untracked 
|  94|0x0000000085e00000, 0x0000000085f00000, 0x0000000085f00000|100%| O|  |TAMS 0x0000000085e00000, 0x0000000085f00000| Untracked 
|  95|0x0000000085f00000, 0x0000000086000000, 0x0000000086000000|100%| O|  |TAMS 0x0000000085f00000, 0x0000000086000000| Untracked 
|  96|0x0000000086000000, 0x0000000086100000, 0x0000000086100000|100%| O|  |TAMS 0x0000000086000000, 0x0000000086100000| Untracked 
|  97|0x0000000086100000, 0x0000000086200000, 0x0000000086200000|100%| O|  |TAMS 0x0000000086100000, 0x0000000086200000| Untracked 
|  98|0x0000000086200000, 0x0000000086300000, 0x0000000086300000|100%| O|  |TAMS 0x0000000086200000, 0x0000000086300000| Untracked 
|  99|0x0000000086300000, 0x0000000086400000, 0x0000000086400000|100%| O|  |TAMS 0x0000000086300000, 0x0000000086400000| Untracked 
| 100|0x0000000086400000, 0x0000000086500000, 0x0000000086500000|100%| O|  |TAMS 0x0000000086400000, 0x0000000086500000| Untracked 
| 101|0x0000000086500000, 0x0000000086600000, 0x0000000086600000|100%| O|  |TAMS 0x0000000086600000, 0x0000000086600000| Untracked 
| 102|0x0000000086600000, 0x0000000086700000, 0x0000000086700000|100%| O|  |TAMS 0x0000000086700000, 0x0000000086700000| Untracked 
| 103|0x0000000086700000, 0x0000000086800000, 0x0000000086800000|100%| O|  |TAMS 0x0000000086800000, 0x0000000086800000| Untracked 
| 104|0x0000000086800000, 0x0000000086900000, 0x0000000086900000|100%| O|  |TAMS 0x0000000086900000, 0x0000000086900000| Untracked 
| 105|0x0000000086900000, 0x0000000086a00000, 0x0000000086a00000|100%| O|  |TAMS 0x0000000086a00000, 0x0000000086a00000| Untracked 
| 106|0x0000000086a00000, 0x0000000086b00000, 0x0000000086b00000|100%| O|  |TAMS 0x0000000086b00000, 0x0000000086b00000| Untracked 
| 107|0x0000000086b00000, 0x0000000086c00000, 0x0000000086c00000|100%| O|  |TAMS 0x0000000086c00000, 0x0000000086c00000| Untracked 
| 108|0x0000000086c00000, 0x0000000086d00000, 0x0000000086d00000|100%| O|  |TAMS 0x0000000086d00000, 0x0000000086d00000| Untracked 
| 109|0x0000000086d00000, 0x0000000086e00000, 0x0000000086e00000|100%| O|  |TAMS 0x0000000086e00000, 0x0000000086e00000| Untracked 
| 110|0x0000000086e00000, 0x0000000086f00000, 0x0000000086f00000|100%| O|  |TAMS 0x0000000086f00000, 0x0000000086f00000| Untracked 
| 111|0x0000000086f00000, 0x0000000087000000, 0x0000000087000000|100%| O|  |TAMS 0x0000000086f00000, 0x0000000087000000| Untracked 
| 112|0x0000000087000000, 0x0000000087100000, 0x0000000087100000|100%| O|  |TAMS 0x0000000087100000, 0x0000000087100000| Untracked 
| 113|0x0000000087100000, 0x0000000087200000, 0x0000000087200000|100%| O|  |TAMS 0x0000000087100000, 0x0000000087200000| Untracked 
| 114|0x0000000087200000, 0x0000000087300000, 0x0000000087300000|100%| O|  |TAMS 0x0000000087300000, 0x0000000087300000| Untracked 
| 115|0x0000000087300000, 0x0000000087400000, 0x0000000087400000|100%| O|  |TAMS 0x0000000087300000, 0x0000000087400000| Untracked 
| 116|0x0000000087400000, 0x0000000087500000, 0x0000000087500000|100%| O|  |TAMS 0x0000000087400000, 0x0000000087500000| Untracked 
| 117|0x0000000087500000, 0x0000000087600000, 0x0000000087600000|100%| O|  |TAMS 0x0000000087500000, 0x0000000087600000| Untracked 
| 118|0x0000000087600000, 0x0000000087700000, 0x0000000087700000|100%| O|  |TAMS 0x0000000087600000, 0x0000000087700000| Untracked 
| 119|0x0000000087700000, 0x0000000087800000, 0x0000000087800000|100%| O|  |TAMS 0x0000000087700000, 0x0000000087800000| Untracked 
| 120|0x0000000087800000, 0x0000000087900000, 0x0000000087900000|100%| O|  |TAMS 0x0000000087800000, 0x0000000087900000| Untracked 
| 121|0x0000000087900000, 0x0000000087a00000, 0x0000000087a00000|100%| O|  |TAMS 0x0000000087900000, 0x0000000087a00000| Untracked 
| 122|0x0000000087a00000, 0x0000000087b00000, 0x0000000087b00000|100%| O|  |TAMS 0x0000000087a00000, 0x0000000087b00000| Untracked 
| 123|0x0000000087b00000, 0x0000000087c00000, 0x0000000087c00000|100%| O|  |TAMS 0x0000000087b00000, 0x0000000087c00000| Untracked 
| 124|0x0000000087c00000, 0x0000000087d00000, 0x0000000087d00000|100%| O|  |TAMS 0x0000000087d00000, 0x0000000087d00000| Untracked 
| 125|0x0000000087d00000, 0x0000000087e00000, 0x0000000087e00000|100%| O|  |TAMS 0x0000000087e00000, 0x0000000087e00000| Untracked 
| 126|0x0000000087e00000, 0x0000000087f00000, 0x0000000087f00000|100%| O|  |TAMS 0x0000000087f00000, 0x0000000087f00000| Untracked 
| 127|0x0000000087f00000, 0x0000000088000000, 0x0000000088000000|100%| O|  |TAMS 0x0000000088000000, 0x0000000088000000| Untracked 
| 128|0x0000000088000000, 0x0000000088100000, 0x0000000088100000|100%| O|  |TAMS 0x0000000088100000, 0x0000000088100000| Untracked 
| 129|0x0000000088100000, 0x0000000088200000, 0x0000000088200000|100%| O|  |TAMS 0x0000000088200000, 0x0000000088200000| Untracked 
| 130|0x0000000088200000, 0x0000000088300000, 0x0000000088300000|100%| O|  |TAMS 0x0000000088300000, 0x0000000088300000| Untracked 
| 131|0x0000000088300000, 0x0000000088400000, 0x0000000088400000|100%| O|  |TAMS 0x0000000088400000, 0x0000000088400000| Untracked 
| 132|0x0000000088400000, 0x0000000088500000, 0x0000000088500000|100%| O|  |TAMS 0x0000000088500000, 0x0000000088500000| Untracked 
| 133|0x0000000088500000, 0x0000000088600000, 0x0000000088600000|100%| O|  |TAMS 0x0000000088600000, 0x0000000088600000| Untracked 
| 134|0x0000000088600000, 0x0000000088700000, 0x0000000088700000|100%| O|  |TAMS 0x0000000088600000, 0x0000000088700000| Untracked 
| 135|0x0000000088700000, 0x0000000088788000, 0x0000000088800000| 53%| O|  |TAMS 0x0000000088700000, 0x0000000088788000| Untracked 
| 136|0x0000000088800000, 0x0000000088800000, 0x0000000088900000|  0%| F|  |TAMS 0x0000000088800000, 0x0000000088800000| Untracked 
| 137|0x0000000088900000, 0x0000000088900000, 0x0000000088a00000|  0%| F|  |TAMS 0x0000000088900000, 0x0000000088900000| Untracked 
| 138|0x0000000088a00000, 0x0000000088a00000, 0x0000000088b00000|  0%| F|  |TAMS 0x0000000088a00000, 0x0000000088a00000| Untracked 
| 139|0x0000000088b00000, 0x0000000088b00000, 0x0000000088c00000|  0%| F|  |TAMS 0x0000000088b00000, 0x0000000088b00000| Untracked 
| 140|0x0000000088c00000, 0x0000000088c00000, 0x0000000088d00000|  0%| F|  |TAMS 0x0000000088c00000, 0x0000000088c00000| Untracked 
| 141|0x0000000088d00000, 0x0000000088d00000, 0x0000000088e00000|  0%| F|  |TAMS 0x0000000088d00000, 0x0000000088d00000| Untracked 
| 142|0x0000000088e00000, 0x0000000088f00000, 0x0000000088f00000|100%| O|  |TAMS 0x0000000088e00000, 0x0000000088f00000| Untracked 
| 143|0x0000000088f00000, 0x0000000089000000, 0x0000000089000000|100%| O|  |TAMS 0x0000000088f00000, 0x0000000089000000| Untracked 
| 144|0x0000000089000000, 0x0000000089100000, 0x0000000089100000|100%| O|  |TAMS 0x0000000089000000, 0x0000000089100000| Untracked 
| 145|0x0000000089100000, 0x0000000089200000, 0x0000000089200000|100%| O|  |TAMS 0x0000000089100000, 0x0000000089200000| Untracked 
| 146|0x0000000089200000, 0x0000000089300000, 0x0000000089300000|100%| O|  |TAMS 0x0000000089200000, 0x0000000089300000| Untracked 
| 147|0x0000000089300000, 0x0000000089400000, 0x0000000089400000|100%| O|  |TAMS 0x0000000089300000, 0x0000000089400000| Untracked 
| 148|0x0000000089400000, 0x0000000089500000, 0x0000000089500000|100%| O|  |TAMS 0x0000000089400000, 0x0000000089500000| Untracked 
| 149|0x0000000089500000, 0x0000000089600000, 0x0000000089600000|100%| O|  |TAMS 0x0000000089500000, 0x0000000089600000| Untracked 
| 150|0x0000000089600000, 0x0000000089600000, 0x0000000089700000|  0%| F|  |TAMS 0x0000000089600000, 0x0000000089600000| Untracked 
| 151|0x0000000089700000, 0x0000000089700000, 0x0000000089800000|  0%| F|  |TAMS 0x0000000089700000, 0x0000000089700000| Untracked 
| 152|0x0000000089800000, 0x0000000089800000, 0x0000000089900000|  0%| F|  |TAMS 0x0000000089800000, 0x0000000089800000| Untracked 
| 153|0x0000000089900000, 0x0000000089900000, 0x0000000089a00000|  0%| F|  |TAMS 0x0000000089900000, 0x0000000089900000| Untracked 
| 154|0x0000000089a00000, 0x0000000089a00000, 0x0000000089b00000|  0%| F|  |TAMS 0x0000000089a00000, 0x0000000089a00000| Untracked 
| 155|0x0000000089b00000, 0x0000000089b00000, 0x0000000089c00000|  0%| F|  |TAMS 0x0000000089b00000, 0x0000000089b00000| Untracked 
| 156|0x0000000089c00000, 0x0000000089c00000, 0x0000000089d00000|  0%| F|  |TAMS 0x0000000089c00000, 0x0000000089c00000| Untracked 
| 157|0x0000000089d00000, 0x0000000089d00000, 0x0000000089e00000|  0%| F|  |TAMS 0x0000000089d00000, 0x0000000089d00000| Untracked 
| 158|0x0000000089e00000, 0x0000000089e00000, 0x0000000089f00000|  0%| F|  |TAMS 0x0000000089e00000, 0x0000000089e00000| Untracked 
| 159|0x0000000089f00000, 0x0000000089f00000, 0x000000008a000000|  0%| F|  |TAMS 0x0000000089f00000, 0x0000000089f00000| Untracked 
| 160|0x000000008a000000, 0x000000008a000000, 0x000000008a100000|  0%| F|  |TAMS 0x000000008a000000, 0x000000008a000000| Untracked 
| 161|0x000000008a100000, 0x000000008a100000, 0x000000008a200000|  0%| F|  |TAMS 0x000000008a100000, 0x000000008a100000| Untracked 
| 162|0x000000008a200000, 0x000000008a200000, 0x000000008a300000|  0%| F|  |TAMS 0x000000008a200000, 0x000000008a200000| Untracked 
| 163|0x000000008a300000, 0x000000008a300000, 0x000000008a400000|  0%| F|  |TAMS 0x000000008a300000, 0x000000008a300000| Untracked 
| 164|0x000000008a400000, 0x000000008a400000, 0x000000008a500000|  0%| F|  |TAMS 0x000000008a400000, 0x000000008a400000| Untracked 
| 165|0x000000008a500000, 0x000000008a500000, 0x000000008a600000|  0%| F|  |TAMS 0x000000008a500000, 0x000000008a500000| Untracked 
| 166|0x000000008a600000, 0x000000008a600000, 0x000000008a700000|  0%| F|  |TAMS 0x000000008a600000, 0x000000008a600000| Untracked 
| 167|0x000000008a700000, 0x000000008a700000, 0x000000008a800000|  0%| F|  |TAMS 0x000000008a700000, 0x000000008a700000| Untracked 
| 168|0x000000008a800000, 0x000000008a800000, 0x000000008a900000|  0%| F|  |TAMS 0x000000008a800000, 0x000000008a800000| Untracked 
| 169|0x000000008a900000, 0x000000008a900000, 0x000000008aa00000|  0%| F|  |TAMS 0x000000008a900000, 0x000000008a900000| Untracked 
| 170|0x000000008aa00000, 0x000000008aa00000, 0x000000008ab00000|  0%| F|  |TAMS 0x000000008aa00000, 0x000000008aa00000| Untracked 
| 171|0x000000008ab00000, 0x000000008ab00000, 0x000000008ac00000|  0%| F|  |TAMS 0x000000008ab00000, 0x000000008ab00000| Untracked 
| 172|0x000000008ac00000, 0x000000008ac00000, 0x000000008ad00000|  0%| F|  |TAMS 0x000000008ac00000, 0x000000008ac00000| Untracked 
| 173|0x000000008ad00000, 0x000000008ad00000, 0x000000008ae00000|  0%| F|  |TAMS 0x000000008ad00000, 0x000000008ad00000| Untracked 
| 174|0x000000008ae00000, 0x000000008ae00000, 0x000000008af00000|  0%| F|  |TAMS 0x000000008ae00000, 0x000000008ae00000| Untracked 
| 175|0x000000008af00000, 0x000000008af00000, 0x000000008b000000|  0%| F|  |TAMS 0x000000008af00000, 0x000000008af00000| Untracked 
| 176|0x000000008b000000, 0x000000008b000000, 0x000000008b100000|  0%| F|  |TAMS 0x000000008b000000, 0x000000008b000000| Untracked 
| 177|0x000000008b100000, 0x000000008b100000, 0x000000008b200000|  0%| F|  |TAMS 0x000000008b100000, 0x000000008b100000| Untracked 
| 178|0x000000008b200000, 0x000000008b200000, 0x000000008b300000|  0%| F|  |TAMS 0x000000008b200000, 0x000000008b200000| Untracked 
| 179|0x000000008b300000, 0x000000008b300000, 0x000000008b400000|  0%| F|  |TAMS 0x000000008b300000, 0x000000008b300000| Untracked 
| 180|0x000000008b400000, 0x000000008b400000, 0x000000008b500000|  0%| F|  |TAMS 0x000000008b400000, 0x000000008b400000| Untracked 
| 181|0x000000008b500000, 0x000000008b500000, 0x000000008b600000|  0%| F|  |TAMS 0x000000008b500000, 0x000000008b500000| Untracked 
| 182|0x000000008b600000, 0x000000008b600000, 0x000000008b700000|  0%| F|  |TAMS 0x000000008b600000, 0x000000008b600000| Untracked 
| 183|0x000000008b700000, 0x000000008b700000, 0x000000008b800000|  0%| F|  |TAMS 0x000000008b700000, 0x000000008b700000| Untracked 
| 184|0x000000008b800000, 0x000000008b800000, 0x000000008b900000|  0%| F|  |TAMS 0x000000008b800000, 0x000000008b800000| Untracked 
| 185|0x000000008b900000, 0x000000008b900000, 0x000000008ba00000|  0%| F|  |TAMS 0x000000008b900000, 0x000000008b900000| Untracked 
| 186|0x000000008ba00000, 0x000000008ba00000, 0x000000008bb00000|  0%| F|  |TAMS 0x000000008ba00000, 0x000000008ba00000| Untracked 
| 187|0x000000008bb00000, 0x000000008bb00000, 0x000000008bc00000|  0%| F|  |TAMS 0x000000008bb00000, 0x000000008bb00000| Untracked 
| 188|0x000000008bc00000, 0x000000008bc00000, 0x000000008bd00000|  0%| F|  |TAMS 0x000000008bc00000, 0x000000008bc00000| Untracked 
| 189|0x000000008bd00000, 0x000000008bd74730, 0x000000008be00000| 45%| S|CS|TAMS 0x000000008bd00000, 0x000000008bd00000| Complete 
| 190|0x000000008be00000, 0x000000008bf00000, 0x000000008bf00000|100%| S|CS|TAMS 0x000000008be00000, 0x000000008be00000| Complete 
| 191|0x000000008bf00000, 0x000000008c000000, 0x000000008c000000|100%| S|CS|TAMS 0x000000008bf00000, 0x000000008bf00000| Complete 
| 192|0x000000008c000000, 0x000000008c000000, 0x000000008c100000|  0%| F|  |TAMS 0x000000008c000000, 0x000000008c000000| Untracked 
| 193|0x000000008c100000, 0x000000008c100000, 0x000000008c200000|  0%| F|  |TAMS 0x000000008c100000, 0x000000008c100000| Untracked 
| 194|0x000000008c200000, 0x000000008c200000, 0x000000008c300000|  0%| F|  |TAMS 0x000000008c200000, 0x000000008c200000| Untracked 
| 195|0x000000008c300000, 0x000000008c300000, 0x000000008c400000|  0%| F|  |TAMS 0x000000008c300000, 0x000000008c300000| Untracked 
| 196|0x000000008c400000, 0x000000008c400000, 0x000000008c500000|  0%| F|  |TAMS 0x000000008c400000, 0x000000008c400000| Untracked 
| 197|0x000000008c500000, 0x000000008c500000, 0x000000008c600000|  0%| F|  |TAMS 0x000000008c500000, 0x000000008c500000| Untracked 
| 198|0x000000008c600000, 0x000000008c600000, 0x000000008c700000|  0%| F|  |TAMS 0x000000008c600000, 0x000000008c600000| Untracked 
| 199|0x000000008c700000, 0x000000008c700000, 0x000000008c800000|  0%| F|  |TAMS 0x000000008c700000, 0x000000008c700000| Untracked 
| 200|0x000000008c800000, 0x000000008c800000, 0x000000008c900000|  0%| F|  |TAMS 0x000000008c800000, 0x000000008c800000| Untracked 
| 201|0x000000008c900000, 0x000000008c900000, 0x000000008ca00000|  0%| F|  |TAMS 0x000000008c900000, 0x000000008c900000| Untracked 
| 202|0x000000008ca00000, 0x000000008ca00000, 0x000000008cb00000|  0%| F|  |TAMS 0x000000008ca00000, 0x000000008ca00000| Untracked 
| 203|0x000000008cb00000, 0x000000008cb00000, 0x000000008cc00000|  0%| F|  |TAMS 0x000000008cb00000, 0x000000008cb00000| Untracked 
| 204|0x000000008cc00000, 0x000000008cc00000, 0x000000008cd00000|  0%| F|  |TAMS 0x000000008cc00000, 0x000000008cc00000| Untracked 
| 205|0x000000008cd00000, 0x000000008cd00000, 0x000000008ce00000|  0%| F|  |TAMS 0x000000008cd00000, 0x000000008cd00000| Untracked 
| 206|0x000000008ce00000, 0x000000008ce00000, 0x000000008cf00000|  0%| F|  |TAMS 0x000000008ce00000, 0x000000008ce00000| Untracked 
| 207|0x000000008cf00000, 0x000000008cf00000, 0x000000008d000000|  0%| F|  |TAMS 0x000000008cf00000, 0x000000008cf00000| Untracked 
| 208|0x000000008d000000, 0x000000008d000000, 0x000000008d100000|  0%| F|  |TAMS 0x000000008d000000, 0x000000008d000000| Untracked 
| 209|0x000000008d100000, 0x000000008d100000, 0x000000008d200000|  0%| F|  |TAMS 0x000000008d100000, 0x000000008d100000| Untracked 
| 210|0x000000008d200000, 0x000000008d200000, 0x000000008d300000|  0%| F|  |TAMS 0x000000008d200000, 0x000000008d200000| Untracked 
| 211|0x000000008d300000, 0x000000008d300000, 0x000000008d400000|  0%| F|  |TAMS 0x000000008d300000, 0x000000008d300000| Untracked 
| 212|0x000000008d400000, 0x000000008d400000, 0x000000008d500000|  0%| F|  |TAMS 0x000000008d400000, 0x000000008d400000| Untracked 
| 213|0x000000008d500000, 0x000000008d500000, 0x000000008d600000|  0%| F|  |TAMS 0x000000008d500000, 0x000000008d500000| Untracked 
| 214|0x000000008d600000, 0x000000008d600000, 0x000000008d700000|  0%| F|  |TAMS 0x000000008d600000, 0x000000008d600000| Untracked 
| 215|0x000000008d700000, 0x000000008d700000, 0x000000008d800000|  0%| F|  |TAMS 0x000000008d700000, 0x000000008d700000| Untracked 
| 216|0x000000008d800000, 0x000000008d800000, 0x000000008d900000|  0%| F|  |TAMS 0x000000008d800000, 0x000000008d800000| Untracked 
| 217|0x000000008d900000, 0x000000008d900000, 0x000000008da00000|  0%| F|  |TAMS 0x000000008d900000, 0x000000008d900000| Untracked 
| 218|0x000000008da00000, 0x000000008da00000, 0x000000008db00000|  0%| F|  |TAMS 0x000000008da00000, 0x000000008da00000| Untracked 
| 219|0x000000008db00000, 0x000000008db00000, 0x000000008dc00000|  0%| F|  |TAMS 0x000000008db00000, 0x000000008db00000| Untracked 
| 220|0x000000008dc00000, 0x000000008dc00000, 0x000000008dd00000|  0%| F|  |TAMS 0x000000008dc00000, 0x000000008dc00000| Untracked 
| 221|0x000000008dd00000, 0x000000008dd00000, 0x000000008de00000|  0%| F|  |TAMS 0x000000008dd00000, 0x000000008dd00000| Untracked 

Card table byte_map: [0x000002b5a9a20000,0x000002b5a9e20000] _byte_map_base: 0x000002b5a9620000

Marking Bits (Prev, Next): (CMBitMap*) 0x000002b591f98930, (CMBitMap*) 0x000002b591f988f8
 Prev Bits: [0x000002b5ac220000, 0x000002b5ae220000)
 Next Bits: [0x000002b5aa220000, 0x000002b5ac220000)

Polling page: 0x000002b5916d0000

Metaspace:

Usage:
  Non-class:    102.38 MB capacity,   100.63 MB ( 98%) used,     1.46 MB (  1%) free+waste,   300.25 KB ( <1%) overhead. 
      Class:     15.02 MB capacity,    14.06 MB ( 94%) used,   843.10 KB (  5%) free+waste,   134.75 KB ( <1%) overhead. 
       Both:    117.40 MB capacity,   114.69 MB ( 98%) used,     2.28 MB (  2%) free+waste,   435.00 KB ( <1%) overhead. 

Virtual space:
  Non-class space:      112.00 MB reserved,     102.41 MB ( 91%) committed 
      Class space:        1.00 GB reserved,      15.05 MB (  1%) committed 
             Both:        1.11 GB reserved,     117.47 MB ( 10%) committed 

Chunk freelists:
   Non-Class:  30.00 KB
       Class:  0 bytes
        Both:  30.00 KB

MaxMetaspaceSize: 17179869184.00 GB
CompressedClassSpaceSize: 1.00 GB
Initial GC threshold: 20.80 MB
Current GC threshold: 186.32 MB
CDS: off

CodeHeap 'non-profiled nmethods': size=120064Kb used=10614Kb max_used=10614Kb free=109449Kb
 bounds [0x000002b5a20e0000, 0x000002b5a2b40000, 0x000002b5a9620000]
CodeHeap 'profiled nmethods': size=120000Kb used=35659Kb max_used=35659Kb free=84340Kb
 bounds [0x000002b59abb0000, 0x000002b59ce90000, 0x000002b5a20e0000]
CodeHeap 'non-nmethods': size=5696Kb used=2462Kb max_used=2498Kb free=3233Kb
 bounds [0x000002b59a620000, 0x000002b59a8a0000, 0x000002b59abb0000]
 total_blobs=17997 nmethods=16996 adapters=912
 compilation: enabled
              stopped_count=0, restarted_count=0
 full_count=0

Compilation events (20 events):
Event: 8459.828 Thread 0x000002b5b0fef000 17582       3       java.security.MessageDigest$Delegate::engineUpdate (9 bytes)
Event: 8459.828 Thread 0x000002b5b0fef000 nmethod 17582 0x000002b59ce7ef10 code [0x000002b59ce7f0c0, 0x000002b59ce7f288]
Event: 8459.828 Thread 0x000002b5b0fef000 17583       3       sun.security.provider.DigestBase::engineUpdate (32 bytes)
Event: 8459.828 Thread 0x000002b5b0fef000 nmethod 17583 0x000002b59ce7f390 code [0x000002b59ce7f560, 0x000002b59ce7f808]
Event: 8459.836 Thread 0x000002b5b0fe4000 nmethod 17549 0x000002b5a2b3c610 code [0x000002b5a2b3c820, 0x000002b5a2b3ce60]
Event: 8459.836 Thread 0x000002b5b0fe4000 17584       4       java.lang.reflect.ProxyGenerator$ConstantPool$IndirectEntry::write (61 bytes)
Event: 8459.838 Thread 0x000002b5b0fef000 17585   !   3       jdk.internal.reflect.MethodAccessorGenerator$1::run (41 bytes)
Event: 8459.839 Thread 0x000002b5b0fef000 nmethod 17585 0x000002b59ce7f910 code [0x000002b59ce7fbc0, 0x000002b59ce80a18]
Event: 8459.840 Thread 0x000002b5b0fef000 17586       3       jdk.internal.reflect.ClassDefiner::defineClass (31 bytes)
Event: 8459.840 Thread 0x000002b5b0fe4000 nmethod 17584 0x000002b5a2b3d590 code [0x000002b5a2b3d740, 0x000002b5a2b3d938]
Event: 8459.840 Thread 0x000002b5b0fe4000 17548       4       jdk.internal.org.objectweb.asm.ClassWriter::newNameTypeItem (71 bytes)
Event: 8459.840 Thread 0x000002b5b0fef000 nmethod 17586 0x000002b59ce81090 code [0x000002b59ce81280, 0x000002b59ce81658]
Event: 8459.840 Thread 0x000002b5b0fef000 17587       3       jdk.internal.reflect.ClassDefiner$1::<init> (10 bytes)
Event: 8459.840 Thread 0x000002b5b0fef000 nmethod 17587 0x000002b59ce81810 code [0x000002b59ce819c0, 0x000002b59ce81b78]
Event: 8459.840 Thread 0x000002b5b0fef000 17588       3       jdk.internal.reflect.ClassDefiner$1::run (5 bytes)
Event: 8459.841 Thread 0x000002b5b0fef000 nmethod 17588 0x000002b59ce81c10 code [0x000002b59ce81e00, 0x000002b59ce82198]
Event: 8459.841 Thread 0x000002b5b0fef000 17589       3       jdk.internal.reflect.ClassDefiner$1::run (12 bytes)
Event: 8459.841 Thread 0x000002b5b0fef000 nmethod 17589 0x000002b59ce82310 code [0x000002b59ce82500, 0x000002b59ce82818]
Event: 8459.841 Thread 0x000002b5b0fef000 17590       3       jdk.internal.reflect.DelegatingClassLoader::<init> (6 bytes)
Event: 8459.841 Thread 0x000002b5b0fef000 nmethod 17590 0x000002b59ce82990 code [0x000002b59ce82b60, 0x000002b59ce82d98]

GC Heap History (20 events):
Event: 8389.139 GC heap before
{Heap before GC invocations=44 (full 0):
 garbage-first heap   total 227328K, used 164944K [0x0000000080000000, 0x0000000100000000)
  region size 1024K, 65 young (66560K), 5 survivors (5120K)
 Metaspace       used 113195K, capacity 115607K, committed 115936K, reserved 1150976K
  class space    used 13908K, capacity 14786K, committed 14904K, reserved 1048576K
}
Event: 8389.170 GC heap after
{Heap after GC invocations=45 (full 0):
 garbage-first heap   total 227328K, used 112934K [0x0000000080000000, 0x0000000100000000)
  region size 1024K, 9 young (9216K), 9 survivors (9216K)
 Metaspace       used 113195K, capacity 115607K, committed 115936K, reserved 1150976K
  class space    used 13908K, capacity 14786K, committed 14904K, reserved 1048576K
}
Event: 8390.191 GC heap before
{Heap before GC invocations=45 (full 0):
 garbage-first heap   total 227328K, used 170278K [0x0000000080000000, 0x0000000100000000)
  region size 1024K, 66 young (67584K), 9 survivors (9216K)
 Metaspace       used 114162K, capacity 116656K, committed 116832K, reserved 1150976K
  class space    used 13986K, capacity 14900K, committed 15032K, reserved 1048576K
}
Event: 8390.222 GC heap after
{Heap after GC invocations=46 (full 0):
 garbage-first heap   total 227328K, used 115195K [0x0000000080000000, 0x0000000100000000)
  region size 1024K, 4 young (4096K), 4 survivors (4096K)
 Metaspace       used 114162K, capacity 116656K, committed 116832K, reserved 1150976K
  class space    used 13986K, capacity 14900K, committed 15032K, reserved 1048576K
}
Event: 8397.600 GC heap before
{Heap before GC invocations=46 (full 0):
 garbage-first heap   total 227328K, used 173563K [0x0000000080000000, 0x0000000100000000)
  region size 1024K, 62 young (63488K), 4 survivors (4096K)
 Metaspace       used 115488K, capacity 117946K, committed 118240K, reserved 1153024K
  class space    used 14163K, capacity 15071K, committed 15160K, reserved 1048576K
}
Event: 8397.612 GC heap after
{Heap after GC invocations=47 (full 0):
 garbage-first heap   total 227328K, used 118353K [0x0000000080000000, 0x0000000100000000)
  region size 1024K, 7 young (7168K), 7 survivors (7168K)
 Metaspace       used 115488K, capacity 117946K, committed 118240K, reserved 1153024K
  class space    used 14163K, capacity 15071K, committed 15160K, reserved 1048576K
}
Event: 8446.505 GC heap before
{Heap before GC invocations=47 (full 0):
 garbage-first heap   total 227328K, used 177745K [0x0000000080000000, 0x0000000100000000)
  region size 1024K, 66 young (67584K), 7 survivors (7168K)
 Metaspace       used 116107K, capacity 118731K, committed 118752K, reserved 1153024K
  class space    used 14222K, capacity 15152K, committed 15160K, reserved 1048576K
}
Event: 8446.534 GC heap after
{Heap after GC invocations=48 (full 0):
 garbage-first heap   total 227328K, used 124214K [0x0000000080000000, 0x0000000100000000)
  region size 1024K, 9 young (9216K), 9 survivors (9216K)
 Metaspace       used 116107K, capacity 118731K, committed 118752K, reserved 1153024K
  class space    used 14222K, capacity 15152K, committed 15160K, reserved 1048576K
}
Event: 8447.873 GC heap before
{Heap before GC invocations=48 (full 0):
 garbage-first heap   total 227328K, used 182582K [0x0000000080000000, 0x0000000100000000)
  region size 1024K, 65 young (66560K), 9 survivors (9216K)
 Metaspace       used 116167K, capacity 118795K, committed 119008K, reserved 1153024K
  class space    used 14222K, capacity 15152K, committed 15160K, reserved 1048576K
}
Event: 8447.936 GC heap after
{Heap after GC invocations=49 (full 0):
 garbage-first heap   total 227328K, used 137596K [0x0000000080000000, 0x0000000100000000)
  region size 1024K, 9 young (9216K), 9 survivors (9216K)
 Metaspace       used 116167K, capacity 118795K, committed 119008K, reserved 1153024K
  class space    used 14222K, capacity 15152K, committed 15160K, reserved 1048576K
}
Event: 8448.663 GC heap before
{Heap before GC invocations=49 (full 0):
 garbage-first heap   total 227328K, used 193916K [0x0000000080000000, 0x0000000100000000)
  region size 1024K, 50 young (51200K), 9 survivors (9216K)
 Metaspace       used 116226K, capacity 118870K, committed 119008K, reserved 1153024K
  class space    used 14224K, capacity 15154K, committed 15160K, reserved 1048576K
}
Event: 8448.707 GC heap after
{Heap after GC invocations=50 (full 0):
 garbage-first heap   total 227328K, used 141824K [0x0000000080000000, 0x0000000100000000)
  region size 1024K, 4 young (4096K), 4 survivors (4096K)
 Metaspace       used 116226K, capacity 118870K, committed 119008K, reserved 1153024K
  class space    used 14224K, capacity 15154K, committed 15160K, reserved 1048576K
}
Event: 8449.148 GC heap before
{Heap before GC invocations=50 (full 0):
 garbage-first heap   total 227328K, used 181760K [0x0000000080000000, 0x0000000100000000)
  region size 1024K, 44 young (45056K), 4 survivors (4096K)
 Metaspace       used 116262K, capacity 118881K, committed 119008K, reserved 1153024K
  class space    used 14225K, capacity 15156K, committed 15160K, reserved 1048576K
}
Event: 8449.158 GC heap after
{Heap after GC invocations=51 (full 0):
 garbage-first heap   total 227328K, used 143471K [0x0000000080000000, 0x0000000100000000)
  region size 1024K, 2 young (2048K), 2 survivors (2048K)
 Metaspace       used 116262K, capacity 118881K, committed 119008K, reserved 1153024K
  class space    used 14225K, capacity 15156K, committed 15160K, reserved 1048576K
}
Event: 8456.593 GC heap before
{Heap before GC invocations=51 (full 0):
 garbage-first heap   total 227328K, used 183407K [0x0000000080000000, 0x0000000100000000)
  region size 1024K, 42 young (43008K), 2 survivors (2048K)
 Metaspace       used 116290K, capacity 118945K, committed 119008K, reserved 1153024K
  class space    used 14225K, capacity 15156K, committed 15160K, reserved 1048576K
}
Event: 8456.602 GC heap after
{Heap after GC invocations=52 (full 0):
 garbage-first heap   total 227328K, used 147221K [0x0000000080000000, 0x0000000100000000)
  region size 1024K, 6 young (6144K), 6 survivors (6144K)
 Metaspace       used 116290K, capacity 118945K, committed 119008K, reserved 1153024K
  class space    used 14225K, capacity 15156K, committed 15160K, reserved 1048576K
}
Event: 8456.789 GC heap before
{Heap before GC invocations=52 (full 0):
 garbage-first heap   total 227328K, used 185109K [0x0000000080000000, 0x0000000100000000)
  region size 1024K, 44 young (45056K), 6 survivors (6144K)
 Metaspace       used 116324K, capacity 118945K, committed 119008K, reserved 1153024K
  class space    used 14225K, capacity 15156K, committed 15160K, reserved 1048576K
}
Event: 8456.801 GC heap after
{Heap after GC invocations=53 (full 0):
 garbage-first heap   total 227328K, used 149903K [0x0000000080000000, 0x0000000100000000)
  region size 1024K, 3 young (3072K), 3 survivors (3072K)
 Metaspace       used 116324K, capacity 118945K, committed 119008K, reserved 1153024K
  class space    used 14225K, capacity 15156K, committed 15160K, reserved 1048576K
}
Event: 8459.845 GC heap before
{Heap before GC invocations=53 (full 0):
 garbage-first heap   total 227328K, used 178575K [0x0000000080000000, 0x0000000100000000)
  region size 1024K, 33 young (33792K), 3 survivors (3072K)
 Metaspace       used 117444K, capacity 120218K, committed 120288K, reserved 1161216K
  class space    used 14398K, capacity 15376K, committed 15416K, reserved 1048576K
}
Event: 8459.853 GC heap after
{Heap after GC invocations=54 (full 0):
 garbage-first heap   total 227328K, used 149489K [0x0000000080000000, 0x0000000100000000)
  region size 1024K, 3 young (3072K), 3 survivors (3072K)
 Metaspace       used 117444K, capacity 120218K, committed 120288K, reserved 1161216K
  class space    used 14398K, capacity 15376K, committed 15416K, reserved 1048576K
}

Deoptimization events (20 events):
Event: 8459.686 Thread 0x000002b5b35ca000 Uncommon trap: trap_request=0xffffffc6 fr.pc=0x000002b5a286ecb0 relative=0x0000000000000450
Event: 8459.686 Thread 0x000002b5b35ca000 Uncommon trap: reason=bimorphic_or_optimized_type_check action=maybe_recompile pc=0x000002b5a286ecb0 method=java.io.ObjectInputStream$PeekInputStream.read()I @ 23 c2
Event: 8459.686 Thread 0x000002b5b35ca000 DEOPT PACKING pc=0x000002b5a286ecb0 sp=0x000000d3df2f68c0
Event: 8459.686 Thread 0x000002b5b35ca000 DEOPT UNPACKING pc=0x000002b59a66a1af sp=0x000000d3df2f6820 mode 2
Event: 8459.690 Thread 0x000002b5b35ca000 Uncommon trap: trap_request=0xffffffc6 fr.pc=0x000002b5a2870838 relative=0x00000000000002f8
Event: 8459.690 Thread 0x000002b5b35ca000 Uncommon trap: reason=bimorphic_or_optimized_type_check action=maybe_recompile pc=0x000002b5a2870838 method=java.io.ObjectInputStream$PeekInputStream.read()I @ 23 c2
Event: 8459.690 Thread 0x000002b5b35ca000 DEOPT PACKING pc=0x000002b5a2870838 sp=0x000000d3df2f5950
Event: 8459.690 Thread 0x000002b5b35ca000 DEOPT UNPACKING pc=0x000002b59a66a1af sp=0x000000d3df2f5918 mode 2
Event: 8459.734 Thread 0x000002b5b35ca000 Uncommon trap: trap_request=0xffffffde fr.pc=0x000002b5a2218480 relative=0x00000000000009a0
Event: 8459.734 Thread 0x000002b5b35ca000 Uncommon trap: reason=class_check action=maybe_recompile pc=0x000002b5a2218480 method=java.util.WeakHashMap.eq(Ljava/lang/Object;Ljava/lang/Object;)Z @ 7 c2
Event: 8459.734 Thread 0x000002b5b35ca000 DEOPT PACKING pc=0x000002b5a2218480 sp=0x000000d3df2f7060
Event: 8459.734 Thread 0x000002b5b35ca000 DEOPT UNPACKING pc=0x000002b59a66a1af sp=0x000000d3df2f6fd0 mode 2
Event: 8459.764 Thread 0x000002b5b35ca000 Uncommon trap: trap_request=0xffffffde fr.pc=0x000002b5a29c2a00 relative=0x0000000000000160
Event: 8459.764 Thread 0x000002b5b35ca000 Uncommon trap: reason=class_check action=maybe_recompile pc=0x000002b5a29c2a00 method=java.lang.reflect.Array.newInstance(Ljava/lang/Class;I)Ljava/lang/Object; @ 2 c2
Event: 8459.764 Thread 0x000002b5b35ca000 DEOPT PACKING pc=0x000002b5a29c2a00 sp=0x000000d3df2f65a0
Event: 8459.764 Thread 0x000002b5b35ca000 DEOPT UNPACKING pc=0x000002b59a66a1af sp=0x000000d3df2f6538 mode 2
Event: 8459.764 Thread 0x000002b5b35ca000 Uncommon trap: trap_request=0xffffff4d fr.pc=0x000002b5a26a6a14 relative=0x00000000000008f4
Event: 8459.764 Thread 0x000002b5b35ca000 Uncommon trap: reason=unstable_if action=reinterpret pc=0x000002b5a26a6a14 method=java.util.concurrent.ScheduledThreadPoolExecutor$DelayedWorkQueue.offer(Ljava/lang/Runnable;)Z @ 56 c2
Event: 8459.764 Thread 0x000002b5b35ca000 DEOPT PACKING pc=0x000002b5a26a6a14 sp=0x000000d3df2f7050
Event: 8459.764 Thread 0x000002b5b35ca000 DEOPT UNPACKING pc=0x000002b59a66a1af sp=0x000000d3df2f6f50 mode 2

Classes redefined (0 events):
No events

Internal exceptions (20 events):
Event: 8457.090 Thread 0x000002b5b35ca000 Exception <a 'sun/nio/fs/WindowsException'{0x000000008c9521b0}> (0x000000008c9521b0) thrown at [./src/hotspot/share/prims/jni.cpp, line 616]
Event: 8457.090 Thread 0x000002b5b35ca000 Exception <a 'sun/nio/fs/WindowsException'{0x000000008c953318}> (0x000000008c953318) thrown at [./src/hotspot/share/prims/jni.cpp, line 616]
Event: 8459.692 Thread 0x000002b5b35ca000 Exception <a 'java/lang/NoSuchMethodError'{0x000000008c3117a8}: <clinit>> (0x000000008c3117a8) thrown at [./src/hotspot/share/prims/jni.cpp, line 1366]
Event: 8459.693 Thread 0x000002b5b35ca000 Exception <a 'java/lang/NoSuchMethodError'{0x000000008c327c58}: <clinit>> (0x000000008c327c58) thrown at [./src/hotspot/share/prims/jni.cpp, line 1366]
Event: 8459.716 Thread 0x000002b5b35ca000 Exception <a 'java/lang/NoSuchMethodError'{0x000000008c3ceee0}: 'java.lang.Object java.lang.invoke.DirectMethodHandle$Holder.invokeSpecial(java.lang.Object, java.lang.Object, int, int, java.lang.Object, int, java.lang.Object, java.lang.Object)'> (0x000000008c3ceee0) thrown at [./src/hotspot/share/interpreter/linkResolver.cpp, line 773]
Event: 8459.716 Thread 0x000002b5b35ca000 Exception <a 'java/lang/NoSuchMethodError'{0x000000008c3d37b8}: 'java.lang.Object java.lang.invoke.DelegatingMethodHandle$Holder.reinvoke_L(java.lang.Object, int, int, java.lang.Object, int, java.lang.Object, java.lang.Object)'> (0x000000008c3d37b8) thrown at [./src/hotspot/share/interpreter/linkResolver.cpp, line 773]
Event: 8459.720 Thread 0x000002b5b35ca000 Exception <a 'java/lang/NoSuchMethodError'{0x000000008c3ffa18}: 'java.lang.Object java.lang.invoke.DirectMethodHandle$Holder.invokeStatic(java.lang.Object, java.lang.Object, java.lang.Object, java.lang.Object, java.lang.Object, java.lang.Object, java.lang.Object, java.lang.Object, int)'> (0x000000008c3ffa18) thrown at [./src/hotspot/share/interpreter/linkResolver.cpp, line 773]
Event: 8459.722 Thread 0x000002b5b35ca000 Exception <a 'java/lang/NoSuchMethodError'{0x000000008c21bbf8}: 'java.lang.Object java.lang.invoke.DirectMethodHandle$Holder.invokeStatic(java.lang.Object, java.lang.Object, java.lang.Object, java.lang.Object, java.lang.Object, java.lang.Object, java.lang.Object, java.lang.Object, int, int)'> (0x000000008c21bbf8) thrown at [./src/hotspot/share/interpreter/linkResolver.cpp, line 773]
Event: 8459.724 Thread 0x000002b5b35ca000 Exception <a 'java/lang/NoSuchMethodError'{0x000000008c2385a8}: 'java.lang.Object java.lang.invoke.DirectMethodHandle$Holder.invokeStatic(java.lang.Object, java.lang.Object, java.lang.Object, java.lang.Object, java.lang.Object, java.lang.Object, java.lang.Object, java.lang.Object, int, int, java.lang.Object)'> (0x000000008c2385a8) thrown at [./src/hotspot/share/interpreter/linkResolver.cpp, line 773]
Event: 8459.727 Thread 0x000002b5b35ca000 Exception <a 'java/lang/NoSuchMethodError'{0x000000008c2567b8}: 'java.lang.Object java.lang.invoke.DirectMethodHandle$Holder.invokeStatic(java.lang.Object, java.lang.Object, java.lang.Object, java.lang.Object, java.lang.Object, java.lang.Object, java.lang.Object, java.lang.Object, int, int, java.lang.Object, java.lang.Object)'> (0x000000008c2567b8) thrown at [./src/hotspot/share/interpreter/linkResolver.cpp, line 773]
Event: 8459.737 Thread 0x000002b5b35ca000 Exception <a 'java/lang/NoSuchMethodError'{0x000000008c289638}: <clinit>> (0x000000008c289638) thrown at [./src/hotspot/share/prims/jni.cpp, line 1366]
Event: 8459.741 Thread 0x000002b5b35ca000 Exception <a 'java/lang/NoSuchMethodError'{0x000000008c2d2a38}: <clinit>> (0x000000008c2d2a38) thrown at [./src/hotspot/share/prims/jni.cpp, line 1366]
Event: 8459.767 Thread 0x000002b5b9860800 Exception <a 'java/lang/InterruptedException'{0x000000008c2e57a8}> (0x000000008c2e57a8) thrown at [./src/hotspot/share/runtime/objectMonitor.cpp, line 1635]
Event: 8459.768 Thread 0x000002b5b9860800 Exception <a 'java/lang/NoSuchMethodError'{0x000000008c2ed5b8}: 'java.lang.Object java.lang.invoke.DirectMethodHandle$Holder.invokeStatic(java.lang.Object, java.lang.Object, int, java.lang.Object, long)'> (0x000000008c2ed5b8) thrown at [./src/hotspot/share/interpreter/linkResolver.cpp, line 773]
Event: 8459.772 Thread 0x000002b5b35ca000 Exception <a 'java/net/SocketException'{0x000000008c2fb9d0}: Software caused connection abort: recv failed> (0x000000008c2fb9d0) thrown at [./src/hotspot/share/prims/jni.cpp, line 637]
Event: 8459.798 Thread 0x000002b5b35ca000 Exception <a 'java/lang/NoSuchMethodError'{0x000000008c15e328}: <clinit>> (0x000000008c15e328) thrown at [./src/hotspot/share/prims/jni.cpp, line 1366]
Event: 8459.800 Thread 0x000002b5b35ca000 Exception <a 'java/lang/NoSuchMethodError'{0x000000008c1745f0}: <clinit>> (0x000000008c1745f0) thrown at [./src/hotspot/share/prims/jni.cpp, line 1366]
Event: 8459.802 Thread 0x000002b5b35ca000 Exception <a 'java/lang/NoSuchMethodError'{0x000000008c189db8}: <clinit>> (0x000000008c189db8) thrown at [./src/hotspot/share/prims/jni.cpp, line 1366]
Event: 8459.810 Thread 0x000002b5b35ca000 Exception <a 'java/lang/NoSuchMethodError'{0x000000008c1b0490}: <clinit>> (0x000000008c1b0490) thrown at [./src/hotspot/share/prims/jni.cpp, line 1366]
Event: 8459.837 Thread 0x000002b5b35ca000 Exception <a 'java/lang/NoSuchMethodError'{0x000000008c0951b8}: <clinit>> (0x000000008c0951b8) thrown at [./src/hotspot/share/prims/jni.cpp, line 1366]

Events (20 events):
Event: 8459.827 loading class sun/rmi/server/UnicastServerRef2
Event: 8459.827 loading class sun/rmi/server/UnicastServerRef2 done
Event: 8459.828 loading class org/jetbrains/kotlin/compilerRunner/GradleIncrementalCompilerServicesFacadeImpl_Stub
Event: 8459.828 loading class org/jetbrains/kotlin/compilerRunner/GradleIncrementalCompilerServicesFacadeImpl_Stub done
Event: 8459.829 loading class sun/rmi/server/Util$1
Event: 8459.829 loading class sun/rmi/server/Util$1 done
Event: 8459.831 loading class sun/rmi/transport/tcp/TCPTransport$AcceptLoop
Event: 8459.831 loading class sun/rmi/transport/tcp/TCPTransport$AcceptLoop done
Event: 8459.832 Thread 0x000002b5b9869800 Thread added: 0x000002b5b9869800
Event: 8459.832 loading class sun/rmi/transport/ObjectTable$Reaper
Event: 8459.832 loading class sun/rmi/transport/ObjectTable$Reaper done
Event: 8459.833 Thread 0x000002b5b9867800 Thread added: 0x000002b5b9867800
Event: 8459.833 loading class sun/rmi/server/UnicastServerRef$HashToMethod_Maps$1
Event: 8459.833 loading class sun/rmi/server/UnicastServerRef$HashToMethod_Maps$1 done
Event: 8459.833 loading class org/jetbrains/kotlin/compilerRunner/GradleCompilationResults
Event: 8459.833 loading class org/jetbrains/kotlin/compilerRunner/GradleCompilationResults done
Event: 8459.835 loading class org/jetbrains/kotlin/compilerRunner/GradleCompilationResults_Stub
Event: 8459.835 loading class org/jetbrains/kotlin/compilerRunner/GradleCompilationResults_Stub done
Event: 8459.843 loading class sun/rmi/server/LoaderHandler$Loader
Event: 8459.845 Executing VM operation: CollectForMetadataAllocation


Dynamic libraries:
0x00007ff6153d0000 - 0x00007ff6153dd000 	C:\Users\Alexandr\.jdks\corretto-11.0.13\bin\java.exe
0x00007ffd94490000 - 0x00007ffd94685000 	C:\WINDOWS\SYSTEM32\ntdll.dll
0x00007ffd93a20000 - 0x00007ffd93ade000 	C:\WINDOWS\System32\KERNEL32.DLL
0x00007ffd91660000 - 0x00007ffd91928000 	C:\WINDOWS\System32\KERNELBASE.dll
0x00007ffd91a00000 - 0x00007ffd91b00000 	C:\WINDOWS\System32\ucrtbase.dll
0x00007ffd8ca70000 - 0x00007ffd8ca87000 	C:\Users\Alexandr\.jdks\corretto-11.0.13\bin\jli.dll
0x00007ffd86e40000 - 0x00007ffd86e59000 	C:\Users\Alexandr\.jdks\corretto-11.0.13\bin\VCRUNTIME140.dll
0x00007ffd91b00000 - 0x00007ffd91ca1000 	C:\WINDOWS\System32\USER32.dll
0x00007ffd82220000 - 0x00007ffd824ba000 	C:\WINDOWS\WinSxS\amd64_microsoft.windows.common-controls_6595b64144ccf1df_6.0.19041.1110_none_60b5254171f9507e\COMCTL32.dll
0x00007ffd913e0000 - 0x00007ffd91402000 	C:\WINDOWS\System32\win32u.dll
0x00007ffd933f0000 - 0x00007ffd9348e000 	C:\WINDOWS\System32\msvcrt.dll
0x00007ffd92410000 - 0x00007ffd9243b000 	C:\WINDOWS\System32\GDI32.dll
0x00007ffd91550000 - 0x00007ffd9165d000 	C:\WINDOWS\System32\gdi32full.dll
0x00007ffd91960000 - 0x00007ffd919fd000 	C:\WINDOWS\System32\msvcp_win.dll
0x00007ffd92e40000 - 0x00007ffd92e70000 	C:\WINDOWS\System32\IMM32.DLL
0x00007ffd90bd0000 - 0x00007ffd90c06000 	C:\WINDOWS\system32\DriverStore\FileRepository\nvam.inf_amd64_6319fc811e174a2b\nvinitx.dll
0x00007ffd92510000 - 0x00007ffd925be000 	C:\WINDOWS\System32\ADVAPI32.dll
0x00007ffd926c0000 - 0x00007ffd9275c000 	C:\WINDOWS\System32\sechost.dll
0x00007ffd90bc0000 - 0x00007ffd90bca000 	C:\WINDOWS\SYSTEM32\VERSION.dll
0x00007ffd938f0000 - 0x00007ffd93a15000 	C:\WINDOWS\System32\RPCRT4.dll
0x00007ffd91cb0000 - 0x00007ffd923f4000 	C:\WINDOWS\System32\Shell32.dll
0x00007ffd8fe00000 - 0x00007ffd90595000 	C:\WINDOWS\SYSTEM32\windows.storage.dll
0x00007ffd93580000 - 0x00007ffd938d5000 	C:\WINDOWS\System32\combase.dll
0x00007ffd90b20000 - 0x00007ffd90b4e000 	C:\WINDOWS\SYSTEM32\Wldp.dll
0x00007ffd94360000 - 0x00007ffd9440d000 	C:\WINDOWS\System32\SHCORE.dll
0x00007ffd92d80000 - 0x00007ffd92dd5000 	C:\WINDOWS\System32\shlwapi.dll
0x0000000074aa0000 - 0x0000000074aa6000 	C:\Program Files\NVIDIA Corporation\CoProcManager\_etoured.dll
0x00007ffd85c40000 - 0x00007ffd85c83000 	C:\Program Files\NVIDIA Corporation\CoProcManager\nvd3d9wrapx.dll
0x00007ffd93ae0000 - 0x00007ffd93f52000 	C:\WINDOWS\System32\SETUPAPI.dll
0x00007ffd91190000 - 0x00007ffd911de000 	C:\WINDOWS\System32\cfgmgr32.dll
0x00007ffd91930000 - 0x00007ffd91957000 	C:\WINDOWS\System32\bcrypt.dll
0x00007ffd85c10000 - 0x00007ffd85c3d000 	C:\Program Files\NVIDIA Corporation\CoProcManager\nvdxgiwrapx.dll
0x00007ffd73030000 - 0x00007ffd730cb000 	C:\Users\Alexandr\.jdks\corretto-11.0.13\bin\msvcp140.dll
0x00007ffd3e110000 - 0x00007ffd3ec8f000 	C:\Users\Alexandr\.jdks\corretto-11.0.13\bin\server\jvm.dll
0x00007ffd92400000 - 0x00007ffd92408000 	C:\WINDOWS\System32\PSAPI.DLL
0x00007ffd7ff90000 - 0x00007ffd7ff99000 	C:\WINDOWS\SYSTEM32\WSOCK32.dll
0x00007ffd83820000 - 0x00007ffd83847000 	C:\WINDOWS\SYSTEM32\WINMM.dll
0x00007ffd92a70000 - 0x00007ffd92adb000 	C:\WINDOWS\System32\WS2_32.dll
0x00007ffd8ecf0000 - 0x00007ffd8ed02000 	C:\WINDOWS\SYSTEM32\kernel.appcore.dll
0x00007ffd8c990000 - 0x00007ffd8c9a0000 	C:\Users\Alexandr\.jdks\corretto-11.0.13\bin\verify.dll
0x00007ffd76420000 - 0x00007ffd76604000 	C:\WINDOWS\SYSTEM32\DBGHELP.DLL
0x00007ffd763e0000 - 0x00007ffd7640c000 	C:\WINDOWS\SYSTEM32\dbgcore.DLL
0x00007ffd91350000 - 0x00007ffd913d2000 	C:\WINDOWS\System32\bcryptPrimitives.dll
0x00007ffd86e10000 - 0x00007ffd86e38000 	C:\Users\Alexandr\.jdks\corretto-11.0.13\bin\java.dll
0x00007ffd8bc50000 - 0x00007ffd8bc5a000 	C:\Users\Alexandr\.jdks\corretto-11.0.13\bin\jimage.dll
0x00007ffd86df0000 - 0x00007ffd86e07000 	C:\Users\Alexandr\.jdks\corretto-11.0.13\bin\zip.dll
0x00007ffd910d0000 - 0x00007ffd910ef000 	C:\WINDOWS\SYSTEM32\profapi.dll
0x00007ffd81390000 - 0x00007ffd813a9000 	C:\Users\Alexandr\.jdks\corretto-11.0.13\bin\net.dll
0x00007ffd88e50000 - 0x00007ffd88f5c000 	C:\WINDOWS\SYSTEM32\WINHTTP.dll
0x00007ffd8fd30000 - 0x00007ffd8fd9a000 	C:\WINDOWS\system32\mswsock.dll
0x00007ffd81370000 - 0x00007ffd81382000 	C:\Users\Alexandr\.jdks\corretto-11.0.13\bin\nio.dll
0x00007ffd8c9d0000 - 0x00007ffd8c9f7000 	C:\Users\Alexandr\.gradle\native\f6784746aeab05261644944871eae4fe03e0ef1612fff0a4a95f87b438bc6780\windows-amd64\native-platform.dll
0x00007ffd81420000 - 0x00007ffd81429000 	C:\Users\Alexandr\.jdks\corretto-11.0.13\bin\management.dll
0x00007ffd81360000 - 0x00007ffd8136b000 	C:\Users\Alexandr\.jdks\corretto-11.0.13\bin\management_ext.dll
0x00007ffd90a10000 - 0x00007ffd90a28000 	C:\WINDOWS\SYSTEM32\CRYPTSP.dll
0x0000000074d40000 - 0x0000000074d51000 	C:\Program Files\Common Files\Crypto Pro\AppCompat\cpadvai.dll
0x00007ffd8f6c0000 - 0x00007ffd8f6f4000 	C:\WINDOWS\system32\rsaenh.dll
0x00007ffd91090000 - 0x00007ffd910be000 	C:\WINDOWS\SYSTEM32\USERENV.dll
0x00007ffd90a30000 - 0x00007ffd90a3c000 	C:\WINDOWS\SYSTEM32\CRYPTBASE.dll
0x00007ffd8fa30000 - 0x00007ffd8fa6b000 	C:\WINDOWS\SYSTEM32\IPHLPAPI.DLL
0x00007ffd94410000 - 0x00007ffd94418000 	C:\WINDOWS\System32\NSI.dll
0x00007ffd85fa0000 - 0x00007ffd85fb7000 	C:\WINDOWS\SYSTEM32\dhcpcsvc6.DLL
0x00007ffd88cc0000 - 0x00007ffd88cdd000 	C:\WINDOWS\SYSTEM32\dhcpcsvc.DLL
0x00007ffd8fa70000 - 0x00007ffd8fb3b000 	C:\WINDOWS\SYSTEM32\DNSAPI.dll
0x00007ffd89f10000 - 0x00007ffd89f1b000 	C:\WINDOWS\SYSTEM32\WINNSI.DLL
0x00007ffd798f0000 - 0x00007ffd79915000 	C:\Users\Alexandr\.jdks\corretto-11.0.13\bin\sunec.dll
0x00007ffd82110000 - 0x00007ffd8211a000 	C:\Windows\System32\rasadhlp.dll
0x00007ffd824c0000 - 0x00007ffd8253f000 	C:\WINDOWS\System32\fwpuclnt.dll
0x00007ffd8bc60000 - 0x00007ffd8bc6e000 	C:\Users\Alexandr\.jdks\corretto-11.0.13\bin\sunmscapi.dll
0x00007ffd911e0000 - 0x00007ffd91336000 	C:\WINDOWS\System32\CRYPT32.dll
0x00007ffd90b90000 - 0x00007ffd90bb7000 	C:\WINDOWS\SYSTEM32\ncrypt.dll
0x0000000074d70000 - 0x0000000074d8f000 	C:\Program Files\Common Files\Crypto Pro\AppCompat\cpcrypt.dll
0x00007ffd90b50000 - 0x00007ffd90b8b000 	C:\WINDOWS\SYSTEM32\NTASN1.dll
0x00007ffd8bca0000 - 0x00007ffd8bcbe000 	C:\Users\Alexandr\AppData\Local\Temp\native-platform12421396706150481580dir\native-platform.dll
0x00007ffd8bc90000 - 0x00007ffd8bc97000 	C:\Users\Alexandr\.jdks\corretto-11.0.13\bin\rmi.dll

dbghelp: loaded successfully - version: 4.0.5 - missing functions: none
symbol engine: initialized successfully - sym options: 0x614 - pdb path: .;C:\Users\Alexandr\.jdks\corretto-11.0.13\bin;C:\WINDOWS\SYSTEM32;C:\WINDOWS\WinSxS\amd64_microsoft.windows.common-controls_6595b64144ccf1df_6.0.19041.1110_none_60b5254171f9507e;C:\WINDOWS\system32\DriverStore\FileRepository\nvam.inf_amd64_6319fc811e174a2b;C:\Program Files\NVIDIA Corporation\CoProcManager;C:\Users\Alexandr\.jdks\corretto-11.0.13\bin\server;C:\Users\Alexandr\.gradle\native\f6784746aeab05261644944871eae4fe03e0ef1612fff0a4a95f87b438bc6780\windows-amd64;C:\Program Files\Common Files\Crypto Pro\AppCompat;C:\Users\Alexandr\AppData\Local\Temp\native-platform12421396706150481580dir

VM Arguments:
jvm_args: --add-opens=java.base/java.util=ALL-UNNAMED --add-opens=java.base/java.lang=ALL-UNNAMED --add-opens=java.base/java.lang.invoke=ALL-UNNAMED --add-opens=java.prefs/java.util.prefs=ALL-UNNAMED -Xmx2048m -Dfile.encoding=UTF-8 -Duser.country=RU -Duser.language=ru -Duser.variant 
java_command: org.gradle.launcher.daemon.bootstrap.GradleDaemon 6.5
java_class_path (initial): C:\Users\Alexandr\.gradle\wrapper\dists\gradle-6.5-all\2oz4ud9k3tuxjg84bbf55q0tn\gradle-6.5\lib\gradle-launcher-6.5.jar
Launcher Type: SUN_STANDARD

[Global flags]
     intx CICompilerCount                          = 3                                         {product} {ergonomic}
     uint ConcGCThreads                            = 1                                         {product} {ergonomic}
     uint G1ConcRefinementThreads                  = 4                                         {product} {ergonomic}
   size_t G1HeapRegionSize                         = 1048576                                   {product} {ergonomic}
    uintx GCDrainStackTargetSize                   = 64                                        {product} {ergonomic}
   size_t InitialHeapSize                          = 132120576                                 {product} {ergonomic}
   size_t MarkStackSize                            = 4194304                                   {product} {ergonomic}
   size_t MaxHeapSize                              = 2147483648                                {product} {command line}
   size_t MaxNewSize                               = 1287651328                                {product} {ergonomic}
   size_t MinHeapDeltaBytes                        = 1048576                                   {product} {ergonomic}
    uintx NonNMethodCodeHeapSize                   = 5830732                                {pd product} {ergonomic}
    uintx NonProfiledCodeHeapSize                  = 122913754                              {pd product} {ergonomic}
    uintx ProfiledCodeHeapSize                     = 122913754                              {pd product} {ergonomic}
    uintx ReservedCodeCacheSize                    = 251658240                              {pd product} {ergonomic}
     bool SegmentedCodeCache                       = true                                      {product} {ergonomic}
     bool UseCompressedClassPointers               = true                                 {lp64_product} {ergonomic}
     bool UseCompressedOops                        = true                                 {lp64_product} {ergonomic}
     bool UseG1GC                                  = true                                      {product} {ergonomic}
     bool UseLargePagesIndividualAllocation        = false                                  {pd product} {ergonomic}

Logging:
Log output configuration:
 #0: stdout all=warning uptime,level,tags
 #1: stderr all=off uptime,level,tags

Environment Variables:
JAVA_HOME=C:\Program Files\Java\jdk1.8.0_281
PATH=C:\Program Files (x86)\Common Files\Oracle\Java\javapath;C:\Program Files\Common Files\Microsoft Shared\Windows Live;C:\Program Files (x86)\Common Files\Microsoft Shared\Windows Live;C:\WINDOWS\system32;C:\WINDOWS;C:\WINDOWS\System32\Wbem;C:\WINDOWS\System32\WindowsPowerShell\v1.0\;C:\Program Files (x86)\Windows Live\Shared;C:\Program Files\Intel\WiFi\bin\;C:\Program Files\Common Files\Intel\WirelessCommon\;C:\WINDOWS\System32\OpenSSH\;C:\Program Files (x86)\NVIDIA Corporation\PhysX\Common;C:\Program Files\Git\cmd;C:\Program Files\Java\jdk1.8.0_281\bin;C:\Users\Alexandr\AppData\Local\Microsoft\WindowsApps;
USERNAME=Alexandr
OS=Windows_NT
PROCESSOR_IDENTIFIER=Intel64 Family 6 Model 42 Stepping 7, GenuineIntel



---------------  S Y S T E M  ---------------

OS: Windows 10 , 64 bit Build 19041 (10.0.19041.1466)
OS uptime: 0 days 5:37 hours

CPU:total 4 (initial active 4) (2 cores per cpu, 2 threads per core) family 6 model 42 stepping 7 microcode 0x2f, cmov, cx8, fxsr, mmx, sse, sse2, sse3, ssse3, sse4.1, sse4.2, popcnt, avx, aes, clmul, ht, tsc, tscinvbit

Memory: 4k page, system-wide physical 7968M (235M free)
TotalPageFile size 13968M (AvailPageFile size 217M)
current process WorkingSet (physical memory assigned to process): 454M, peak: 471M
current process commit charge ("private bytes"): 557M, peak: 560M

vm_info: OpenJDK 64-Bit Server VM (11.0.13+8-LTS) for windows-amd64 JRE (11.0.13+8-LTS), built on Oct 13 2021 21:32:06 by "Administrator" with unknown MS VC++:1916

END.
