#
# There is insufficient memory for the Java Runtime Environment to continue.
# Native memory allocation (mmap) failed to map 46137344 bytes for Failed to commit area from 0x000000008b700000 to 0x000000008e300000 of length 46137344.
# Possible reasons:
#   The system is out of physical RAM or swap space
#   The process is running with CompressedOops enabled, and the Java Heap may be blocking the growth of the native heap
# Possible solutions:
#   Reduce memory load on the system
#   Increase physical memory or swap space
#   Check if swap backing store is full
#   Decrease Java heap size (-Xmx/-Xms)
#   Decrease number of Java threads
#   Decrease Java thread stack sizes (-Xss)
#   Set larger code cache with -XX:ReservedCodeCacheSize=
#   JVM is running with Unscaled Compressed Oops mode in which the Java heap is
#     placed in the first 4GB address space. The Java Heap base address is the
#     maximum limit for the native heap growth. Please use -XX:HeapBaseMinAddress
#     to set the Java Heap base and to place the Java Heap above 4GB virtual address.
# This output file may be truncated or incomplete.
#
#  Out of Memory Error (./src/hotspot/os/windows/os_windows.cpp:3311), pid=11168, tid=12596
#
# JRE version: OpenJDK Runtime Environment Corretto-11.0.13.8.1 (11.0.13+8) (build 11.0.13+8-LTS)
# Java VM: OpenJDK 64-Bit Server VM Corretto-11.0.13.8.1 (11.0.13+8-LTS, mixed mode, tiered, compressed oops, g1 gc, windows-amd64)
# No core dump will be written. Minidumps are not enabled by default on client versions of Windows
#

---------------  S U M M A R Y ------------

Command Line: --add-opens=java.base/java.util=ALL-UNNAMED --add-opens=java.base/java.lang=ALL-UNNAMED --add-opens=java.base/java.lang.invoke=ALL-UNNAMED --add-opens=java.prefs/java.util.prefs=ALL-UNNAMED -Xmx2048m -Dfile.encoding=UTF-8 -Duser.country=RU -Duser.language=ru -Duser.variant org.gradle.launcher.daemon.bootstrap.GradleDaemon 6.5

Host: Intel(R) Core(TM) i5-2540M CPU @ 2.60GHz, 4 cores, 7G,  Windows 10 , 64 bit Build 19041 (10.0.19041.1466)
Time: Tue Jan 25 21:08:14 2022 Саратов (зима) elapsed time: 258.764310 seconds (0d 0h 4m 18s)

---------------  T H R E A D  ---------------

Current thread (0x000002799fee1000):  VMThread "VM Thread" [stack: 0x000000f496300000,0x000000f496400000] [id=12596]

Stack: [0x000000f496300000,0x000000f496400000]
[error occurred during error reporting (printing stack bounds), id 0xc0000005, EXCEPTION_ACCESS_VIOLATION (0xc0000005) at pc=0x0000027989a6112d]

Native frames: (J=compiled Java code, j=interpreted, Vv=VM code, C=native code)
V  [jvm.dll+0x61ccaa]
V  [jvm.dll+0x7a9839]
V  [jvm.dll+0x7aaeff]
V  [jvm.dll+0x7ab535]
V  [jvm.dll+0x7ab4eb]
V  [jvm.dll+0x61c193]
V  [jvm.dll+0x61c8a8]
C  [ntdll.dll+0xa20cf]
C  [ntdll.dll+0x51454]
C  [ntdll.dll+0xa0bfe]
C  0x0000027989a6112d

VM_Operation (0x000000f4983f9580): G1CollectForAllocation, mode: safepoint, requested by thread 0x00000279a2a11000


---------------  P R O C E S S  ---------------

Threads class SMR info:
_java_thread_list=0x00000279a8afcec0, length=166, elements={
0x00000279ff986000, 0x000002799fef8000, 0x000002799ff01800, 0x000002799feee800,
0x000002799feef800, 0x000002799fef3000, 0x000002799fef4800, 0x000002799ff08000,
0x000002799ff0a000, 0x00000279a00b2800, 0x00000279a2034800, 0x00000279a1794000,
0x00000279a13c0800, 0x00000279a2552800, 0x00000279a2551000, 0x00000279a254d000,
0x00000279a2a0e800, 0x00000279a4aae000, 0x00000279a1ffe800, 0x00000279a2a09000,
0x00000279a2a08000, 0x00000279a2a04800, 0x00000279a2a0b000, 0x00000279a2a06800,
0x00000279a2a05800, 0x00000279a2a0d000, 0x00000279a2a0c000, 0x00000279a2a0f800,
0x00000279a2a0d800, 0x00000279a2a09800, 0x00000279a2a10000, 0x00000279a2a0a800,
0x00000279a2a11000, 0x00000279a2a11800, 0x00000279a2a12800, 0x00000279a2a13800,
0x00000279a4aaa000, 0x00000279a4aad000, 0x00000279a4aa8800, 0x00000279a4aaf000,
0x00000279a4aac800, 0x00000279a4aa9000, 0x00000279a4aaf800, 0x00000279a4ab0800,
0x00000279a4aaa800, 0x00000279a4ab4800, 0x00000279a4ab3800, 0x00000279a4ab7000,
0x00000279a4ab5800, 0x00000279a4ab1800, 0x00000279a4ab6000, 0x00000279a4ab2000,
0x00000279a4ab3000, 0x00000279a1ffd000, 0x00000279a1ffd800, 0x00000279a2000000,
0x00000279a1fff800, 0x00000279a2001000, 0x00000279a1ffb000, 0x00000279a2002000,
0x00000279a1ffc000, 0x00000279a2004000, 0x00000279a2002800, 0x00000279a2003800,
0x00000279a200a000, 0x00000279a2005000, 0x00000279a2008800, 0x00000279a2006000,
0x00000279a2006800, 0x00000279a254f800, 0x00000279a2550000, 0x00000279a2552000,
0x00000279a254e800, 0x00000279a2553800, 0x00000279a254d800, 0x00000279a7376800,
0x00000279a737a000, 0x00000279a737c800, 0x00000279a7379000, 0x00000279a7377800,
0x00000279a737a800, 0x00000279a737d000, 0x00000279a737e000, 0x00000279a7378000,
0x00000279a737f800, 0x00000279a737b800, 0x00000279a7384800, 0x00000279a737f000,
0x00000279a7385800, 0x00000279a7382000, 0x00000279a7381000, 0x00000279a7383000,
0x00000279a7380800, 0x00000279a7383800, 0x00000279a8da7000, 0x00000279a8da9000,
0x00000279a8da9800, 0x00000279a8da6800, 0x00000279a8dab000, 0x00000279a8daa800,
0x00000279a8da8000, 0x00000279a8dad000, 0x00000279a8dae800, 0x00000279a8dad800,
0x00000279a8daf800, 0x00000279a8db0000, 0x00000279a8db1000, 0x00000279a8db1800,
0x00000279a8dac000, 0x00000279a8db2800, 0x00000279a8db3800, 0x00000279a8db4000,
0x00000279a8db5000, 0x00000279a8e1b800, 0x00000279a8e1f000, 0x00000279a8e1c800,
0x00000279a8e1e000, 0x00000279a8e1b000, 0x00000279a8e1d800, 0x00000279a8e19000,
0x00000279a8e1a000, 0x00000279a8e22000, 0x00000279a8e23000, 0x00000279a8e24000,
0x00000279a8e1f800, 0x00000279a8e24800, 0x00000279a8e25800, 0x00000279a8e26000,
0x00000279a8e20800, 0x00000279a8e27000, 0x00000279a8e21800, 0x00000279a8e28000,
0x00000279a0c40800, 0x00000279a0c44000, 0x00000279a0c3f000, 0x00000279a0c42000,
0x00000279a0c44800, 0x00000279a0c45800, 0x00000279a0c40000, 0x00000279a0c41800,
0x00000279a0c46800, 0x00000279a0c47000, 0x00000279a0c48000, 0x00000279a0c49000,
0x00000279a0c43000, 0x00000279a0c4b000, 0x00000279a0c4d000, 0x00000279a0c4a800,
0x00000279a0c4c000, 0x00000279a0c4d800, 0x00000279a0c49800, 0x00000279a0d45800,
0x00000279a0d49800, 0x00000279a0d4a800, 0x00000279a0d46800, 0x00000279a0d49000,
0x00000279a0d47000, 0x00000279a0d44800, 0x00000279a0d4d800, 0x00000279a0d4b000,
0x00000279a0d4d000, 0x00000279a0d48000, 0x00000279a0d53800, 0x00000279a0d52000,
0x00000279a0d52800, 0x00000279a0d4e800
}

Java Threads: ( => current thread )
  0x00000279ff986000 JavaThread "main" [_thread_blocked, id=4396, stack(0x000000f495d00000,0x000000f495e00000)]
  0x000002799fef8000 JavaThread "Reference Handler" daemon [_thread_blocked, id=10380, stack(0x000000f496400000,0x000000f496500000)]
  0x000002799ff01800 JavaThread "Finalizer" daemon [_thread_blocked, id=8896, stack(0x000000f496500000,0x000000f496600000)]
  0x000002799feee800 JavaThread "Signal Dispatcher" daemon [_thread_blocked, id=11660, stack(0x000000f496600000,0x000000f496700000)]
  0x000002799feef800 JavaThread "Attach Listener" daemon [_thread_blocked, id=13388, stack(0x000000f496700000,0x000000f496800000)]
  0x000002799fef3000 JavaThread "Service Thread" daemon [_thread_blocked, id=12044, stack(0x000000f496800000,0x000000f496900000)]
  0x000002799fef4800 JavaThread "C2 CompilerThread0" daemon [_thread_blocked, id=14600, stack(0x000000f496900000,0x000000f496a00000)]
  0x000002799ff08000 JavaThread "C1 CompilerThread0" daemon [_thread_blocked, id=8640, stack(0x000000f496a00000,0x000000f496b00000)]
  0x000002799ff0a000 JavaThread "Sweeper thread" daemon [_thread_blocked, id=15216, stack(0x000000f496b00000,0x000000f496c00000)]
  0x00000279a00b2800 JavaThread "Common-Cleaner" daemon [_thread_blocked, id=232, stack(0x000000f496c00000,0x000000f496d00000)]
  0x00000279a2034800 JavaThread "Daemon health stats" [_thread_blocked, id=13364, stack(0x000000f497100000,0x000000f497200000)]
  0x00000279a1794000 JavaThread "Incoming local TCP Connector on port 54976" [_thread_in_native, id=10328, stack(0x000000f497300000,0x000000f497400000)]
  0x00000279a13c0800 JavaThread "Daemon periodic checks" [_thread_blocked, id=10316, stack(0x000000f497400000,0x000000f497500000)]
  0x00000279a2552800 JavaThread "Cache worker for journal cache (C:\Users\Alexandr\.gradle\caches\journal-1)" [_thread_blocked, id=9584, stack(0x000000f497d00000,0x000000f497e00000)]
  0x00000279a2551000 JavaThread "File lock request listener" [_thread_in_native, id=8984, stack(0x000000f497e00000,0x000000f497f00000)]
  0x00000279a254d000 JavaThread "Cache worker for file hash cache (C:\Users\Alexandr\.gradle\caches\6.5\fileHashes)" [_thread_blocked, id=5700, stack(0x000000f497f00000,0x000000f498000000)]
  0x00000279a2a0e800 JavaThread "Cache worker for execution history cache (C:\Users\Alexandr\.gradle\caches\6.5\executionHistory)" [_thread_blocked, id=14784, stack(0x000000f499800000,0x000000f499900000)]
  0x00000279a4aae000 JavaThread "Cache worker for file content cache (C:\Users\Alexandr\.gradle\caches\6.5\fileContent)" [_thread_blocked, id=11580, stack(0x000000f499900000,0x000000f499a00000)]
  0x00000279a1ffe800 JavaThread "Memory manager" [_thread_blocked, id=11912, stack(0x000000f495b00000,0x000000f495c00000)]
  0x00000279a2a09000 JavaThread "Daemon Thread 2" [_thread_blocked, id=3768, stack(0x000000f495c00000,0x000000f495d00000)]
  0x00000279a2a08000 JavaThread "Handler for socket connection from /127.0.0.1:54976 to /127.0.0.1:55056" [_thread_in_native, id=9464, stack(0x000000f496e00000,0x000000f496f00000)]
  0x00000279a2a04800 JavaThread "Cancel handler" [_thread_blocked, id=2368, stack(0x000000f497200000,0x000000f497300000)]
  0x00000279a2a0b000 JavaThread "Daemon worker Thread 2" [_thread_blocked, id=14160, stack(0x000000f497500000,0x000000f497600000)]
  0x00000279a2a06800 JavaThread "Asynchronous log dispatcher for DefaultDaemonConnection: socket connection from /127.0.0.1:54976 to /127.0.0.1:55056" [_thread_blocked, id=4336, stack(0x000000f497600000,0x000000f497700000)]
  0x00000279a2a05800 JavaThread "Stdin handler" [_thread_blocked, id=13524, stack(0x000000f497700000,0x000000f497800000)]
  0x00000279a2a0d000 JavaThread "Thread-152" [_thread_blocked, id=3772, stack(0x000000f497800000,0x000000f497900000)]
  0x00000279a2a0c000 JavaThread "Cache worker for file hash cache (D:\IT\Git\doct24_android\.gradle\6.5\fileHashes)" [_thread_blocked, id=7600, stack(0x000000f497900000,0x000000f497a00000)]
  0x00000279a2a0f800 JavaThread "Cache worker for checksums cache (D:\IT\Git\doct24_android\.gradle\checksums)" [_thread_blocked, id=7752, stack(0x000000f497a00000,0x000000f497b00000)]
  0x00000279a2a0d800 JavaThread "Cache worker for cache directory md-supplier (C:\Users\Alexandr\.gradle\caches\6.5\md-supplier)" [_thread_blocked, id=12784, stack(0x000000f497b00000,0x000000f497c00000)]
  0x00000279a2a09800 JavaThread "Cache worker for cache directory md-rule (C:\Users\Alexandr\.gradle\caches\6.5\md-rule)" [_thread_blocked, id=1828, stack(0x000000f498000000,0x000000f498100000)]
  0x00000279a2a10000 JavaThread "Build operations" [_thread_blocked, id=4724, stack(0x000000f498100000,0x000000f498200000)]
  0x00000279a2a0a800 JavaThread "Build operations Thread 2" [_thread_blocked, id=9076, stack(0x000000f498200000,0x000000f498300000)]
  0x00000279a2a11000 JavaThread "Build operations Thread 3" [_thread_blocked, id=9960, stack(0x000000f498300000,0x000000f498400000)]
  0x00000279a2a11800 JavaThread "Build operations Thread 4" [_thread_blocked, id=13748, stack(0x000000f498400000,0x000000f498500000)]
  0x00000279a2a12800 JavaThread "jar transforms Thread 120" [_thread_blocked, id=3628, stack(0x000000f498500000,0x000000f498600000)]
  0x00000279a2a13800 JavaThread "jar transforms Thread 121" [_thread_blocked, id=464, stack(0x000000f498600000,0x000000f498700000)]
  0x00000279a4aaa000 JavaThread "jar transforms Thread 122" [_thread_blocked, id=5948, stack(0x000000f498700000,0x000000f498800000)]
  0x00000279a4aad000 JavaThread "jar transforms Thread 123" [_thread_blocked, id=1668, stack(0x000000f498800000,0x000000f498900000)]
  0x00000279a4aa8800 JavaThread "jar transforms Thread 124" [_thread_blocked, id=13664, stack(0x000000f498900000,0x000000f498a00000)]
  0x00000279a4aaf000 JavaThread "jar transforms Thread 125" [_thread_blocked, id=6536, stack(0x000000f498a00000,0x000000f498b00000)]
  0x00000279a4aac800 JavaThread "jar transforms Thread 126" [_thread_blocked, id=13352, stack(0x000000f498b00000,0x000000f498c00000)]
  0x00000279a4aa9000 JavaThread "jar transforms Thread 127" [_thread_blocked, id=10776, stack(0x000000f498c00000,0x000000f498d00000)]
  0x00000279a4aaf800 JavaThread "jar transforms Thread 128" [_thread_blocked, id=9832, stack(0x000000f498d00000,0x000000f498e00000)]
  0x00000279a4ab0800 JavaThread "jar transforms Thread 129" [_thread_blocked, id=10012, stack(0x000000f498e00000,0x000000f498f00000)]
  0x00000279a4aaa800 JavaThread "jar transforms Thread 130" [_thread_blocked, id=15068, stack(0x000000f498f00000,0x000000f499000000)]
  0x00000279a4ab4800 JavaThread "jar transforms Thread 131" [_thread_blocked, id=1444, stack(0x000000f499000000,0x000000f499100000)]
  0x00000279a4ab3800 JavaThread "jar transforms Thread 132" [_thread_blocked, id=13612, stack(0x000000f499100000,0x000000f499200000)]
  0x00000279a4ab7000 JavaThread "jar transforms Thread 133" [_thread_blocked, id=3884, stack(0x000000f499200000,0x000000f499300000)]
  0x00000279a4ab5800 JavaThread "jar transforms Thread 134" [_thread_blocked, id=5972, stack(0x000000f499300000,0x000000f499400000)]
  0x00000279a4ab1800 JavaThread "jar transforms Thread 135" [_thread_blocked, id=11336, stack(0x000000f499400000,0x000000f499500000)]
  0x00000279a4ab6000 JavaThread "jar transforms Thread 136" [_thread_blocked, id=13716, stack(0x000000f499500000,0x000000f499600000)]
  0x00000279a4ab2000 JavaThread "jar transforms Thread 137" [_thread_blocked, id=5580, stack(0x000000f499600000,0x000000f499700000)]
  0x00000279a4ab3000 JavaThread "jar transforms Thread 138" [_thread_blocked, id=15252, stack(0x000000f499700000,0x000000f499800000)]
  0x00000279a1ffd000 JavaThread "jar transforms Thread 139" [_thread_blocked, id=13148, stack(0x000000f499a00000,0x000000f499b00000)]
  0x00000279a1ffd800 JavaThread "jar transforms Thread 140" [_thread_blocked, id=3192, stack(0x000000f499b00000,0x000000f499c00000)]
  0x00000279a2000000 JavaThread "jar transforms Thread 141" [_thread_blocked, id=14372, stack(0x000000f499c00000,0x000000f499d00000)]
  0x00000279a1fff800 JavaThread "jar transforms Thread 142" [_thread_blocked, id=2616, stack(0x000000f499d00000,0x000000f499e00000)]
  0x00000279a2001000 JavaThread "jar transforms Thread 143" [_thread_blocked, id=10984, stack(0x000000f499e00000,0x000000f499f00000)]
  0x00000279a1ffb000 JavaThread "jar transforms Thread 144" [_thread_blocked, id=228, stack(0x000000f499f00000,0x000000f49a000000)]
  0x00000279a2002000 JavaThread "jar transforms Thread 145" [_thread_blocked, id=11668, stack(0x000000f49a000000,0x000000f49a100000)]
  0x00000279a1ffc000 JavaThread "jar transforms Thread 146" [_thread_blocked, id=8716, stack(0x000000f49a100000,0x000000f49a200000)]
  0x00000279a2004000 JavaThread "jar transforms Thread 147" [_thread_blocked, id=13572, stack(0x000000f49a200000,0x000000f49a300000)]
  0x00000279a2002800 JavaThread "jar transforms Thread 148" [_thread_blocked, id=8860, stack(0x000000f49a300000,0x000000f49a400000)]
  0x00000279a2003800 JavaThread "jar transforms Thread 149" [_thread_blocked, id=9104, stack(0x000000f49a400000,0x000000f49a500000)]
  0x00000279a200a000 JavaThread "jar transforms Thread 150" [_thread_blocked, id=4164, stack(0x000000f49a500000,0x000000f49a600000)]
  0x00000279a2005000 JavaThread "jar transforms Thread 151" [_thread_blocked, id=11460, stack(0x000000f49a600000,0x000000f49a700000)]
  0x00000279a2008800 JavaThread "jar transforms Thread 152" [_thread_blocked, id=11572, stack(0x000000f49a700000,0x000000f49a800000)]
  0x00000279a2006000 JavaThread "jar transforms Thread 153" [_thread_blocked, id=4216, stack(0x000000f49a800000,0x000000f49a900000)]
  0x00000279a2006800 JavaThread "jar transforms Thread 154" [_thread_blocked, id=4288, stack(0x000000f49a900000,0x000000f49aa00000)]
  0x00000279a254f800 JavaThread "jar transforms Thread 155" [_thread_blocked, id=3080, stack(0x000000f49aa00000,0x000000f49ab00000)]
  0x00000279a2550000 JavaThread "jar transforms Thread 156" [_thread_blocked, id=13848, stack(0x000000f49ab00000,0x000000f49ac00000)]
  0x00000279a2552000 JavaThread "jar transforms Thread 157" [_thread_blocked, id=2804, stack(0x000000f49ac00000,0x000000f49ad00000)]
  0x00000279a254e800 JavaThread "jar transforms Thread 158" [_thread_blocked, id=15164, stack(0x000000f49ad00000,0x000000f49ae00000)]
  0x00000279a2553800 JavaThread "jar transforms Thread 159" [_thread_blocked, id=11848, stack(0x000000f49ae00000,0x000000f49af00000)]
  0x00000279a254d800 JavaThread "jar transforms Thread 160" [_thread_blocked, id=1644, stack(0x000000f49af00000,0x000000f49b000000)]
  0x00000279a7376800 JavaThread "jar transforms Thread 161" [_thread_blocked, id=11120, stack(0x000000f49b000000,0x000000f49b100000)]
  0x00000279a737a000 JavaThread "jar transforms Thread 162" [_thread_blocked, id=10632, stack(0x000000f49b100000,0x000000f49b200000)]
  0x00000279a737c800 JavaThread "jar transforms Thread 163" [_thread_blocked, id=7388, stack(0x000000f49b200000,0x000000f49b300000)]
  0x00000279a7379000 JavaThread "jar transforms Thread 164" [_thread_blocked, id=13384, stack(0x000000f49b300000,0x000000f49b400000)]
  0x00000279a7377800 JavaThread "jar transforms Thread 165" [_thread_blocked, id=1552, stack(0x000000f49b400000,0x000000f49b500000)]
  0x00000279a737a800 JavaThread "jar transforms Thread 166" [_thread_blocked, id=14628, stack(0x000000f49b500000,0x000000f49b600000)]
  0x00000279a737d000 JavaThread "jar transforms Thread 167" [_thread_blocked, id=5776, stack(0x000000f49b600000,0x000000f49b700000)]
  0x00000279a737e000 JavaThread "jar transforms Thread 168" [_thread_blocked, id=2800, stack(0x000000f49b700000,0x000000f49b800000)]
  0x00000279a7378000 JavaThread "jar transforms Thread 169" [_thread_blocked, id=1364, stack(0x000000f49b800000,0x000000f49b900000)]
  0x00000279a737f800 JavaThread "jar transforms Thread 170" [_thread_blocked, id=9208, stack(0x000000f49b900000,0x000000f49ba00000)]
  0x00000279a737b800 JavaThread "jar transforms Thread 171" [_thread_blocked, id=1344, stack(0x000000f49ba00000,0x000000f49bb00000)]
  0x00000279a7384800 JavaThread "jar transforms Thread 172" [_thread_blocked, id=14808, stack(0x000000f49bb00000,0x000000f49bc00000)]
  0x00000279a737f000 JavaThread "jar transforms Thread 173" [_thread_blocked, id=14988, stack(0x000000f49bc00000,0x000000f49bd00000)]
  0x00000279a7385800 JavaThread "jar transforms Thread 174" [_thread_blocked, id=14804, stack(0x000000f49bd00000,0x000000f49be00000)]
  0x00000279a7382000 JavaThread "jar transforms Thread 175" [_thread_blocked, id=368, stack(0x000000f49be00000,0x000000f49bf00000)]
  0x00000279a7381000 JavaThread "jar transforms Thread 176" [_thread_blocked, id=4628, stack(0x000000f49bf00000,0x000000f49c000000)]
  0x00000279a7383000 JavaThread "jar transforms Thread 177" [_thread_blocked, id=13428, stack(0x000000f49c000000,0x000000f49c100000)]
  0x00000279a7380800 JavaThread "jar transforms Thread 178" [_thread_blocked, id=9980, stack(0x000000f49c100000,0x000000f49c200000)]
  0x00000279a7383800 JavaThread "jar transforms Thread 179" [_thread_blocked, id=10356, stack(0x000000f49c200000,0x000000f49c300000)]
  0x00000279a8da7000 JavaThread "jar transforms Thread 180" [_thread_blocked, id=4388, stack(0x000000f49c300000,0x000000f49c400000)]
  0x00000279a8da9000 JavaThread "jar transforms Thread 181" [_thread_blocked, id=5696, stack(0x000000f49c400000,0x000000f49c500000)]
  0x00000279a8da9800 JavaThread "jar transforms Thread 182" [_thread_blocked, id=10788, stack(0x000000f49c500000,0x000000f49c600000)]
  0x00000279a8da6800 JavaThread "jar transforms Thread 183" [_thread_blocked, id=15364, stack(0x000000f49c600000,0x000000f49c700000)]
  0x00000279a8dab000 JavaThread "jar transforms Thread 184" [_thread_blocked, id=15368, stack(0x000000f49c700000,0x000000f49c800000)]
  0x00000279a8daa800 JavaThread "jar transforms Thread 185" [_thread_blocked, id=15372, stack(0x000000f49c800000,0x000000f49c900000)]
  0x00000279a8da8000 JavaThread "jar transforms Thread 186" [_thread_blocked, id=15376, stack(0x000000f49c900000,0x000000f49ca00000)]
  0x00000279a8dad000 JavaThread "jar transforms Thread 187" [_thread_blocked, id=15380, stack(0x000000f49ca00000,0x000000f49cb00000)]
  0x00000279a8dae800 JavaThread "jar transforms Thread 188" [_thread_blocked, id=15388, stack(0x000000f49cb00000,0x000000f49cc00000)]
  0x00000279a8dad800 JavaThread "jar transforms Thread 189" [_thread_blocked, id=15392, stack(0x000000f49cc00000,0x000000f49cd00000)]
  0x00000279a8daf800 JavaThread "jar transforms Thread 190" [_thread_blocked, id=15396, stack(0x000000f49cd00000,0x000000f49ce00000)]
  0x00000279a8db0000 JavaThread "jar transforms Thread 191" [_thread_blocked, id=15400, stack(0x000000f49ce00000,0x000000f49cf00000)]
  0x00000279a8db1000 JavaThread "jar transforms Thread 192" [_thread_blocked, id=15404, stack(0x000000f49cf00000,0x000000f49d000000)]
  0x00000279a8db1800 JavaThread "jar transforms Thread 193" [_thread_blocked, id=15412, stack(0x000000f49d000000,0x000000f49d100000)]
  0x00000279a8dac000 JavaThread "jar transforms Thread 194" [_thread_blocked, id=15416, stack(0x000000f49d100000,0x000000f49d200000)]
  0x00000279a8db2800 JavaThread "jar transforms Thread 195" [_thread_blocked, id=15420, stack(0x000000f49d200000,0x000000f49d300000)]
  0x00000279a8db3800 JavaThread "jar transforms Thread 196" [_thread_blocked, id=15424, stack(0x000000f49d300000,0x000000f49d400000)]
  0x00000279a8db4000 JavaThread "jar transforms Thread 197" [_thread_blocked, id=15428, stack(0x000000f49d400000,0x000000f49d500000)]
  0x00000279a8db5000 JavaThread "jar transforms Thread 198" [_thread_blocked, id=15432, stack(0x000000f49d500000,0x000000f49d600000)]
  0x00000279a8e1b800 JavaThread "jar transforms Thread 199" [_thread_blocked, id=15436, stack(0x000000f49d600000,0x000000f49d700000)]
  0x00000279a8e1f000 JavaThread "jar transforms Thread 200" [_thread_blocked, id=15440, stack(0x000000f49d700000,0x000000f49d800000)]
  0x00000279a8e1c800 JavaThread "jar transforms Thread 201" [_thread_blocked, id=15444, stack(0x000000f49d800000,0x000000f49d900000)]
  0x00000279a8e1e000 JavaThread "jar transforms Thread 202" [_thread_blocked, id=15448, stack(0x000000f49d900000,0x000000f49da00000)]
  0x00000279a8e1b000 JavaThread "jar transforms Thread 203" [_thread_blocked, id=15452, stack(0x000000f49da00000,0x000000f49db00000)]
  0x00000279a8e1d800 JavaThread "jar transforms Thread 204" [_thread_blocked, id=15456, stack(0x000000f49db00000,0x000000f49dc00000)]
  0x00000279a8e19000 JavaThread "jar transforms Thread 205" [_thread_blocked, id=15460, stack(0x000000f49dc00000,0x000000f49dd00000)]
  0x00000279a8e1a000 JavaThread "jar transforms Thread 206" [_thread_blocked, id=15464, stack(0x000000f49dd00000,0x000000f49de00000)]
  0x00000279a8e22000 JavaThread "jar transforms Thread 207" [_thread_blocked, id=15468, stack(0x000000f49de00000,0x000000f49df00000)]
  0x00000279a8e23000 JavaThread "jar transforms Thread 208" [_thread_blocked, id=15472, stack(0x000000f49df00000,0x000000f49e000000)]
  0x00000279a8e24000 JavaThread "jar transforms Thread 209" [_thread_blocked, id=15476, stack(0x000000f49e000000,0x000000f49e100000)]
  0x00000279a8e1f800 JavaThread "jar transforms Thread 210" [_thread_blocked, id=15480, stack(0x000000f49e100000,0x000000f49e200000)]
  0x00000279a8e24800 JavaThread "jar transforms Thread 211" [_thread_blocked, id=15484, stack(0x000000f49e200000,0x000000f49e300000)]
  0x00000279a8e25800 JavaThread "jar transforms Thread 212" [_thread_blocked, id=15488, stack(0x000000f49e300000,0x000000f49e400000)]
  0x00000279a8e26000 JavaThread "jar transforms Thread 213" [_thread_blocked, id=15492, stack(0x000000f49e400000,0x000000f49e500000)]
  0x00000279a8e20800 JavaThread "jar transforms Thread 214" [_thread_blocked, id=15496, stack(0x000000f49e500000,0x000000f49e600000)]
  0x00000279a8e27000 JavaThread "jar transforms Thread 215" [_thread_blocked, id=15500, stack(0x000000f49e600000,0x000000f49e700000)]
  0x00000279a8e21800 JavaThread "jar transforms Thread 216" [_thread_blocked, id=15504, stack(0x000000f49e700000,0x000000f49e800000)]
  0x00000279a8e28000 JavaThread "jar transforms Thread 217" [_thread_blocked, id=15516, stack(0x000000f49e800000,0x000000f49e900000)]
  0x00000279a0c40800 JavaThread "jar transforms Thread 218" [_thread_blocked, id=15520, stack(0x000000f49e900000,0x000000f49ea00000)]
  0x00000279a0c44000 JavaThread "jar transforms Thread 219" [_thread_blocked, id=15524, stack(0x000000f49ea00000,0x000000f49eb00000)]
  0x00000279a0c3f000 JavaThread "jar transforms Thread 220" [_thread_blocked, id=15528, stack(0x000000f49eb00000,0x000000f49ec00000)]
  0x00000279a0c42000 JavaThread "jar transforms Thread 221" [_thread_blocked, id=15532, stack(0x000000f49ec00000,0x000000f49ed00000)]
  0x00000279a0c44800 JavaThread "jar transforms Thread 222" [_thread_blocked, id=15536, stack(0x000000f49ed00000,0x000000f49ee00000)]
  0x00000279a0c45800 JavaThread "jar transforms Thread 223" [_thread_blocked, id=15540, stack(0x000000f49ee00000,0x000000f49ef00000)]
  0x00000279a0c40000 JavaThread "jar transforms Thread 224" [_thread_blocked, id=15544, stack(0x000000f49ef00000,0x000000f49f000000)]
  0x00000279a0c41800 JavaThread "jar transforms Thread 225" [_thread_blocked, id=15548, stack(0x000000f49f000000,0x000000f49f100000)]
  0x00000279a0c46800 JavaThread "jar transforms Thread 226" [_thread_blocked, id=15552, stack(0x000000f49f100000,0x000000f49f200000)]
  0x00000279a0c47000 JavaThread "jar transforms Thread 227" [_thread_blocked, id=15556, stack(0x000000f49f200000,0x000000f49f300000)]
  0x00000279a0c48000 JavaThread "jar transforms Thread 228" [_thread_blocked, id=15560, stack(0x000000f49f300000,0x000000f49f400000)]
  0x00000279a0c49000 JavaThread "jar transforms Thread 229" [_thread_blocked, id=15564, stack(0x000000f49f400000,0x000000f49f500000)]
  0x00000279a0c43000 JavaThread "jar transforms Thread 230" [_thread_blocked, id=15568, stack(0x000000f49f500000,0x000000f49f600000)]
  0x00000279a0c4b000 JavaThread "jar transforms Thread 231" [_thread_blocked, id=15572, stack(0x000000f49f600000,0x000000f49f700000)]
  0x00000279a0c4d000 JavaThread "jar transforms Thread 232" [_thread_blocked, id=15576, stack(0x000000f49f700000,0x000000f49f800000)]
  0x00000279a0c4a800 JavaThread "jar transforms Thread 233" [_thread_blocked, id=15580, stack(0x000000f49f800000,0x000000f49f900000)]
  0x00000279a0c4c000 JavaThread "jar transforms Thread 234" [_thread_blocked, id=15584, stack(0x000000f49f900000,0x000000f49fa00000)]
  0x00000279a0c4d800 JavaThread "jar transforms Thread 235" [_thread_blocked, id=15588, stack(0x000000f49fa00000,0x000000f49fb00000)]
  0x00000279a0c49800 JavaThread "jar transforms Thread 236" [_thread_blocked, id=15592, stack(0x000000f49fb00000,0x000000f49fc00000)]
  0x00000279a0d45800 JavaThread "jar transforms Thread 237" [_thread_blocked, id=15596, stack(0x000000f49fc00000,0x000000f49fd00000)]
  0x00000279a0d49800 JavaThread "jar transforms Thread 238" [_thread_blocked, id=15600, stack(0x000000f49fd00000,0x000000f49fe00000)]
  0x00000279a0d4a800 JavaThread "Cache worker for Build Output Cleanup Cache (D:\IT\Git\doct24_android\.gradle\buildOutputCleanup)" [_thread_blocked, id=15616, stack(0x000000f49fe00000,0x000000f49ff00000)]
  0x00000279a0d46800 JavaThread "Cache worker for file content cache (D:\IT\Git\doct24_android\.gradle\6.5\fileContent)" [_thread_blocked, id=15624, stack(0x000000f49ff00000,0x000000f4a0000000)]
  0x00000279a0d49000 JavaThread "Execution worker for ':'" [_thread_blocked, id=15640, stack(0x000000f4a0000000,0x000000f4a0100000)]
  0x00000279a0d47000 JavaThread "Execution worker for ':' Thread 2" [_thread_blocked, id=15644, stack(0x000000f4a0100000,0x000000f4a0200000)]
  0x00000279a0d44800 JavaThread "Execution worker for ':' Thread 3" [_thread_blocked, id=15648, stack(0x000000f4a0300000,0x000000f4a0400000)]
  0x00000279a0d4d800 JavaThread "Cache worker for execution history cache (D:\IT\Git\doct24_android\.gradle\6.5\executionHistory)" [_thread_blocked, id=15652, stack(0x000000f4a0400000,0x000000f4a0500000)]
  0x00000279a0d4b000 JavaThread "WorkerExecutor Queue" [_thread_blocked, id=15704, stack(0x000000f4a0500000,0x000000f4a0600000)]
  0x00000279a0d4d000 JavaThread "WorkerExecutor Queue Thread 2" [_thread_blocked, id=15708, stack(0x000000f4a0600000,0x000000f4a0700000)]
  0x00000279a0d48000 JavaThread "pool-4-thread-1" [_thread_blocked, id=15712, stack(0x000000f4a0700000,0x000000f4a0800000)]
  0x00000279a0d53800 JavaThread "stderr" [_thread_in_native, id=15740, stack(0x000000f4a0800000,0x000000f4a0900000)]
  0x00000279a0d52000 JavaThread "stdout" [_thread_in_native, id=15744, stack(0x000000f4a0900000,0x000000f4a0a00000)]
  0x00000279a0d52800 JavaThread "stderr" [_thread_in_native, id=15756, stack(0x000000f4a0a00000,0x000000f4a0b00000)]
  0x00000279a0d4e800 JavaThread "stdout" [_thread_in_native, id=15760, stack(0x000000f4a0b00000,0x000000f4a0c00000)]

Other Threads:
=>0x000002799fee1000 VMThread "VM Thread" [stack: 0x000000f496300000,0x000000f496400000] [id=12596]
  0x00000279a00fe000 WatcherThread [stack: 0x000000f496d00000,0x000000f496e00000] [id=3752]
  0x00000279ff99c800 GCTaskThread "GC Thread#0" [stack: 0x000000f495e00000,0x000000f495f00000] [id=14400]
  0x00000279a0524000 GCTaskThread "GC Thread#1" [stack: 0x000000f496f00000,0x000000f497000000] [id=5400]
  0x00000279a0598800 GCTaskThread "GC Thread#2" [stack: 0x000000f497000000,0x000000f497100000] [id=13928]
  0x00000279a1aa0800 GCTaskThread "GC Thread#3" [stack: 0x000000f497c00000,0x000000f497d00000] [id=14812]
  0x00000279ff9d2800 ConcurrentGCThread "G1 Main Marker" [stack: 0x000000f495f00000,0x000000f496000000] [id=5668]
  0x00000279ff9d3800 ConcurrentGCThread "G1 Conc#0" [stack: 0x000000f496000000,0x000000f496100000] [id=15284]
  0x00000279ff9fe800 ConcurrentGCThread "G1 Refine#0" [stack: 0x000000f496100000,0x000000f496200000] [id=6740]
  0x000002799f300800 ConcurrentGCThread "G1 Young RemSet Sampling" [stack: 0x000000f496200000,0x000000f496300000] [id=4764]

Threads with active compile tasks:
C2 CompilerThread0 258798 16270       4       com.android.tools.r8.utils.T::d (290 bytes)
C1 CompilerThread0 258798 16649       2       com.android.tools.r8.ir.conversion.C::a (30 bytes)

VM state:at safepoint (normal execution)

VM Mutex/Monitor currently owned by a thread:  ([mutex/lock_event])
[0x00000279ff981f50] Threads_lock - owner thread: 0x000002799fee1000
[0x00000279ff981d10] Heap_lock - owner thread: 0x00000279a2a11000

Heap address: 0x0000000080000000, size: 2048 MB, Compressed Oops mode: 32-bit
Narrow klass base: 0x0000000000000000, Narrow klass shift: 3
Compressed class space size: 1073741824 Address: 0x0000000100000000

Heap:
 garbage-first heap   total 232448K, used 140546K [0x0000000080000000, 0x0000000100000000)
  region size 1024K, 3 young (3072K), 3 survivors (3072K)
 Metaspace       used 123557K, capacity 126620K, committed 127612K, reserved 1161216K
  class space    used 15262K, capacity 16368K, committed 16768K, reserved 1048576K
Heap Regions: E=young(eden), S=young(survivor), O=old, HS=humongous(starts), HC=humongous(continues), CS=collection set, F=free, A=archive, TAMS=top-at-mark-start (previous, next)
|   0|0x0000000080000000, 0x0000000080100000, 0x0000000080100000|100%| O|  |TAMS 0x0000000080100000, 0x0000000080000000| Untracked 
|   1|0x0000000080100000, 0x0000000080200000, 0x0000000080200000|100%| O|  |TAMS 0x0000000080200000, 0x0000000080100000| Untracked 
|   2|0x0000000080200000, 0x0000000080300000, 0x0000000080300000|100%| O|  |TAMS 0x0000000080300000, 0x0000000080200000| Untracked 
|   3|0x0000000080300000, 0x0000000080400000, 0x0000000080400000|100%|HS|  |TAMS 0x0000000080400000, 0x0000000080300000| Complete 
|   4|0x0000000080400000, 0x0000000080500000, 0x0000000080500000|100%|HC|  |TAMS 0x0000000080500000, 0x0000000080400000| Complete 
|   5|0x0000000080500000, 0x0000000080600000, 0x0000000080600000|100%|HC|  |TAMS 0x0000000080600000, 0x0000000080500000| Complete 
|   6|0x0000000080600000, 0x0000000080700000, 0x0000000080700000|100%| O|  |TAMS 0x0000000080700000, 0x0000000080600000| Untracked 
|   7|0x0000000080700000, 0x0000000080800000, 0x0000000080800000|100%| O|  |TAMS 0x0000000080800000, 0x0000000080700000| Untracked 
|   8|0x0000000080800000, 0x0000000080900000, 0x0000000080900000|100%| O|  |TAMS 0x0000000080900000, 0x0000000080800000| Untracked 
|   9|0x0000000080900000, 0x0000000080a00000, 0x0000000080a00000|100%| O|  |TAMS 0x0000000080a00000, 0x0000000080900000| Untracked 
|  10|0x0000000080a00000, 0x0000000080b00000, 0x0000000080b00000|100%| O|  |TAMS 0x0000000080b00000, 0x0000000080a00000| Untracked 
|  11|0x0000000080b00000, 0x0000000080c00000, 0x0000000080c00000|100%| O|  |TAMS 0x0000000080c00000, 0x0000000080b00000| Untracked 
|  12|0x0000000080c00000, 0x0000000080d00000, 0x0000000080d00000|100%| O|  |TAMS 0x0000000080d00000, 0x0000000080c00000| Untracked 
|  13|0x0000000080d00000, 0x0000000080e00000, 0x0000000080e00000|100%| O|  |TAMS 0x0000000080e00000, 0x0000000080d00000| Untracked 
|  14|0x0000000080e00000, 0x0000000080f00000, 0x0000000080f00000|100%| O|  |TAMS 0x0000000080f00000, 0x0000000080e00000| Untracked 
|  15|0x0000000080f00000, 0x0000000081000000, 0x0000000081000000|100%| O|  |TAMS 0x0000000081000000, 0x0000000080f00000| Untracked 
|  16|0x0000000081000000, 0x0000000081100000, 0x0000000081100000|100%|HS|  |TAMS 0x0000000081100000, 0x0000000081000000| Complete 
|  17|0x0000000081100000, 0x0000000081200000, 0x0000000081200000|100%|HC|  |TAMS 0x0000000081200000, 0x0000000081100000| Complete 
|  18|0x0000000081200000, 0x0000000081300000, 0x0000000081300000|100%|HS|  |TAMS 0x0000000081300000, 0x0000000081200000| Complete 
|  19|0x0000000081300000, 0x0000000081400000, 0x0000000081400000|100%|HC|  |TAMS 0x0000000081400000, 0x0000000081300000| Complete 
|  20|0x0000000081400000, 0x0000000081500000, 0x0000000081500000|100%|HC|  |TAMS 0x0000000081500000, 0x0000000081400000| Complete 
|  21|0x0000000081500000, 0x0000000081600000, 0x0000000081600000|100%|HS|  |TAMS 0x0000000081600000, 0x0000000081500000| Complete 
|  22|0x0000000081600000, 0x0000000081700000, 0x0000000081700000|100%|HC|  |TAMS 0x0000000081700000, 0x0000000081600000| Complete 
|  23|0x0000000081700000, 0x0000000081800000, 0x0000000081800000|100%|HC|  |TAMS 0x0000000081800000, 0x0000000081700000| Complete 
|  24|0x0000000081800000, 0x0000000081900000, 0x0000000081900000|100%|HC|  |TAMS 0x0000000081900000, 0x0000000081800000| Complete 
|  25|0x0000000081900000, 0x0000000081a00000, 0x0000000081a00000|100%|HC|  |TAMS 0x0000000081a00000, 0x0000000081900000| Complete 
|  26|0x0000000081a00000, 0x0000000081b00000, 0x0000000081b00000|100%| O|  |TAMS 0x0000000081b00000, 0x0000000081a00000| Untracked 
|  27|0x0000000081b00000, 0x0000000081c00000, 0x0000000081c00000|100%| O|  |TAMS 0x0000000081c00000, 0x0000000081b00000| Untracked 
|  28|0x0000000081c00000, 0x0000000081d00000, 0x0000000081d00000|100%| O|  |TAMS 0x0000000081d00000, 0x0000000081c00000| Untracked 
|  29|0x0000000081d00000, 0x0000000081e00000, 0x0000000081e00000|100%| O|  |TAMS 0x0000000081e00000, 0x0000000081d00000| Untracked 
|  30|0x0000000081e00000, 0x0000000081f00000, 0x0000000081f00000|100%| O|  |TAMS 0x0000000081f00000, 0x0000000081e00000| Untracked 
|  31|0x0000000081f00000, 0x0000000082000000, 0x0000000082000000|100%| O|  |TAMS 0x0000000082000000, 0x0000000081f00000| Untracked 
|  32|0x0000000082000000, 0x0000000082100000, 0x0000000082100000|100%| O|  |TAMS 0x0000000082100000, 0x0000000082000000| Untracked 
|  33|0x0000000082100000, 0x0000000082200000, 0x0000000082200000|100%| O|  |TAMS 0x0000000082200000, 0x0000000082100000| Untracked 
|  34|0x0000000082200000, 0x0000000082300000, 0x0000000082300000|100%|HS|  |TAMS 0x0000000082300000, 0x0000000082200000| Complete 
|  35|0x0000000082300000, 0x0000000082400000, 0x0000000082400000|100%|HS|  |TAMS 0x0000000082400000, 0x0000000082300000| Complete 
|  36|0x0000000082400000, 0x0000000082500000, 0x0000000082500000|100%|HC|  |TAMS 0x0000000082500000, 0x0000000082400000| Complete 
|  37|0x0000000082500000, 0x0000000082600000, 0x0000000082600000|100%|HC|  |TAMS 0x0000000082600000, 0x0000000082500000| Complete 
|  38|0x0000000082600000, 0x0000000082700000, 0x0000000082700000|100%|HS|  |TAMS 0x0000000082700000, 0x0000000082600000| Complete 
|  39|0x0000000082700000, 0x0000000082800000, 0x0000000082800000|100%|HC|  |TAMS 0x0000000082800000, 0x0000000082700000| Complete 
|  40|0x0000000082800000, 0x0000000082900000, 0x0000000082900000|100%| O|  |TAMS 0x0000000082900000, 0x0000000082800000| Untracked 
|  41|0x0000000082900000, 0x0000000082a00000, 0x0000000082a00000|100%| O|  |TAMS 0x0000000082a00000, 0x0000000082900000| Untracked 
|  42|0x0000000082a00000, 0x0000000082b00000, 0x0000000082b00000|100%| O|  |TAMS 0x0000000082b00000, 0x0000000082a00000| Untracked 
|  43|0x0000000082b00000, 0x0000000082c00000, 0x0000000082c00000|100%| O|  |TAMS 0x0000000082c00000, 0x0000000082b00000| Untracked 
|  44|0x0000000082c00000, 0x0000000082d00000, 0x0000000082d00000|100%| O|  |TAMS 0x0000000082d00000, 0x0000000082c00000| Untracked 
|  45|0x0000000082d00000, 0x0000000082e00000, 0x0000000082e00000|100%| O|  |TAMS 0x0000000082e00000, 0x0000000082d00000| Untracked 
|  46|0x0000000082e00000, 0x0000000082f00000, 0x0000000082f00000|100%| O|  |TAMS 0x0000000082e00000, 0x0000000082e00000| Untracked 
|  47|0x0000000082f00000, 0x0000000083000000, 0x0000000083000000|100%| O|  |TAMS 0x0000000083000000, 0x0000000082f00000| Untracked 
|  48|0x0000000083000000, 0x0000000083100000, 0x0000000083100000|100%| O|  |TAMS 0x0000000083100000, 0x0000000083000000| Untracked 
|  49|0x0000000083100000, 0x0000000083200000, 0x0000000083200000|100%| O|  |TAMS 0x0000000083200000, 0x0000000083100000| Untracked 
|  50|0x0000000083200000, 0x0000000083300000, 0x0000000083300000|100%| O|  |TAMS 0x0000000083300000, 0x0000000083200000| Untracked 
|  51|0x0000000083300000, 0x0000000083400000, 0x0000000083400000|100%| O|  |TAMS 0x0000000083400000, 0x0000000083300000| Untracked 
|  52|0x0000000083400000, 0x0000000083500000, 0x0000000083500000|100%| O|  |TAMS 0x0000000083500000, 0x0000000083400000| Untracked 
|  53|0x0000000083500000, 0x0000000083600000, 0x0000000083600000|100%| O|  |TAMS 0x0000000083600000, 0x0000000083500000| Untracked 
|  54|0x0000000083600000, 0x0000000083700000, 0x0000000083700000|100%| O|  |TAMS 0x0000000083700000, 0x0000000083600000| Untracked 
|  55|0x0000000083700000, 0x0000000083800000, 0x0000000083800000|100%| O|  |TAMS 0x0000000083800000, 0x0000000083700000| Untracked 
|  56|0x0000000083800000, 0x0000000083900000, 0x0000000083900000|100%| O|  |TAMS 0x0000000083900000, 0x0000000083800000| Untracked 
|  57|0x0000000083900000, 0x0000000083a00000, 0x0000000083a00000|100%| O|  |TAMS 0x0000000083900000, 0x0000000083900000| Untracked 
|  58|0x0000000083a00000, 0x0000000083b00000, 0x0000000083b00000|100%| O|  |TAMS 0x0000000083b00000, 0x0000000083a00000| Untracked 
|  59|0x0000000083b00000, 0x0000000083c00000, 0x0000000083c00000|100%| O|  |TAMS 0x0000000083c00000, 0x0000000083b00000| Untracked 
|  60|0x0000000083c00000, 0x0000000083d00000, 0x0000000083d00000|100%| O|  |TAMS 0x0000000083d00000, 0x0000000083c00000| Untracked 
|  61|0x0000000083d00000, 0x0000000083e00000, 0x0000000083e00000|100%| O|  |TAMS 0x0000000083e00000, 0x0000000083d00000| Untracked 
|  62|0x0000000083e00000, 0x0000000083f00000, 0x0000000083f00000|100%| O|  |TAMS 0x0000000083f00000, 0x0000000083e00000| Untracked 
|  63|0x0000000083f00000, 0x0000000084000000, 0x0000000084000000|100%| O|  |TAMS 0x0000000084000000, 0x0000000083f00000| Untracked 
|  64|0x0000000084000000, 0x0000000084100000, 0x0000000084100000|100%| O|  |TAMS 0x0000000084100000, 0x0000000084000000| Untracked 
|  65|0x0000000084100000, 0x0000000084200000, 0x0000000084200000|100%| O|  |TAMS 0x0000000084200000, 0x0000000084100000| Untracked 
|  66|0x0000000084200000, 0x0000000084300000, 0x0000000084300000|100%| O|  |TAMS 0x0000000084300000, 0x0000000084200000| Untracked 
|  67|0x0000000084300000, 0x0000000084400000, 0x0000000084400000|100%| O|  |TAMS 0x0000000084400000, 0x0000000084300000| Untracked 
|  68|0x0000000084400000, 0x0000000084500000, 0x0000000084500000|100%| O|  |TAMS 0x0000000084400000, 0x0000000084400000| Untracked 
|  69|0x0000000084500000, 0x0000000084600000, 0x0000000084600000|100%| O|  |TAMS 0x0000000084600000, 0x0000000084500000| Untracked 
|  70|0x0000000084600000, 0x0000000084700000, 0x0000000084700000|100%| O|  |TAMS 0x0000000084600000, 0x0000000084600000| Untracked 
|  71|0x0000000084700000, 0x0000000084800000, 0x0000000084800000|100%| O|  |TAMS 0x0000000084800000, 0x0000000084700000| Untracked 
|  72|0x0000000084800000, 0x0000000084900000, 0x0000000084900000|100%| O|  |TAMS 0x0000000084900000, 0x0000000084800000| Untracked 
|  73|0x0000000084900000, 0x0000000084a00000, 0x0000000084a00000|100%| O|  |TAMS 0x0000000084a00000, 0x0000000084900000| Untracked 
|  74|0x0000000084a00000, 0x0000000084b00000, 0x0000000084b00000|100%| O|  |TAMS 0x0000000084b00000, 0x0000000084a00000| Untracked 
|  75|0x0000000084b00000, 0x0000000084c00000, 0x0000000084c00000|100%| O|  |TAMS 0x0000000084b00000, 0x0000000084b00000| Untracked 
|  76|0x0000000084c00000, 0x0000000084d00000, 0x0000000084d00000|100%| O|  |TAMS 0x0000000084d00000, 0x0000000084c00000| Untracked 
|  77|0x0000000084d00000, 0x0000000084e00000, 0x0000000084e00000|100%| O|  |TAMS 0x0000000084d00000, 0x0000000084d00000| Untracked 
|  78|0x0000000084e00000, 0x0000000084f00000, 0x0000000084f00000|100%| O|  |TAMS 0x0000000084f00000, 0x0000000084e00000| Untracked 
|  79|0x0000000084f00000, 0x0000000085000000, 0x0000000085000000|100%| O|  |TAMS 0x0000000085000000, 0x0000000084f00000| Untracked 
|  80|0x0000000085000000, 0x0000000085100000, 0x0000000085100000|100%| O|  |TAMS 0x0000000085100000, 0x0000000085000000| Untracked 
|  81|0x0000000085100000, 0x0000000085200000, 0x0000000085200000|100%| O|  |TAMS 0x0000000085200000, 0x0000000085100000| Untracked 
|  82|0x0000000085200000, 0x0000000085300000, 0x0000000085300000|100%| O|  |TAMS 0x0000000085300000, 0x0000000085200000| Untracked 
|  83|0x0000000085300000, 0x0000000085400000, 0x0000000085400000|100%| O|  |TAMS 0x0000000085400000, 0x0000000085300000| Untracked 
|  84|0x0000000085400000, 0x0000000085500000, 0x0000000085500000|100%| O|  |TAMS 0x0000000085500000, 0x0000000085400000| Untracked 
|  85|0x0000000085500000, 0x0000000085600000, 0x0000000085600000|100%| O|  |TAMS 0x0000000085500000, 0x0000000085500000| Untracked 
|  86|0x0000000085600000, 0x0000000085700000, 0x0000000085700000|100%| O|  |TAMS 0x0000000085700000, 0x0000000085600000| Untracked 
|  87|0x0000000085700000, 0x0000000085700000, 0x0000000085800000|  0%| F|  |TAMS 0x0000000085700000, 0x0000000085700000| Untracked 
|  88|0x0000000085800000, 0x0000000085900000, 0x0000000085900000|100%| O|  |TAMS 0x0000000085900000, 0x0000000085800000| Untracked 
|  89|0x0000000085900000, 0x0000000085a00000, 0x0000000085a00000|100%| O|  |TAMS 0x0000000085a00000, 0x0000000085900000| Untracked 
|  90|0x0000000085a00000, 0x0000000085b00000, 0x0000000085b00000|100%| O|  |TAMS 0x0000000085a00000, 0x0000000085a00000| Untracked 
|  91|0x0000000085b00000, 0x0000000085c00000, 0x0000000085c00000|100%| O|  |TAMS 0x0000000085c00000, 0x0000000085b00000| Untracked 
|  92|0x0000000085c00000, 0x0000000085d00000, 0x0000000085d00000|100%| O|  |TAMS 0x0000000085d00000, 0x0000000085c00000| Untracked 
|  93|0x0000000085d00000, 0x0000000085e00000, 0x0000000085e00000|100%| O|  |TAMS 0x0000000085e00000, 0x0000000085d00000| Untracked 
|  94|0x0000000085e00000, 0x0000000085f00000, 0x0000000085f00000|100%| O|  |TAMS 0x0000000085e00000, 0x0000000085e00000| Untracked 
|  95|0x0000000085f00000, 0x0000000086000000, 0x0000000086000000|100%| O|  |TAMS 0x0000000086000000, 0x0000000085f00000| Untracked 
|  96|0x0000000086000000, 0x0000000086000000, 0x0000000086100000|  0%| F|  |TAMS 0x0000000086000000, 0x0000000086000000| Untracked 
|  97|0x0000000086100000, 0x0000000086100000, 0x0000000086200000|  0%| F|  |TAMS 0x0000000086100000, 0x0000000086100000| Untracked 
|  98|0x0000000086200000, 0x0000000086300000, 0x0000000086300000|100%| O|  |TAMS 0x0000000086300000, 0x0000000086200000| Untracked 
|  99|0x0000000086300000, 0x0000000086400000, 0x0000000086400000|100%| O|  |TAMS 0x0000000086400000, 0x0000000086300000| Untracked 
| 100|0x0000000086400000, 0x0000000086500000, 0x0000000086500000|100%| O|  |TAMS 0x0000000086500000, 0x0000000086400000| Untracked 
| 101|0x0000000086500000, 0x0000000086600000, 0x0000000086600000|100%| O|  |TAMS 0x0000000086500000, 0x0000000086500000| Untracked 
| 102|0x0000000086600000, 0x0000000086700000, 0x0000000086700000|100%| O|  |TAMS 0x0000000086600000, 0x0000000086600000| Untracked 
| 103|0x0000000086700000, 0x0000000086800000, 0x0000000086800000|100%| O|  |TAMS 0x0000000086700000, 0x0000000086700000| Untracked 
| 104|0x0000000086800000, 0x0000000086900000, 0x0000000086900000|100%| O|  |TAMS 0x0000000086900000, 0x0000000086800000| Untracked 
| 105|0x0000000086900000, 0x0000000086a00000, 0x0000000086a00000|100%| O|  |TAMS 0x0000000086a00000, 0x0000000086900000| Untracked 
| 106|0x0000000086a00000, 0x0000000086b00000, 0x0000000086b00000|100%| O|  |TAMS 0x0000000086b00000, 0x0000000086a00000| Untracked 
| 107|0x0000000086b00000, 0x0000000086c00000, 0x0000000086c00000|100%| O|  |TAMS 0x0000000086c00000, 0x0000000086b00000| Untracked 
| 108|0x0000000086c00000, 0x0000000086c00000, 0x0000000086d00000|  0%| F|  |TAMS 0x0000000086c00000, 0x0000000086c00000| Untracked 
| 109|0x0000000086d00000, 0x0000000086e00000, 0x0000000086e00000|100%| O|  |TAMS 0x0000000086e00000, 0x0000000086d00000| Untracked 
| 110|0x0000000086e00000, 0x0000000086f00000, 0x0000000086f00000|100%| O|  |TAMS 0x0000000086f00000, 0x0000000086e00000| Untracked 
| 111|0x0000000086f00000, 0x0000000087000000, 0x0000000087000000|100%| O|  |TAMS 0x0000000087000000, 0x0000000086f00000| Untracked 
| 112|0x0000000087000000, 0x0000000087100000, 0x0000000087100000|100%| O|  |TAMS 0x0000000087100000, 0x0000000087000000| Untracked 
| 113|0x0000000087100000, 0x0000000087100000, 0x0000000087200000|  0%| F|  |TAMS 0x0000000087100000, 0x0000000087100000| Untracked 
| 114|0x0000000087200000, 0x0000000087300000, 0x0000000087300000|100%| O|  |TAMS 0x0000000087300000, 0x0000000087200000| Untracked 
| 115|0x0000000087300000, 0x0000000087400000, 0x0000000087400000|100%| O|  |TAMS 0x0000000087400000, 0x0000000087300000| Untracked 
| 116|0x0000000087400000, 0x0000000087500000, 0x0000000087500000|100%| O|  |TAMS 0x0000000087500000, 0x0000000087400000| Untracked 
| 117|0x0000000087500000, 0x0000000087500000, 0x0000000087600000|  0%| F|  |TAMS 0x0000000087500000, 0x0000000087500000| Untracked 
| 118|0x0000000087600000, 0x0000000087600000, 0x0000000087700000|  0%| F|  |TAMS 0x0000000087600000, 0x0000000087600000| Untracked 
| 119|0x0000000087700000, 0x0000000087700000, 0x0000000087800000|  0%| F|  |TAMS 0x0000000087700000, 0x0000000087700000| Untracked 
| 120|0x0000000087800000, 0x0000000087800000, 0x0000000087900000|  0%| F|  |TAMS 0x0000000087800000, 0x0000000087800000| Untracked 
| 121|0x0000000087900000, 0x0000000087900000, 0x0000000087a00000|  0%| F|  |TAMS 0x0000000087900000, 0x0000000087900000| Untracked 
| 122|0x0000000087a00000, 0x0000000087a00000, 0x0000000087b00000|  0%| F|  |TAMS 0x0000000087a00000, 0x0000000087a00000| Untracked 
| 123|0x0000000087b00000, 0x0000000087c00000, 0x0000000087c00000|100%| O|  |TAMS 0x0000000087c00000, 0x0000000087b00000| Untracked 
| 124|0x0000000087c00000, 0x0000000087c00000, 0x0000000087d00000|  0%| F|  |TAMS 0x0000000087c00000, 0x0000000087c00000| Untracked 
| 125|0x0000000087d00000, 0x0000000087e00000, 0x0000000087e00000|100%| O|  |TAMS 0x0000000087e00000, 0x0000000087d00000| Untracked 
| 126|0x0000000087e00000, 0x0000000087e00000, 0x0000000087f00000|  0%| F|  |TAMS 0x0000000087e00000, 0x0000000087e00000| Untracked 
| 127|0x0000000087f00000, 0x0000000088000000, 0x0000000088000000|100%| O|  |TAMS 0x0000000088000000, 0x0000000087f00000| Untracked 
| 128|0x0000000088000000, 0x0000000088100000, 0x0000000088100000|100%| O|  |TAMS 0x0000000088100000, 0x0000000088000000| Untracked 
| 129|0x0000000088100000, 0x0000000088200000, 0x0000000088200000|100%| O|  |TAMS 0x0000000088200000, 0x0000000088100000| Untracked 
| 130|0x0000000088200000, 0x0000000088300000, 0x0000000088300000|100%| O|  |TAMS 0x0000000088300000, 0x0000000088200000| Untracked 
| 131|0x0000000088300000, 0x0000000088400000, 0x0000000088400000|100%| O|  |TAMS 0x0000000088400000, 0x0000000088300000| Untracked 
| 132|0x0000000088400000, 0x0000000088500000, 0x0000000088500000|100%| O|  |TAMS 0x0000000088500000, 0x0000000088400000| Untracked 
| 133|0x0000000088500000, 0x0000000088500000, 0x0000000088600000|  0%| F|  |TAMS 0x0000000088500000, 0x0000000088500000| Untracked 
| 134|0x0000000088600000, 0x0000000088700000, 0x0000000088700000|100%| O|  |TAMS 0x0000000088700000, 0x0000000088600000| Untracked 
| 135|0x0000000088700000, 0x0000000088800000, 0x0000000088800000|100%| O|  |TAMS 0x0000000088800000, 0x0000000088700000| Untracked 
| 136|0x0000000088800000, 0x0000000088900000, 0x0000000088900000|100%| O|  |TAMS 0x0000000088884a00, 0x0000000088800000| Untracked 
| 137|0x0000000088900000, 0x0000000088a00000, 0x0000000088a00000|100%| O|  |TAMS 0x0000000088900000, 0x0000000088900000| Untracked 
| 138|0x0000000088a00000, 0x0000000088b00000, 0x0000000088b00000|100%| O|  |TAMS 0x0000000088a00000, 0x0000000088a00000| Untracked 
| 139|0x0000000088b00000, 0x0000000088c00000, 0x0000000088c00000|100%| O|  |TAMS 0x0000000088b00000, 0x0000000088b00000| Untracked 
| 140|0x0000000088c00000, 0x0000000088d00000, 0x0000000088d00000|100%| O|  |TAMS 0x0000000088c00000, 0x0000000088c00000| Untracked 
| 141|0x0000000088d00000, 0x0000000088e00000, 0x0000000088e00000|100%| O|  |TAMS 0x0000000088d00000, 0x0000000088d00000| Untracked 
| 142|0x0000000088e00000, 0x0000000088f00000, 0x0000000088f00000|100%| O|  |TAMS 0x0000000088e00000, 0x0000000088e00000| Untracked 
| 143|0x0000000088f00000, 0x0000000089000000, 0x0000000089000000|100%| O|  |TAMS 0x0000000088f00000, 0x0000000088f00000| Untracked 
| 144|0x0000000089000000, 0x0000000089100000, 0x0000000089100000|100%| O|  |TAMS 0x0000000089000000, 0x0000000089000000| Untracked 
| 145|0x0000000089100000, 0x0000000089200000, 0x0000000089200000|100%| O|  |TAMS 0x0000000089100000, 0x0000000089100000| Untracked 
| 146|0x0000000089200000, 0x0000000089300000, 0x0000000089300000|100%| O|  |TAMS 0x0000000089200000, 0x0000000089200000| Untracked 
| 147|0x0000000089300000, 0x0000000089400000, 0x0000000089400000|100%| O|  |TAMS 0x0000000089300000, 0x0000000089300000| Untracked 
| 148|0x0000000089400000, 0x0000000089500000, 0x0000000089500000|100%| O|  |TAMS 0x0000000089400000, 0x0000000089400000| Untracked 
| 149|0x0000000089500000, 0x0000000089500000, 0x0000000089600000|  0%| F|  |TAMS 0x0000000089500000, 0x0000000089500000| Untracked 
| 150|0x0000000089600000, 0x0000000089600000, 0x0000000089700000|  0%| F|  |TAMS 0x0000000089600000, 0x0000000089600000| Untracked 
| 151|0x0000000089700000, 0x0000000089700000, 0x0000000089800000|  0%| F|  |TAMS 0x0000000089700000, 0x0000000089700000| Untracked 
| 152|0x0000000089800000, 0x0000000089800000, 0x0000000089900000|  0%| F|  |TAMS 0x0000000089800000, 0x0000000089800000| Untracked 
| 153|0x0000000089900000, 0x0000000089900000, 0x0000000089a00000|  0%| F|  |TAMS 0x0000000089900000, 0x0000000089900000| Untracked 
| 154|0x0000000089a00000, 0x0000000089a00000, 0x0000000089b00000|  0%| F|  |TAMS 0x0000000089a00000, 0x0000000089a00000| Untracked 
| 155|0x0000000089b00000, 0x0000000089b00000, 0x0000000089c00000|  0%| F|  |TAMS 0x0000000089b00000, 0x0000000089b00000| Untracked 
| 156|0x0000000089c00000, 0x0000000089c00000, 0x0000000089d00000|  0%| F|  |TAMS 0x0000000089c00000, 0x0000000089c00000| Untracked 
| 157|0x0000000089d00000, 0x0000000089d00000, 0x0000000089e00000|  0%| F|  |TAMS 0x0000000089d00000, 0x0000000089d00000| Untracked 
| 158|0x0000000089e00000, 0x0000000089e00000, 0x0000000089f00000|  0%| F|  |TAMS 0x0000000089e00000, 0x0000000089e00000| Untracked 
| 159|0x0000000089f00000, 0x0000000089f00000, 0x000000008a000000|  0%| F|  |TAMS 0x0000000089f00000, 0x0000000089f00000| Untracked 
| 160|0x000000008a000000, 0x000000008a000000, 0x000000008a100000|  0%| F|  |TAMS 0x000000008a000000, 0x000000008a000000| Untracked 
| 161|0x000000008a100000, 0x000000008a100000, 0x000000008a200000|  0%| F|  |TAMS 0x000000008a100000, 0x000000008a100000| Untracked 
| 162|0x000000008a200000, 0x000000008a200000, 0x000000008a300000|  0%| F|  |TAMS 0x000000008a200000, 0x000000008a200000| Untracked 
| 163|0x000000008a300000, 0x000000008a340ad0, 0x000000008a400000| 25%| S|CS|TAMS 0x000000008a300000, 0x000000008a300000| Complete 
| 164|0x000000008a400000, 0x000000008a500000, 0x000000008a500000|100%| S|CS|TAMS 0x000000008a400000, 0x000000008a400000| Complete 
| 165|0x000000008a500000, 0x000000008a600000, 0x000000008a600000|100%| S|CS|TAMS 0x000000008a500000, 0x000000008a500000| Complete 
| 166|0x000000008a600000, 0x000000008a600000, 0x000000008a700000|  0%| F|  |TAMS 0x000000008a600000, 0x000000008a600000| Untracked 
| 167|0x000000008a700000, 0x000000008a700000, 0x000000008a800000|  0%| F|  |TAMS 0x000000008a700000, 0x000000008a700000| Untracked 
| 168|0x000000008a800000, 0x000000008a800000, 0x000000008a900000|  0%| F|  |TAMS 0x000000008a800000, 0x000000008a800000| Untracked 
| 169|0x000000008a900000, 0x000000008a900000, 0x000000008aa00000|  0%| F|  |TAMS 0x000000008a900000, 0x000000008a900000| Untracked 
| 170|0x000000008aa00000, 0x000000008aa00000, 0x000000008ab00000|  0%| F|  |TAMS 0x000000008aa00000, 0x000000008aa00000| Untracked 
| 171|0x000000008ab00000, 0x000000008ab00000, 0x000000008ac00000|  0%| F|  |TAMS 0x000000008ab00000, 0x000000008ab00000| Untracked 
| 172|0x000000008ac00000, 0x000000008ac00000, 0x000000008ad00000|  0%| F|  |TAMS 0x000000008ac00000, 0x000000008ac00000| Untracked 
| 173|0x000000008ad00000, 0x000000008ad00000, 0x000000008ae00000|  0%| F|  |TAMS 0x000000008ad00000, 0x000000008ad00000| Untracked 
| 174|0x000000008ae00000, 0x000000008ae00000, 0x000000008af00000|  0%| F|  |TAMS 0x000000008ae00000, 0x000000008ae00000| Untracked 
| 175|0x000000008af00000, 0x000000008af00000, 0x000000008b000000|  0%| F|  |TAMS 0x000000008af00000, 0x000000008af00000| Untracked 
| 176|0x000000008b000000, 0x000000008b000000, 0x000000008b100000|  0%| F|  |TAMS 0x000000008b000000, 0x000000008b000000| Untracked 
| 177|0x000000008b100000, 0x000000008b100000, 0x000000008b200000|  0%| F|  |TAMS 0x000000008b100000, 0x000000008b100000| Untracked 
| 178|0x000000008b200000, 0x000000008b200000, 0x000000008b300000|  0%| F|  |TAMS 0x000000008b200000, 0x000000008b200000| Untracked 
| 179|0x000000008b300000, 0x000000008b300000, 0x000000008b400000|  0%| F|  |TAMS 0x000000008b300000, 0x000000008b300000| Untracked 
| 180|0x000000008b400000, 0x000000008b400000, 0x000000008b500000|  0%| F|  |TAMS 0x000000008b400000, 0x000000008b400000| Untracked 
| 181|0x000000008b500000, 0x000000008b500000, 0x000000008b600000|  0%| F|  |TAMS 0x000000008b500000, 0x000000008b500000| Untracked 
| 182|0x000000008b600000, 0x000000008b600000, 0x000000008b700000|  0%| F|  |TAMS 0x000000008b600000, 0x000000008b600000| Untracked 

Card table byte_map: [0x0000027998a60000,0x0000027998e60000] _byte_map_base: 0x0000027998660000

Marking Bits (Prev, Next): (CMBitMap*) 0x00000279ff9c9e48, (CMBitMap*) 0x00000279ff9c9e80
 Prev Bits: [0x0000027999260000, 0x000002799b260000)
 Next Bits: [0x000002799b260000, 0x000002799d260000)

Polling page: 0x00000279ff100000

Metaspace:

Usage:
  Non-class:    107.67 MB capacity,   105.76 MB ( 98%) used,     1.58 MB (  1%) free+waste,   335.00 KB ( <1%) overhead. 
      Class:     15.98 MB capacity,    14.90 MB ( 93%) used,   955.06 KB (  6%) free+waste,   150.81 KB ( <1%) overhead. 
       Both:    123.65 MB capacity,   120.66 MB ( 98%) used,     2.52 MB (  2%) free+waste,   485.81 KB ( <1%) overhead. 

Virtual space:
  Non-class space:      110.00 MB reserved,     108.25 MB ( 98%) committed 
      Class space:        1.00 GB reserved,      16.38 MB (  2%) committed 
             Both:        1.11 GB reserved,     124.62 MB ( 11%) committed 

Chunk freelists:
   Non-Class:  464.00 KB
       Class:  304.00 KB
        Both:  768.00 KB

MaxMetaspaceSize: 17179869184.00 GB
CompressedClassSpaceSize: 1.00 GB
Initial GC threshold: 20.80 MB
Current GC threshold: 206.25 MB
CDS: off

CodeHeap 'non-profiled nmethods': size=120064Kb used=8623Kb max_used=8623Kb free=111441Kb
 bounds [0x0000027991520000, 0x0000027991d90000, 0x0000027998a60000]
CodeHeap 'profiled nmethods': size=120000Kb used=36814Kb max_used=36814Kb free=83185Kb
 bounds [0x0000027989ff0000, 0x000002798c3f0000, 0x0000027991520000]
CodeHeap 'non-nmethods': size=5696Kb used=2467Kb max_used=2482Kb free=3228Kb
 bounds [0x0000027989a60000, 0x0000027989ce0000, 0x0000027989ff0000]
 total_blobs=17241 nmethods=16259 adapters=890
 compilation: enabled
              stopped_count=0, restarted_count=0
 full_count=0

Compilation events (20 events):
Event: 258.729 Thread 0x000002799ff08000 nmethod 16641 0x000002798c3df790 code [0x000002798c3df940, 0x000002798c3dfa68]
Event: 258.729 Thread 0x000002799ff08000 16639       2       com.android.tools.r8.s.b.U0::S (19 bytes)
Event: 258.729 Thread 0x000002799ff08000 nmethod 16639 0x000002798c3dfb10 code [0x000002798c3dfcc0, 0x000002798c3dfdb8]
Event: 258.729 Thread 0x000002799ff08000 16640       2       com.android.tools.r8.q.a.a.b.J$a::size (8 bytes)
Event: 258.730 Thread 0x000002799ff08000 nmethod 16640 0x000002798c3dfe90 code [0x000002798c3e0040, 0x000002798c3e0138]
Event: 258.731 Thread 0x000002799ff08000 16642       2       com.android.tools.r8.graph.K::a (334 bytes)
Event: 258.732 Thread 0x000002799ff08000 nmethod 16642 0x000002798c3e0210 code [0x000002798c3e04c0, 0x000002798c3e1158]
Event: 258.732 Thread 0x000002799ff08000 16643       2       com.android.tools.r8.references.Reference::typeFromDescriptor (33 bytes)
Event: 258.733 Thread 0x000002799ff08000 nmethod 16643 0x000002798c3e1890 code [0x000002798c3e1ac0, 0x000002798c3e20a8]
Event: 258.734 Thread 0x000002799ff08000 16644       2       com.android.tools.r8.utils.k0::a (41 bytes)
Event: 258.734 Thread 0x000002799ff08000 nmethod 16644 0x000002798c3e2410 code [0x000002798c3e25c0, 0x000002798c3e26d8]
Event: 258.734 Thread 0x000002799ff08000 16645       1       com.android.tools.r8.p.n.w::g (5 bytes)
Event: 258.734 Thread 0x000002799ff08000 nmethod 16645 0x0000027991d8b910 code [0x0000027991d8bac0, 0x0000027991d8bb78]
Event: 258.735 Thread 0x000002799ff08000 16646       2       java.util.HashMap$EntrySpliterator::characteristics (30 bytes)
Event: 258.735 Thread 0x000002799ff08000 nmethod 16646 0x000002798c3e2790 code [0x000002798c3e2940, 0x000002798c3e2a78]
Event: 258.736 Thread 0x000002799ff08000 16647       2       com.android.tools.r8.s.b.q1::b0 (8 bytes)
Event: 258.736 Thread 0x000002799ff08000 nmethod 16647 0x000002798c3e2b10 code [0x000002798c3e2cc0, 0x000002798c3e2dc8]
Event: 258.736 Thread 0x000002799ff08000 16648       2       com.android.tools.r8.s.b.s1::a (82 bytes)
Event: 258.737 Thread 0x000002799ff08000 nmethod 16648 0x000002798c3e2e90 code [0x000002798c3e3100, 0x000002798c3e3698]
Event: 258.737 Thread 0x000002799ff08000 16649       2       com.android.tools.r8.ir.conversion.C::a (30 bytes)

GC Heap History (20 events):
Event: 255.756 GC heap after
{Heap after GC invocations=59 (full 0):
 garbage-first heap   total 187392K, used 129531K [0x0000000080000000, 0x0000000100000000)
  region size 1024K, 3 young (3072K), 3 survivors (3072K)
 Metaspace       used 117289K, capacity 120140K, committed 120188K, reserved 1155072K
  class space    used 14479K, capacity 15484K, committed 15488K, reserved 1048576K
}
Event: 256.336 GC heap before
{Heap before GC invocations=59 (full 0):
 garbage-first heap   total 187392K, used 154107K [0x0000000080000000, 0x0000000100000000)
  region size 1024K, 28 young (28672K), 3 survivors (3072K)
 Metaspace       used 121916K, capacity 125113K, committed 125308K, reserved 1159168K
  class space    used 15248K, capacity 16447K, committed 16512K, reserved 1048576K
}
Event: 256.346 GC heap after
{Heap after GC invocations=60 (full 0):
 garbage-first heap   total 187392K, used 131071K [0x0000000080000000, 0x0000000100000000)
  region size 1024K, 2 young (2048K), 2 survivors (2048K)
 Metaspace       used 121916K, capacity 125113K, committed 125308K, reserved 1159168K
  class space    used 15248K, capacity 16447K, committed 16512K, reserved 1048576K
}
Event: 256.681 GC heap before
{Heap before GC invocations=60 (full 0):
 garbage-first heap   total 187392K, used 154623K [0x0000000080000000, 0x0000000100000000)
  region size 1024K, 26 young (26624K), 2 survivors (2048K)
 Metaspace       used 122682K, capacity 125970K, committed 126204K, reserved 1159168K
  class space    used 15327K, capacity 16535K, committed 16640K, reserved 1048576K
}
Event: 256.691 GC heap after
{Heap after GC invocations=61 (full 0):
 garbage-first heap   total 187392K, used 136525K [0x0000000080000000, 0x0000000100000000)
  region size 1024K, 4 young (4096K), 4 survivors (4096K)
 Metaspace       used 122682K, capacity 125970K, committed 126204K, reserved 1159168K
  class space    used 15327K, capacity 16535K, committed 16640K, reserved 1048576K
}
Event: 257.224 GC heap before
{Heap before GC invocations=61 (full 0):
 garbage-first heap   total 187392K, used 155981K [0x0000000080000000, 0x0000000100000000)
  region size 1024K, 25 young (25600K), 4 survivors (4096K)
 Metaspace       used 122984K, capacity 126291K, committed 126460K, reserved 1159168K
  class space    used 15343K, capacity 16573K, committed 16640K, reserved 1048576K
}
Event: 257.233 GC heap after
{Heap after GC invocations=62 (full 0):
 garbage-first heap   total 187392K, used 140206K [0x0000000080000000, 0x0000000100000000)
  region size 1024K, 3 young (3072K), 3 survivors (3072K)
 Metaspace       used 122984K, capacity 126291K, committed 126460K, reserved 1159168K
  class space    used 15343K, capacity 16573K, committed 16640K, reserved 1048576K
}
Event: 257.374 GC heap before
{Heap before GC invocations=62 (full 0):
 garbage-first heap   total 187392K, used 156590K [0x0000000080000000, 0x0000000100000000)
  region size 1024K, 20 young (20480K), 3 survivors (3072K)
 Metaspace       used 123035K, capacity 126358K, committed 126460K, reserved 1159168K
  class space    used 15343K, capacity 16573K, committed 16640K, reserved 1048576K
}
Event: 257.387 GC heap after
{Heap after GC invocations=63 (full 0):
 garbage-first heap   total 187392K, used 142866K [0x0000000080000000, 0x0000000100000000)
  region size 1024K, 3 young (3072K), 3 survivors (3072K)
 Metaspace       used 123035K, capacity 126358K, committed 126460K, reserved 1159168K
  class space    used 15343K, capacity 16573K, committed 16640K, reserved 1048576K
}
Event: 257.650 GC heap before
{Heap before GC invocations=63 (full 0):
 garbage-first heap   total 187392K, used 158226K [0x0000000080000000, 0x0000000100000000)
  region size 1024K, 18 young (18432K), 3 survivors (3072K)
 Metaspace       used 123186K, capacity 126494K, committed 126716K, reserved 1159168K
  class space    used 15349K, capacity 16575K, committed 16640K, reserved 1048576K
}
Event: 257.664 GC heap after
{Heap after GC invocations=64 (full 0):
 garbage-first heap   total 187392K, used 146432K [0x0000000080000000, 0x0000000100000000)
  region size 1024K, 3 young (3072K), 3 survivors (3072K)
 Metaspace       used 123186K, capacity 126494K, committed 126716K, reserved 1159168K
  class space    used 15349K, capacity 16575K, committed 16640K, reserved 1048576K
}
Event: 257.881 GC heap before
{Heap before GC invocations=64 (full 0):
 garbage-first heap   total 187392K, used 151552K [0x0000000080000000, 0x0000000100000000)
  region size 1024K, 16 young (16384K), 3 survivors (3072K)
 Metaspace       used 122918K, capacity 125887K, committed 126716K, reserved 1159168K
  class space    used 15207K, capacity 16301K, committed 16640K, reserved 1048576K
}
Event: 257.891 GC heap after
{Heap after GC invocations=65 (full 0):
 garbage-first heap   total 187392K, used 140038K [0x0000000080000000, 0x0000000100000000)
  region size 1024K, 2 young (2048K), 2 survivors (2048K)
 Metaspace       used 122918K, capacity 125887K, committed 126716K, reserved 1159168K
  class space    used 15207K, capacity 16301K, committed 16640K, reserved 1048576K
}
Event: 258.192 GC heap before
{Heap before GC invocations=66 (full 0):
 garbage-first heap   total 187392K, used 156422K [0x0000000080000000, 0x0000000100000000)
  region size 1024K, 18 young (18432K), 2 survivors (2048K)
 Metaspace       used 123082K, capacity 126152K, committed 126972K, reserved 1159168K
  class space    used 15207K, capacity 16301K, committed 16640K, reserved 1048576K
}
Event: 258.205 GC heap after
{Heap after GC invocations=67 (full 0):
 garbage-first heap   total 187392K, used 142818K [0x0000000080000000, 0x0000000100000000)
  region size 1024K, 3 young (3072K), 3 survivors (3072K)
 Metaspace       used 123082K, capacity 126152K, committed 126972K, reserved 1159168K
  class space    used 15207K, capacity 16301K, committed 16640K, reserved 1048576K
}
Event: 258.337 GC heap before
{Heap before GC invocations=67 (full 0):
 garbage-first heap   total 187392K, used 147938K [0x0000000080000000, 0x0000000100000000)
  region size 1024K, 9 young (9216K), 3 survivors (3072K)
 Metaspace       used 123159K, capacity 126250K, committed 127228K, reserved 1159168K
  class space    used 15212K, capacity 16333K, committed 16640K, reserved 1048576K
}
Event: 258.371 GC heap after
{Heap after GC invocations=68 (full 0):
 garbage-first heap   total 187392K, used 134741K [0x0000000080000000, 0x0000000100000000)
  region size 1024K, 2 young (2048K), 2 survivors (2048K)
 Metaspace       used 123159K, capacity 126250K, committed 127228K, reserved 1159168K
  class space    used 15212K, capacity 16333K, committed 16640K, reserved 1048576K
}
Event: 258.533 GC heap before
{Heap before GC invocations=68 (full 0):
 garbage-first heap   total 187392K, used 153173K [0x0000000080000000, 0x0000000100000000)
  region size 1024K, 20 young (20480K), 2 survivors (2048K)
 Metaspace       used 123339K, capacity 126391K, committed 127228K, reserved 1159168K
  class space    used 15234K, capacity 16335K, committed 16640K, reserved 1048576K
}
Event: 258.547 GC heap after
{Heap after GC invocations=69 (full 0):
 garbage-first heap   total 187392K, used 138063K [0x0000000080000000, 0x0000000100000000)
  region size 1024K, 3 young (3072K), 3 survivors (3072K)
 Metaspace       used 123339K, capacity 126391K, committed 127228K, reserved 1159168K
  class space    used 15234K, capacity 16335K, committed 16640K, reserved 1048576K
}
Event: 258.738 GC heap before
{Heap before GC invocations=69 (full 0):
 garbage-first heap   total 187392K, used 155471K [0x0000000080000000, 0x0000000100000000)
  region size 1024K, 20 young (20480K), 3 survivors (3072K)
 Metaspace       used 123557K, capacity 126620K, committed 127612K, reserved 1161216K
  class space    used 15262K, capacity 16368K, committed 16768K, reserved 1048576K
}

Deoptimization events (20 events):
Event: 258.735 Thread 0x00000279a2a0a800 Uncommon trap: trap_request=0xffffffc6 fr.pc=0x0000027991d59d68 relative=0x00000000000000a8
Event: 258.735 Thread 0x00000279a2a0a800 Uncommon trap: reason=bimorphic_or_optimized_type_check action=maybe_recompile pc=0x0000027991d59d68 method=com.android.tools.r8.s.b.s1.a(Lcom/android/tools/r8/s/a/p/u;)Lcom/android/tools/r8/s/b/s1; @ 12 c2
Event: 258.735 Thread 0x00000279a2a0a800 DEOPT PACKING pc=0x0000027991d59d68 sp=0x000000f4982f9a90
Event: 258.735 Thread 0x00000279a2a0a800 DEOPT UNPACKING pc=0x0000027989aaa1af sp=0x000000f4982f99c8 mode 2
Event: 258.735 Thread 0x00000279a2a0a800 Uncommon trap: trap_request=0xffffffc6 fr.pc=0x0000027991d59d68 relative=0x00000000000000a8
Event: 258.735 Thread 0x00000279a2a0a800 Uncommon trap: reason=bimorphic_or_optimized_type_check action=maybe_recompile pc=0x0000027991d59d68 method=com.android.tools.r8.s.b.s1.a(Lcom/android/tools/r8/s/a/p/u;)Lcom/android/tools/r8/s/b/s1; @ 12 c2
Event: 258.735 Thread 0x00000279a2a0a800 DEOPT PACKING pc=0x0000027991d59d68 sp=0x000000f4982f9b20
Event: 258.735 Thread 0x00000279a2a0a800 DEOPT UNPACKING pc=0x0000027989aaa1af sp=0x000000f4982f9a58 mode 2
Event: 258.736 Thread 0x00000279a2a0a800 Uncommon trap: trap_request=0xffffffc6 fr.pc=0x0000027991d59d68 relative=0x00000000000000a8
Event: 258.736 Thread 0x00000279a2a0a800 Uncommon trap: reason=bimorphic_or_optimized_type_check action=maybe_recompile pc=0x0000027991d59d68 method=com.android.tools.r8.s.b.s1.a(Lcom/android/tools/r8/s/a/p/u;)Lcom/android/tools/r8/s/b/s1; @ 12 c2
Event: 258.736 Thread 0x00000279a2a0a800 DEOPT PACKING pc=0x0000027991d59d68 sp=0x000000f4982f9c30
Event: 258.736 Thread 0x00000279a2a0a800 DEOPT UNPACKING pc=0x0000027989aaa1af sp=0x000000f4982f9b68 mode 2
Event: 258.736 Thread 0x00000279a2a0a800 Uncommon trap: trap_request=0xffffffc6 fr.pc=0x0000027991d59d68 relative=0x00000000000000a8
Event: 258.736 Thread 0x00000279a2a0a800 Uncommon trap: reason=bimorphic_or_optimized_type_check action=maybe_recompile pc=0x0000027991d59d68 method=com.android.tools.r8.s.b.s1.a(Lcom/android/tools/r8/s/a/p/u;)Lcom/android/tools/r8/s/b/s1; @ 12 c2
Event: 258.736 Thread 0x00000279a2a0a800 DEOPT PACKING pc=0x0000027991d59d68 sp=0x000000f4982f9c30
Event: 258.736 Thread 0x00000279a2a0a800 DEOPT UNPACKING pc=0x0000027989aaa1af sp=0x000000f4982f9b68 mode 2
Event: 258.736 Thread 0x00000279a2a0a800 Uncommon trap: trap_request=0xffffffc6 fr.pc=0x0000027991d5c0c4 relative=0x0000000000000084
Event: 258.736 Thread 0x00000279a2a0a800 Uncommon trap: reason=bimorphic_or_optimized_type_check action=maybe_recompile pc=0x0000027991d5c0c4 method=com.android.tools.r8.s.b.s1.a(Lcom/android/tools/r8/s/a/p/u;)Lcom/android/tools/r8/s/b/s1; @ 12 c2
Event: 258.736 Thread 0x00000279a2a0a800 DEOPT PACKING pc=0x0000027991d5c0c4 sp=0x000000f4982f9bc0
Event: 258.736 Thread 0x00000279a2a0a800 DEOPT UNPACKING pc=0x0000027989aaa1af sp=0x000000f4982f9b60 mode 2

Classes redefined (0 events):
No events

Internal exceptions (20 events):
Event: 255.818 Thread 0x00000279a2a11800 Exception <a 'java/lang/NoSuchMethodError'{0x000000008b449488}: 'void java.lang.invoke.DirectMethodHandle$Holder.invokeSpecial(java.lang.Object, java.lang.Object, int, java.lang.Object)'> (0x000000008b449488) thrown at [./src/hotspot/share/interpreter/linkResolver.cpp, line 773]
Event: 255.936 Thread 0x00000279a2a0a800 Exception <a 'java/lang/NoSuchMethodError'{0x000000008b0437e8}: 'java.lang.Object java.lang.invoke.DirectMethodHandle$Holder.invokeVirtual(java.lang.Object, java.lang.Object, int, java.lang.Object)'> (0x000000008b0437e8) thrown at [./src/hotspot/share/interpreter/linkResolver.cpp, line 773]
Event: 255.936 Thread 0x00000279a2a10000 Exception <a 'java/lang/NoSuchMethodError'{0x000000008b02c260}: 'java.lang.Object java.lang.invoke.DirectMethodHandle$Holder.invokeVirtual(java.lang.Object, java.lang.Object, int, java.lang.Object)'> (0x000000008b02c260) thrown at [./src/hotspot/share/interpreter/linkResolver.cpp, line 773]
Event: 255.936 Thread 0x00000279a2a11800 Exception <a 'java/lang/NoSuchMethodError'{0x000000008b04a3c8}: 'java.lang.Object java.lang.invoke.DirectMethodHandle$Holder.invokeVirtual(java.lang.Object, java.lang.Object, int, java.lang.Object)'> (0x000000008b04a3c8) thrown at [./src/hotspot/share/interpreter/linkResolver.cpp, line 773]
Event: 255.936 Thread 0x00000279a2a11000 Exception <a 'java/lang/NoSuchMethodError'{0x000000008b0129b8}: 'java.lang.Object java.lang.invoke.DirectMethodHandle$Holder.invokeVirtual(java.lang.Object, java.lang.Object, int, java.lang.Object)'> (0x000000008b0129b8) thrown at [./src/hotspot/share/interpreter/linkResolver.cpp, line 773]
Event: 255.968 Thread 0x00000279a2a0a800 Exception <a 'java/lang/NoSuchMethodError'{0x000000008afd97f8}: 'void java.lang.invoke.DirectMethodHandle$Holder.invokeVirtual(java.lang.Object, java.lang.Object, int, java.lang.Object)'> (0x000000008afd97f8) thrown at [./src/hotspot/share/interpreter/linkResolver.cpp, line 773]
Event: 256.058 Thread 0x00000279a2a0a800 Exception <a 'java/lang/NoSuchMethodError'{0x000000008abdc810}: 'java.lang.Object java.lang.invoke.DirectMethodHandle$Holder.newInvokeSpecial(java.lang.Object, int)'> (0x000000008abdc810) thrown at [./src/hotspot/share/interpreter/linkResolver.cpp, line 773]
Event: 256.313 Thread 0x00000279a2a11800 Exception <a 'java/lang/NoSuchMethodError'{0x0000000089e10dc0}: 'void java.lang.invoke.DirectMethodHandle$Holder.invokeVirtual(java.lang.Object, java.lang.Object, int)'> (0x0000000089e10dc0) thrown at [./src/hotspot/share/interpreter/linkResolver.cpp, line 773]
Event: 256.347 Thread 0x00000279a2a0a800 Exception <a 'java/lang/NoSuchMethodError'{0x000000008b618b30}: 'void java.lang.invoke.DirectMethodHandle$Holder.invokeVirtual(java.lang.Object, java.lang.Object, int)'> (0x000000008b618b30) thrown at [./src/hotspot/share/interpreter/linkResolver.cpp, line 773]
Event: 256.413 Thread 0x00000279a2a0a800 Exception <a 'sun/nio/fs/WindowsException'{0x000000008b544038}> (0x000000008b544038) thrown at [./src/hotspot/share/prims/jni.cpp, line 616]
Event: 256.413 Thread 0x00000279a2a11800 Exception <a 'sun/nio/fs/WindowsException'{0x000000008b52e928}> (0x000000008b52e928) thrown at [./src/hotspot/share/prims/jni.cpp, line 616]
Event: 256.429 Thread 0x00000279a2a10000 Exception <a 'sun/nio/fs/WindowsException'{0x000000008b371f80}> (0x000000008b371f80) thrown at [./src/hotspot/share/prims/jni.cpp, line 616]
Event: 256.539 Thread 0x00000279a2a11000 Exception <a 'java/lang/NoSuchMethodError'{0x000000008b0ccad0}: 'void java.lang.invoke.DirectMethodHandle$Holder.invokeStaticInit(java.lang.Object, java.lang.Object, java.lang.Object)'> (0x000000008b0ccad0) thrown at [./src/hotspot/share/interpreter/linkResolver.cpp, line 773]
Event: 256.587 Thread 0x00000279a2a0a800 Exception <a 'sun/nio/fs/WindowsException'{0x000000008ab818a0}> (0x000000008ab818a0) thrown at [./src/hotspot/share/prims/jni.cpp, line 616]
Event: 256.616 Thread 0x00000279a2a11000 Exception <a 'sun/nio/fs/WindowsException'{0x000000008a976ee0}> (0x000000008a976ee0) thrown at [./src/hotspot/share/prims/jni.cpp, line 616]
Event: 256.675 Thread 0x00000279a2a10000 Exception <a 'sun/nio/fs/WindowsException'{0x000000008a0c8728}> (0x000000008a0c8728) thrown at [./src/hotspot/share/prims/jni.cpp, line 616]
Event: 257.247 Thread 0x00000279a2a11800 Exception <a 'sun/nio/fs/WindowsException'{0x000000008b337340}> (0x000000008b337340) thrown at [./src/hotspot/share/prims/jni.cpp, line 616]
Event: 257.580 Thread 0x00000279a2a11000 Exception <a 'sun/nio/fs/WindowsException'{0x000000008ad9ed30}> (0x000000008ad9ed30) thrown at [./src/hotspot/share/prims/jni.cpp, line 616]
Event: 257.668 Thread 0x00000279a2a10000 Exception <a 'java/lang/NoSuchMethodError'{0x000000008b6407b8}: 'java.lang.Object java.lang.invoke.DirectMethodHandle$Holder.invokeInterface(java.lang.Object, java.lang.Object, int)'> (0x000000008b6407b8) thrown at [./src/hotspot/share/interpreter/linkResolver.cpp, line 773]
Event: 258.327 Thread 0x00000279a2a10000 Exception <a 'sun/nio/fs/WindowsException'{0x000000008b399a88}> (0x000000008b399a88) thrown at [./src/hotspot/share/prims/jni.cpp, line 616]

Events (20 events):
Event: 258.704 loading class com/android/tools/r8/code/t2 done
Event: 258.704 loading class com/android/tools/r8/code/v2
Event: 258.704 loading class com/android/tools/r8/code/v2 done
Event: 258.705 loading class com/android/tools/r8/code/q2
Event: 258.705 loading class com/android/tools/r8/code/q2 done
Event: 258.706 loading class com/android/tools/r8/code/x2
Event: 258.706 loading class com/android/tools/r8/code/x2 done
Event: 258.706 loading class com/android/tools/r8/code/w2
Event: 258.706 loading class com/android/tools/r8/code/w2 done
Event: 258.709 loading class com/android/tools/r8/code/N
Event: 258.709 loading class com/android/tools/r8/code/N done
Event: 258.710 loading class com/android/tools/r8/code/P
Event: 258.710 loading class com/android/tools/r8/code/P done
Event: 258.710 loading class com/android/tools/r8/code/S
Event: 258.710 loading class com/android/tools/r8/code/S done
Event: 258.711 loading class com/android/tools/r8/code/O
Event: 258.711 loading class com/android/tools/r8/code/O done
Event: 258.711 loading class com/android/tools/r8/code/Q
Event: 258.711 loading class com/android/tools/r8/code/Q done
Event: 258.737 Executing VM operation: G1CollectForAllocation


Dynamic libraries:
0x00007ff6efeb0000 - 0x00007ff6efebd000 	C:\Users\Alexandr\.jdks\corretto-11.0.13\bin\java.exe
0x00007ffe8e550000 - 0x00007ffe8e745000 	C:\WINDOWS\SYSTEM32\ntdll.dll
0x00007ffe8cca0000 - 0x00007ffe8cd5e000 	C:\WINDOWS\System32\KERNEL32.DLL
0x00007ffe8b8f0000 - 0x00007ffe8bbb8000 	C:\WINDOWS\System32\KERNELBASE.dll
0x00007ffe8b4f0000 - 0x00007ffe8b5f0000 	C:\WINDOWS\System32\ucrtbase.dll
0x00007ffe6bf90000 - 0x00007ffe6bfa7000 	C:\Users\Alexandr\.jdks\corretto-11.0.13\bin\jli.dll
0x00007ffe6bea0000 - 0x00007ffe6beb9000 	C:\Users\Alexandr\.jdks\corretto-11.0.13\bin\VCRUNTIME140.dll
0x00007ffe8d160000 - 0x00007ffe8d301000 	C:\WINDOWS\System32\USER32.dll
0x00007ffe7c300000 - 0x00007ffe7c59a000 	C:\WINDOWS\WinSxS\amd64_microsoft.windows.common-controls_6595b64144ccf1df_6.0.19041.1110_none_60b5254171f9507e\COMCTL32.dll
0x00007ffe8b8c0000 - 0x00007ffe8b8e2000 	C:\WINDOWS\System32\win32u.dll
0x00007ffe8cde0000 - 0x00007ffe8ce7e000 	C:\WINDOWS\System32\msvcrt.dll
0x00007ffe8d5f0000 - 0x00007ffe8d61b000 	C:\WINDOWS\System32\GDI32.dll
0x00007ffe8b7b0000 - 0x00007ffe8b8bd000 	C:\WINDOWS\System32\gdi32full.dll
0x00007ffe8b680000 - 0x00007ffe8b71d000 	C:\WINDOWS\System32\msvcp_win.dll
0x00007ffe8d310000 - 0x00007ffe8d340000 	C:\WINDOWS\System32\IMM32.DLL
0x00007ffe8ac90000 - 0x00007ffe8acc6000 	C:\WINDOWS\system32\DriverStore\FileRepository\nvam.inf_amd64_6319fc811e174a2b\nvinitx.dll
0x00007ffe8e070000 - 0x00007ffe8e11e000 	C:\WINDOWS\System32\ADVAPI32.dll
0x00007ffe8d0c0000 - 0x00007ffe8d15c000 	C:\WINDOWS\System32\sechost.dll
0x00007ffe8ac80000 - 0x00007ffe8ac8a000 	C:\WINDOWS\SYSTEM32\VERSION.dll
0x00007ffe8cf90000 - 0x00007ffe8d0b5000 	C:\WINDOWS\System32\RPCRT4.dll
0x00007ffe8bbc0000 - 0x00007ffe8c304000 	C:\WINDOWS\System32\Shell32.dll
0x00007ffe89ec0000 - 0x00007ffe8a655000 	C:\WINDOWS\SYSTEM32\windows.storage.dll
0x00007ffe8dcb0000 - 0x00007ffe8e005000 	C:\WINDOWS\System32\combase.dll
0x00007ffe8abe0000 - 0x00007ffe8ac0e000 	C:\WINDOWS\SYSTEM32\Wldp.dll
0x00007ffe8c4d0000 - 0x00007ffe8c57d000 	C:\WINDOWS\System32\SHCORE.dll
0x00007ffe8e010000 - 0x00007ffe8e065000 	C:\WINDOWS\System32\shlwapi.dll
0x000000006c0b0000 - 0x000000006c0b6000 	C:\Program Files\NVIDIA Corporation\CoProcManager\_etoured.dll
0x00007ffe80410000 - 0x00007ffe80453000 	C:\Program Files\NVIDIA Corporation\CoProcManager\nvd3d9wrapx.dll
0x00007ffe8d740000 - 0x00007ffe8dbb2000 	C:\WINDOWS\System32\SETUPAPI.dll
0x00007ffe8b5f0000 - 0x00007ffe8b63e000 	C:\WINDOWS\System32\cfgmgr32.dll
0x00007ffe8b650000 - 0x00007ffe8b677000 	C:\WINDOWS\System32\bcrypt.dll
0x00007ffe80360000 - 0x00007ffe8038d000 	C:\Program Files\NVIDIA Corporation\CoProcManager\nvdxgiwrapx.dll
0x00007ffe4a730000 - 0x00007ffe4a7cb000 	C:\Users\Alexandr\.jdks\corretto-11.0.13\bin\msvcp140.dll
0x00007ffe30210000 - 0x00007ffe30d8f000 	C:\Users\Alexandr\.jdks\corretto-11.0.13\bin\server\jvm.dll
0x00007ffe8cd60000 - 0x00007ffe8cd68000 	C:\WINDOWS\System32\PSAPI.DLL
0x00007ffe7dbc0000 - 0x00007ffe7dbe7000 	C:\WINDOWS\SYSTEM32\WINMM.dll
0x00007ffe794d0000 - 0x00007ffe794d9000 	C:\WINDOWS\SYSTEM32\WSOCK32.dll
0x00007ffe8cd70000 - 0x00007ffe8cddb000 	C:\WINDOWS\System32\WS2_32.dll
0x00007ffe88db0000 - 0x00007ffe88dc2000 	C:\WINDOWS\SYSTEM32\kernel.appcore.dll
0x00007ffe86ba0000 - 0x00007ffe86bb0000 	C:\Users\Alexandr\.jdks\corretto-11.0.13\bin\verify.dll
0x00007ffe701d0000 - 0x00007ffe703b4000 	C:\WINDOWS\SYSTEM32\DBGHELP.DLL
0x00007ffe701a0000 - 0x00007ffe701cc000 	C:\WINDOWS\SYSTEM32\dbgcore.DLL
0x00000279fecd0000 - 0x00000279fed52000 	C:\WINDOWS\System32\bcryptPrimitives.dll
0x00007ffe690d0000 - 0x00007ffe690f8000 	C:\Users\Alexandr\.jdks\corretto-11.0.13\bin\java.dll
0x00007ffe7b440000 - 0x00007ffe7b44a000 	C:\Users\Alexandr\.jdks\corretto-11.0.13\bin\jimage.dll
0x00007ffe696b0000 - 0x00007ffe696c7000 	C:\Users\Alexandr\.jdks\corretto-11.0.13\bin\zip.dll
0x00007ffe8b190000 - 0x00007ffe8b1af000 	C:\WINDOWS\SYSTEM32\profapi.dll
0x00007ffe67d70000 - 0x00007ffe67d89000 	C:\Users\Alexandr\.jdks\corretto-11.0.13\bin\net.dll
0x00007ffe82980000 - 0x00007ffe82a8c000 	C:\WINDOWS\SYSTEM32\WINHTTP.dll
0x00007ffe89df0000 - 0x00007ffe89e5a000 	C:\WINDOWS\system32\mswsock.dll
0x00007ffe67b50000 - 0x00007ffe67b62000 	C:\Users\Alexandr\.jdks\corretto-11.0.13\bin\nio.dll
0x00007ffe6cfa0000 - 0x00007ffe6cfc7000 	C:\Users\Alexandr\.gradle\native\f6784746aeab05261644944871eae4fe03e0ef1612fff0a4a95f87b438bc6780\windows-amd64\native-platform.dll
0x00007ffe76930000 - 0x00007ffe76939000 	C:\Users\Alexandr\.jdks\corretto-11.0.13\bin\management.dll
0x00007ffe71050000 - 0x00007ffe7105b000 	C:\Users\Alexandr\.jdks\corretto-11.0.13\bin\management_ext.dll
0x00007ffe8aad0000 - 0x00007ffe8aae8000 	C:\WINDOWS\SYSTEM32\CRYPTSP.dll
0x000000006c350000 - 0x000000006c361000 	C:\Program Files\Common Files\Crypto Pro\AppCompat\cpadvai.dll
0x00007ffe89780000 - 0x00007ffe897b4000 	C:\WINDOWS\system32\rsaenh.dll
0x00007ffe8b150000 - 0x00007ffe8b17e000 	C:\WINDOWS\SYSTEM32\USERENV.dll
0x00007ffe8aaf0000 - 0x00007ffe8aafc000 	C:\WINDOWS\SYSTEM32\CRYPTBASE.dll
0x00007ffe89af0000 - 0x00007ffe89b2b000 	C:\WINDOWS\SYSTEM32\IPHLPAPI.DLL
0x00007ffe8dbc0000 - 0x00007ffe8dbc8000 	C:\WINDOWS\System32\NSI.dll
0x00007ffe82810000 - 0x00007ffe82827000 	C:\WINDOWS\SYSTEM32\dhcpcsvc6.DLL
0x00007ffe83790000 - 0x00007ffe837ad000 	C:\WINDOWS\SYSTEM32\dhcpcsvc.DLL
0x00007ffe89b30000 - 0x00007ffe89bfb000 	C:\WINDOWS\SYSTEM32\DNSAPI.dll
0x00007ffe84630000 - 0x00007ffe8463b000 	C:\WINDOWS\SYSTEM32\WINNSI.DLL
0x00007ffe67720000 - 0x00007ffe67745000 	C:\Users\Alexandr\.jdks\corretto-11.0.13\bin\sunec.dll
0x00007ffe7c2a0000 - 0x00007ffe7c2aa000 	C:\Windows\System32\rasadhlp.dll
0x00007ffe7c890000 - 0x00007ffe7c90f000 	C:\WINDOWS\System32\fwpuclnt.dll
0x00007ffe70f40000 - 0x00007ffe70f4e000 	C:\Users\Alexandr\.jdks\corretto-11.0.13\bin\sunmscapi.dll
0x00007ffe8b2b0000 - 0x00007ffe8b406000 	C:\WINDOWS\System32\CRYPT32.dll
0x00007ffe8ac50000 - 0x00007ffe8ac77000 	C:\WINDOWS\SYSTEM32\ncrypt.dll
0x000000006c380000 - 0x000000006c39f000 	C:\Program Files\Common Files\Crypto Pro\AppCompat\cpcrypt.dll
0x00007ffe8ac10000 - 0x00007ffe8ac4b000 	C:\WINDOWS\SYSTEM32\NTASN1.dll

dbghelp: loaded successfully - version: 4.0.5 - missing functions: none
symbol engine: initialized successfully - sym options: 0x614 - pdb path: .;C:\Users\Alexandr\.jdks\corretto-11.0.13\bin;C:\WINDOWS\SYSTEM32;C:\WINDOWS\WinSxS\amd64_microsoft.windows.common-controls_6595b64144ccf1df_6.0.19041.1110_none_60b5254171f9507e;C:\WINDOWS\system32\DriverStore\FileRepository\nvam.inf_amd64_6319fc811e174a2b;C:\Program Files\NVIDIA Corporation\CoProcManager;C:\Users\Alexandr\.jdks\corretto-11.0.13\bin\server;C:\Users\Alexandr\.gradle\native\f6784746aeab05261644944871eae4fe03e0ef1612fff0a4a95f87b438bc6780\windows-amd64;C:\Program Files\Common Files\Crypto Pro\AppCompat

VM Arguments:
jvm_args: --add-opens=java.base/java.util=ALL-UNNAMED --add-opens=java.base/java.lang=ALL-UNNAMED --add-opens=java.base/java.lang.invoke=ALL-UNNAMED --add-opens=java.prefs/java.util.prefs=ALL-UNNAMED -Xmx2048m -Dfile.encoding=UTF-8 -Duser.country=RU -Duser.language=ru -Duser.variant 
java_command: org.gradle.launcher.daemon.bootstrap.GradleDaemon 6.5
java_class_path (initial): C:\Users\Alexandr\.gradle\wrapper\dists\gradle-6.5-all\2oz4ud9k3tuxjg84bbf55q0tn\gradle-6.5\lib\gradle-launcher-6.5.jar
Launcher Type: SUN_STANDARD

[Global flags]
     intx CICompilerCount                          = 3                                         {product} {ergonomic}
     uint ConcGCThreads                            = 1                                         {product} {ergonomic}
     uint G1ConcRefinementThreads                  = 4                                         {product} {ergonomic}
   size_t G1HeapRegionSize                         = 1048576                                   {product} {ergonomic}
    uintx GCDrainStackTargetSize                   = 64                                        {product} {ergonomic}
   size_t InitialHeapSize                          = 132120576                                 {product} {ergonomic}
   size_t MarkStackSize                            = 4194304                                   {product} {ergonomic}
   size_t MaxHeapSize                              = 2147483648                                {product} {command line}
   size_t MaxNewSize                               = 1287651328                                {product} {ergonomic}
   size_t MinHeapDeltaBytes                        = 1048576                                   {product} {ergonomic}
    uintx NonNMethodCodeHeapSize                   = 5830732                                {pd product} {ergonomic}
    uintx NonProfiledCodeHeapSize                  = 122913754                              {pd product} {ergonomic}
    uintx ProfiledCodeHeapSize                     = 122913754                              {pd product} {ergonomic}
    uintx ReservedCodeCacheSize                    = 251658240                              {pd product} {ergonomic}
     bool SegmentedCodeCache                       = true                                      {product} {ergonomic}
     bool UseCompressedClassPointers               = true                                 {lp64_product} {ergonomic}
     bool UseCompressedOops                        = true                                 {lp64_product} {ergonomic}
     bool UseG1GC                                  = true                                      {product} {ergonomic}
     bool UseLargePagesIndividualAllocation        = false                                  {pd product} {ergonomic}

Logging:
Log output configuration:
 #0: stdout all=warning uptime,level,tags
 #1: stderr all=off uptime,level,tags

Environment Variables:
JAVA_HOME=C:\Program Files\Java\jdk1.8.0_281
PATH=C:\Program Files (x86)\Common Files\Oracle\Java\javapath;C:\Program Files\Common Files\Microsoft Shared\Windows Live;C:\Program Files (x86)\Common Files\Microsoft Shared\Windows Live;C:\WINDOWS\system32;C:\WINDOWS;C:\WINDOWS\System32\Wbem;C:\WINDOWS\System32\WindowsPowerShell\v1.0\;C:\Program Files (x86)\Windows Live\Shared;C:\Program Files\Intel\WiFi\bin\;C:\Program Files\Common Files\Intel\WirelessCommon\;C:\WINDOWS\System32\OpenSSH\;C:\Program Files (x86)\NVIDIA Corporation\PhysX\Common;C:\Program Files\Git\cmd;C:\Program Files\Java\jdk1.8.0_281\bin;C:\Users\Alexandr\AppData\Local\Microsoft\WindowsApps;
USERNAME=Alexandr
OS=Windows_NT
PROCESSOR_IDENTIFIER=Intel64 Family 6 Model 42 Stepping 7, GenuineIntel



---------------  S Y S T E M  ---------------

OS: Windows 10 , 64 bit Build 19041 (10.0.19041.1466)
OS uptime: 0 days 2:45 hours

CPU:total 4 (initial active 4) (2 cores per cpu, 2 threads per core) family 6 model 42 stepping 7 microcode 0x2f, cmov, cx8, fxsr, mmx, sse, sse2, sse3, ssse3, sse4.1, sse4.2, popcnt, avx, aes, clmul, ht, tsc, tscinvbit

Memory: 4k page, system-wide physical 7968M (67M free)
TotalPageFile size 13968M (AvailPageFile size 18M)
current process WorkingSet (physical memory assigned to process): 447M, peak: 447M
current process commit charge ("private bytes"): 562M, peak: 606M

vm_info: OpenJDK 64-Bit Server VM (11.0.13+8-LTS) for windows-amd64 JRE (11.0.13+8-LTS), built on Oct 13 2021 21:32:06 by "Administrator" with unknown MS VC++:1916

END.
